Started by user AbdelRahman
Running as SYSTEM
Building in workspace /var/jenkins_home/workspace/project-ecommerce-demo
The recommended git tool is: NONE
using credential adc0034c-31bb-462a-8767-25b4ff2fa96e
 > git rev-parse --resolve-git-dir /var/jenkins_home/workspace/project-ecommerce-demo/.git # timeout=10
Fetching changes from the remote Git repository
 > git config remote.origin.url https://github.com/magician20/ecommerce-devops.git # timeout=10
Fetching upstream changes from https://github.com/magician20/ecommerce-devops.git
 > git --version # timeout=10
 > git --version # 'git version 2.36.2'
using GIT_SSH to set credentials 
Verifying host key using known hosts file
You're using 'Known hosts file' strategy to verify ssh host keys, but your known_hosts file does not exist, please go to 'Manage Jenkins' -> 'Configure Global Security' -> 'Git Host Key Verification Configuration' and configure host key verification.
 > git fetch --tags --force --progress -- https://github.com/magician20/ecommerce-devops.git +refs/heads/*:refs/remotes/origin/* # timeout=10
 > git rev-parse refs/remotes/origin/master^{commit} # timeout=10
Checking out Revision a928643677b16e4da814d1fe90b840959f590c80 (refs/remotes/origin/master)
 > git config core.sparsecheckout # timeout=10
 > git checkout -f a928643677b16e4da814d1fe90b840959f590c80 # timeout=10
Commit message: "update files"
 > git rev-list --no-walk a928643677b16e4da814d1fe90b840959f590c80 # timeout=10
[project-ecommerce-demo] $ mvn -f /var/jenkins_home/workspace/project-ecommerce-demo/starter_code/pom.xml package
[INFO] Scanning for projects...
[INFO] 
[INFO] ----------------------< com.example:auth-course >-----------------------
[INFO] Building auth-course 0.0.1-SNAPSHOT
[INFO] --------------------------------[ war ]---------------------------------
[INFO] 
[INFO] --- jacoco-maven-plugin:0.8.8:prepare-agent (default-prepare-agent) @ auth-course ---
[INFO] argLine set to -javaagent:/root/.m2/repository/org/jacoco/org.jacoco.agent/0.8.8/org.jacoco.agent-0.8.8-runtime.jar=destfile=/var/jenkins_home/workspace/project-ecommerce-demo/starter_code/target/jacoco.exec
[INFO] 
[INFO] --- maven-resources-plugin:3.1.0:resources (default-resources) @ auth-course ---
[INFO] Using 'UTF-8' encoding to copy filtered resources.
[INFO] Copying 1 resource
[INFO] Copying 3 resources
[INFO] 
[INFO] --- maven-compiler-plugin:3.8.1:compile (default-compile) @ auth-course ---
[INFO] Nothing to compile - all classes are up to date
[INFO] 
[INFO] --- maven-resources-plugin:3.1.0:testResources (default-testResources) @ auth-course ---
[INFO] Using 'UTF-8' encoding to copy filtered resources.
[INFO] Copying 1 resource
[INFO] 
[INFO] --- maven-compiler-plugin:3.8.1:testCompile (default-testCompile) @ auth-course ---
[INFO] Changes detected - recompiling the module!
[INFO] Compiling 7 source files to /var/jenkins_home/workspace/project-ecommerce-demo/starter_code/target/test-classes
[INFO] 
[INFO] --- maven-surefire-plugin:2.22.2:test (default-test) @ auth-course ---
[INFO] 
[INFO] -------------------------------------------------------
[INFO]  T E S T S
[INFO] -------------------------------------------------------
SLF4J: Class path contains multiple SLF4J bindings.
SLF4J: Found binding in [jar:file:/root/.m2/repository/ch/qos/logback/logback-classic/1.2.3/logback-classic-1.2.3.jar!/org/slf4j/impl/StaticLoggerBinder.class]
SLF4J: Found binding in [jar:file:/root/.m2/repository/org/apache/logging/log4j/log4j-slf4j-impl/2.13.2/log4j-slf4j-impl-2.13.2.jar!/org/slf4j/impl/StaticLoggerBinder.class]
SLF4J: See http://www.slf4j.org/codes.html#multiple_bindings for an explanation.
SLF4J: Actual binding is of type [ch.qos.logback.classic.util.ContextSelectorStaticBinder]
04:56:50.365 [main] DEBUG org.springframework.test.context.junit4.SpringJUnit4ClassRunner - SpringJUnit4ClassRunner constructor called with [class com.example.demo.SareetaApplicationTests]
04:56:50.397 [main] DEBUG org.springframework.test.context.BootstrapUtils - Instantiating CacheAwareContextLoaderDelegate from class [org.springframework.test.context.cache.DefaultCacheAwareContextLoaderDelegate]
04:56:50.453 [main] DEBUG org.springframework.test.context.BootstrapUtils - Instantiating BootstrapContext using constructor [public org.springframework.test.context.support.DefaultBootstrapContext(java.lang.Class,org.springframework.test.context.CacheAwareContextLoaderDelegate)]
04:56:50.676 [main] DEBUG org.springframework.test.context.BootstrapUtils - Instantiating TestContextBootstrapper for test class [com.example.demo.SareetaApplicationTests] from class [org.springframework.boot.test.context.SpringBootTestContextBootstrapper]
04:56:50.750 [main] INFO org.springframework.boot.test.context.SpringBootTestContextBootstrapper - Neither @ContextConfiguration nor @ContextHierarchy found for test class [com.example.demo.SareetaApplicationTests], using SpringBootContextLoader
04:56:50.770 [main] DEBUG org.springframework.test.context.support.AbstractContextLoader - Did not detect default resource location for test class [com.example.demo.SareetaApplicationTests]: class path resource [com/example/demo/SareetaApplicationTests-context.xml] does not exist
04:56:50.779 [main] DEBUG org.springframework.test.context.support.AbstractContextLoader - Did not detect default resource location for test class [com.example.demo.SareetaApplicationTests]: class path resource [com/example/demo/SareetaApplicationTestsContext.groovy] does not exist
04:56:50.780 [main] INFO org.springframework.test.context.support.AbstractContextLoader - Could not detect default resource locations for test class [com.example.demo.SareetaApplicationTests]: no resource found for suffixes {-context.xml, Context.groovy}.
04:56:50.782 [main] INFO org.springframework.test.context.support.AnnotationConfigContextLoaderUtils - Could not detect default configuration classes for test class [com.example.demo.SareetaApplicationTests]: SareetaApplicationTests does not declare any static, non-private, non-final, nested classes annotated with @Configuration.
04:56:50.966 [main] DEBUG org.springframework.test.context.support.ActiveProfilesUtils - Could not find an 'annotation declaring class' for annotation type [org.springframework.test.context.ActiveProfiles] and class [com.example.demo.SareetaApplicationTests]
04:56:51.344 [main] DEBUG org.springframework.context.annotation.ClassPathScanningCandidateComponentProvider - Identified candidate component class: file [/var/jenkins_home/workspace/project-ecommerce-demo/starter_code/target/classes/com/example/demo/SareetaApplication.class]
04:56:51.345 [main] INFO org.springframework.boot.test.context.SpringBootTestContextBootstrapper - Found @SpringBootConfiguration com.example.demo.SareetaApplication for test class com.example.demo.SareetaApplicationTests
04:56:52.258 [main] DEBUG org.springframework.boot.test.context.SpringBootTestContextBootstrapper - @TestExecutionListeners is not present for class [com.example.demo.SareetaApplicationTests]: using defaults.
04:56:52.259 [main] INFO org.springframework.boot.test.context.SpringBootTestContextBootstrapper - Loaded default TestExecutionListener class names from location [META-INF/spring.factories]: [org.springframework.security.test.context.support.WithSecurityContextTestExecutionListener, org.springframework.security.test.context.support.ReactorContextTestExecutionListener, org.springframework.test.context.web.ServletTestExecutionListener, org.springframework.test.context.support.DirtiesContextBeforeModesTestExecutionListener, org.springframework.test.context.support.DependencyInjectionTestExecutionListener, org.springframework.test.context.support.DirtiesContextTestExecutionListener, org.springframework.test.context.transaction.TransactionalTestExecutionListener, org.springframework.test.context.jdbc.SqlScriptsTestExecutionListener, org.springframework.test.context.event.EventPublishingTestExecutionListener, org.springframework.boot.test.mock.mockito.MockitoTestExecutionListener, org.springframework.boot.test.mock.mockito.ResetMocksTestExecutionListener, org.springframework.boot.test.autoconfigure.restdocs.RestDocsTestExecutionListener, org.springframework.boot.test.autoconfigure.web.client.MockRestServiceServerResetTestExecutionListener, org.springframework.boot.test.autoconfigure.web.servlet.MockMvcPrintOnlyOnFailureTestExecutionListener, org.springframework.boot.test.autoconfigure.web.servlet.WebDriverTestExecutionListener, org.springframework.boot.test.autoconfigure.webservices.client.MockWebServiceServerTestExecutionListener]
04:56:52.403 [main] INFO org.springframework.boot.test.context.SpringBootTestContextBootstrapper - Using TestExecutionListeners: [org.springframework.test.context.web.ServletTestExecutionListener@2cdb5974, org.springframework.test.context.support.DirtiesContextBeforeModesTestExecutionListener@8aa5ab4, org.springframework.boot.test.mock.mockito.MockitoTestExecutionListener@53e4a19e, org.springframework.boot.test.autoconfigure.SpringBootDependencyInjectionTestExecutionListener@62360a68, org.springframework.test.context.support.DirtiesContextTestExecutionListener@1450ffa3, org.springframework.test.context.transaction.TransactionalTestExecutionListener@4e756867, org.springframework.test.context.jdbc.SqlScriptsTestExecutionListener@38ebc866, org.springframework.security.test.context.support.WithSecurityContextTestExecutionListener@6adcf059, org.springframework.test.context.event.EventPublishingTestExecutionListener@7962a746, org.springframework.security.test.context.support.ReactorContextTestExecutionListener@1c31de5d, org.springframework.boot.test.mock.mockito.ResetMocksTestExecutionListener@7a7f9d45, org.springframework.boot.test.autoconfigure.restdocs.RestDocsTestExecutionListener@772cf46b, org.springframework.boot.test.autoconfigure.web.client.MockRestServiceServerResetTestExecutionListener@1b98355f, org.springframework.boot.test.autoconfigure.web.servlet.MockMvcPrintOnlyOnFailureTestExecutionListener@949d347, org.springframework.boot.test.autoconfigure.web.servlet.WebDriverTestExecutionListener@f5ae29e, org.springframework.boot.test.autoconfigure.webservices.client.MockWebServiceServerTestExecutionListener@1fc5c0b2]
04:56:52.413 [main] DEBUG org.springframework.test.annotation.ProfileValueUtils - Retrieved @ProfileValueSourceConfiguration [null] for test class [com.example.demo.SareetaApplicationTests]
04:56:52.424 [main] DEBUG org.springframework.test.annotation.ProfileValueUtils - Retrieved ProfileValueSource type [class org.springframework.test.annotation.SystemProfileValueSource] for class [com.example.demo.SareetaApplicationTests]
04:56:52.472 [main] DEBUG org.springframework.test.context.junit4.SpringJUnit4ClassRunner - SpringJUnit4ClassRunner constructor called with [class com.example.demo.SareetaApplicationTests]
04:56:52.473 [main] DEBUG org.springframework.test.context.BootstrapUtils - Instantiating CacheAwareContextLoaderDelegate from class [org.springframework.test.context.cache.DefaultCacheAwareContextLoaderDelegate]
04:56:52.474 [main] DEBUG org.springframework.test.context.BootstrapUtils - Instantiating BootstrapContext using constructor [public org.springframework.test.context.support.DefaultBootstrapContext(java.lang.Class,org.springframework.test.context.CacheAwareContextLoaderDelegate)]
04:56:52.480 [main] DEBUG org.springframework.test.context.BootstrapUtils - Instantiating TestContextBootstrapper for test class [com.example.demo.SareetaApplicationTests] from class [org.springframework.boot.test.context.SpringBootTestContextBootstrapper]
04:56:52.482 [main] INFO org.springframework.boot.test.context.SpringBootTestContextBootstrapper - Neither @ContextConfiguration nor @ContextHierarchy found for test class [com.example.demo.SareetaApplicationTests], using SpringBootContextLoader
04:56:52.484 [main] DEBUG org.springframework.test.context.support.AbstractContextLoader - Did not detect default resource location for test class [com.example.demo.SareetaApplicationTests]: class path resource [com/example/demo/SareetaApplicationTests-context.xml] does not exist
04:56:52.488 [main] DEBUG org.springframework.test.context.support.AbstractContextLoader - Did not detect default resource location for test class [com.example.demo.SareetaApplicationTests]: class path resource [com/example/demo/SareetaApplicationTestsContext.groovy] does not exist
04:56:52.489 [main] INFO org.springframework.test.context.support.AbstractContextLoader - Could not detect default resource locations for test class [com.example.demo.SareetaApplicationTests]: no resource found for suffixes {-context.xml, Context.groovy}.
04:56:52.490 [main] INFO org.springframework.test.context.support.AnnotationConfigContextLoaderUtils - Could not detect default configuration classes for test class [com.example.demo.SareetaApplicationTests]: SareetaApplicationTests does not declare any static, non-private, non-final, nested classes annotated with @Configuration.
04:56:52.493 [main] DEBUG org.springframework.test.context.support.ActiveProfilesUtils - Could not find an 'annotation declaring class' for annotation type [org.springframework.test.context.ActiveProfiles] and class [com.example.demo.SareetaApplicationTests]
04:56:52.494 [main] INFO org.springframework.boot.test.context.SpringBootTestContextBootstrapper - Found @SpringBootConfiguration com.example.demo.SareetaApplication for test class com.example.demo.SareetaApplicationTests
04:56:52.507 [main] DEBUG org.springframework.boot.test.context.SpringBootTestContextBootstrapper - @TestExecutionListeners is not present for class [com.example.demo.SareetaApplicationTests]: using defaults.
04:56:52.508 [main] INFO org.springframework.boot.test.context.SpringBootTestContextBootstrapper - Loaded default TestExecutionListener class names from location [META-INF/spring.factories]: [org.springframework.security.test.context.support.WithSecurityContextTestExecutionListener, org.springframework.security.test.context.support.ReactorContextTestExecutionListener, org.springframework.test.context.web.ServletTestExecutionListener, org.springframework.test.context.support.DirtiesContextBeforeModesTestExecutionListener, org.springframework.test.context.support.DependencyInjectionTestExecutionListener, org.springframework.test.context.support.DirtiesContextTestExecutionListener, org.springframework.test.context.transaction.TransactionalTestExecutionListener, org.springframework.test.context.jdbc.SqlScriptsTestExecutionListener, org.springframework.test.context.event.EventPublishingTestExecutionListener, org.springframework.boot.test.mock.mockito.MockitoTestExecutionListener, org.springframework.boot.test.mock.mockito.ResetMocksTestExecutionListener, org.springframework.boot.test.autoconfigure.restdocs.RestDocsTestExecutionListener, org.springframework.boot.test.autoconfigure.web.client.MockRestServiceServerResetTestExecutionListener, org.springframework.boot.test.autoconfigure.web.servlet.MockMvcPrintOnlyOnFailureTestExecutionListener, org.springframework.boot.test.autoconfigure.web.servlet.WebDriverTestExecutionListener, org.springframework.boot.test.autoconfigure.webservices.client.MockWebServiceServerTestExecutionListener]
04:56:52.511 [main] INFO org.springframework.boot.test.context.SpringBootTestContextBootstrapper - Using TestExecutionListeners: [org.springframework.test.context.web.ServletTestExecutionListener@707f4647, org.springframework.test.context.support.DirtiesContextBeforeModesTestExecutionListener@4b8a0d03, org.springframework.boot.test.mock.mockito.MockitoTestExecutionListener@54f373d4, org.springframework.boot.test.autoconfigure.SpringBootDependencyInjectionTestExecutionListener@1c53bd49, org.springframework.test.context.support.DirtiesContextTestExecutionListener@16949dfa, org.springframework.test.context.transaction.TransactionalTestExecutionListener@d6d683e, org.springframework.test.context.jdbc.SqlScriptsTestExecutionListener@42cfd794, org.springframework.security.test.context.support.WithSecurityContextTestExecutionListener@43778371, org.springframework.test.context.event.EventPublishingTestExecutionListener@71beada8, org.springframework.security.test.context.support.ReactorContextTestExecutionListener@17f41739, org.springframework.boot.test.mock.mockito.ResetMocksTestExecutionListener@2b3b1124, org.springframework.boot.test.autoconfigure.restdocs.RestDocsTestExecutionListener@54286339, org.springframework.boot.test.autoconfigure.web.client.MockRestServiceServerResetTestExecutionListener@507f47f9, org.springframework.boot.test.autoconfigure.web.servlet.MockMvcPrintOnlyOnFailureTestExecutionListener@6785df10, org.springframework.boot.test.autoconfigure.web.servlet.WebDriverTestExecutionListener@144440f5, org.springframework.boot.test.autoconfigure.webservices.client.MockWebServiceServerTestExecutionListener@3e2c8ef]
04:56:52.512 [main] DEBUG org.springframework.test.annotation.ProfileValueUtils - Retrieved @ProfileValueSourceConfiguration [null] for test class [com.example.demo.SareetaApplicationTests]
04:56:52.512 [main] DEBUG org.springframework.test.annotation.ProfileValueUtils - Retrieved ProfileValueSource type [class org.springframework.test.annotation.SystemProfileValueSource] for class [com.example.demo.SareetaApplicationTests]
[INFO] Running com.example.demo.controllers.CartControllerTest
[INFO] Tests run: 6, Failures: 0, Errors: 0, Skipped: 0, Time elapsed: 2.279 s - in com.example.demo.controllers.CartControllerTest
[INFO] Running com.example.demo.controllers.ItemControllerTest
[INFO] Tests run: 5, Failures: 0, Errors: 0, Skipped: 0, Time elapsed: 0.007 s - in com.example.demo.controllers.ItemControllerTest
[INFO] Running com.example.demo.controllers.OrderControllerTest
[INFO] Tests run: 4, Failures: 0, Errors: 0, Skipped: 0, Time elapsed: 0.152 s - in com.example.demo.controllers.OrderControllerTest
[INFO] Running com.example.demo.controllers.UserControllerTest
com.example.demo.model.persistence.User@475753dduser
[INFO] Tests run: 5, Failures: 0, Errors: 0, Skipped: 0, Time elapsed: 0.123 s - in com.example.demo.controllers.UserControllerTest
04:56:55.476 [main] DEBUG org.springframework.test.annotation.ProfileValueUtils - Retrieved @ProfileValueSourceConfiguration [null] for test class [com.example.demo.SareetaApplicationTests]
04:56:55.480 [main] DEBUG org.springframework.test.annotation.ProfileValueUtils - Retrieved ProfileValueSource type [class org.springframework.test.annotation.SystemProfileValueSource] for class [com.example.demo.SareetaApplicationTests]
[INFO] Running com.example.demo.SareetaApplicationTests
04:56:55.482 [main] DEBUG org.springframework.test.annotation.ProfileValueUtils - Retrieved @ProfileValueSourceConfiguration [null] for test class [com.example.demo.SareetaApplicationTests]
04:56:55.482 [main] DEBUG org.springframework.test.annotation.ProfileValueUtils - Retrieved ProfileValueSource type [class org.springframework.test.annotation.SystemProfileValueSource] for class [com.example.demo.SareetaApplicationTests]
04:56:55.482 [main] DEBUG org.springframework.test.annotation.ProfileValueUtils - Retrieved @ProfileValueSourceConfiguration [null] for test class [com.example.demo.SareetaApplicationTests]
04:56:55.483 [main] DEBUG org.springframework.test.annotation.ProfileValueUtils - Retrieved ProfileValueSource type [class org.springframework.test.annotation.SystemProfileValueSource] for class [com.example.demo.SareetaApplicationTests]
04:56:55.498 [main] DEBUG org.springframework.test.context.support.AbstractDirtiesContextTestExecutionListener - Before test class: context [DefaultTestContext@173c0722 testClass = SareetaApplicationTests, testInstance = [null], testMethod = [null], testException = [null], mergedContextConfiguration = [WebMergedContextConfiguration@12e3cf1c testClass = SareetaApplicationTests, locations = '{}', classes = '{class com.example.demo.SareetaApplication}', contextInitializerClasses = '[]', activeProfiles = '{}', propertySourceLocations = '{}', propertySourceProperties = '{org.springframework.boot.test.context.SpringBootTestContextBootstrapper=true}', contextCustomizers = set[org.springframework.boot.test.context.filter.ExcludeFilterContextCustomizer@f1266c6, org.springframework.boot.test.json.DuplicateJsonObjectContextCustomizerFactory$DuplicateJsonObjectContextCustomizer@42d6c12d, org.springframework.boot.test.mock.mockito.MockitoContextCustomizer@0, org.springframework.boot.test.web.client.TestRestTemplateContextCustomizer@f0a66bd, org.springframework.boot.test.autoconfigure.properties.PropertyMappingContextCustomizer@0, org.springframework.boot.test.autoconfigure.web.servlet.WebDriverContextCustomizerFactory$Customizer@48eaf42f, org.springframework.boot.test.context.SpringBootTestArgs@1], resourceBasePath = 'src/main/webapp', contextLoader = 'org.springframework.boot.test.context.SpringBootContextLoader', parent = [null]], attributes = map['org.springframework.test.context.web.ServletTestExecutionListener.activateListener' -> true]], class annotated with @DirtiesContext [false] with mode [null].
04:56:55.513 [main] DEBUG org.springframework.test.annotation.ProfileValueUtils - Retrieved @ProfileValueSourceConfiguration [null] for test class [com.example.demo.SareetaApplicationTests]
04:56:55.514 [main] DEBUG org.springframework.test.annotation.ProfileValueUtils - Retrieved ProfileValueSource type [class org.springframework.test.annotation.SystemProfileValueSource] for class [com.example.demo.SareetaApplicationTests]
04:56:55.641 [main] DEBUG org.springframework.test.context.support.TestPropertySourceUtils - Adding inlined properties to environment: {spring.jmx.enabled=false, org.springframework.boot.test.context.SpringBootTestContextBootstrapper=true}

  .   ____          _            __ _ _
 /\\ / ___'_ __ _ _(_)_ __  __ _ \ \ \ \
( ( )\___ | '_ | '_| | '_ \/ _` | \ \ \ \
 \\/  ___)| |_)| | | | | || (_| |  ) ) ) )
  '  |____| .__|_| |_|_| |_\__, | / / / /
 =========|_|==============|___/=/_/_/_/
 :: Spring Boot ::        (v2.3.0.RELEASE)

2022-11-21 04:56:56.549  INFO 2459 --- [           main] c.example.demo.SareetaApplicationTests   : Starting SareetaApplicationTests on da6f013b1809 with PID 2459 (started by root in /var/jenkins_home/workspace/project-ecommerce-demo/starter_code)
2022-11-21 04:56:56.562  INFO 2459 --- [           main] c.example.demo.SareetaApplicationTests   : No active profile set, falling back to default profiles: default
2022-11-21 04:56:59.218  INFO 2459 --- [           main] .s.d.r.c.RepositoryConfigurationDelegate : Bootstrapping Spring Data JPA repositories in DEFAULT mode.
2022-11-21 04:56:59.403  INFO 2459 --- [           main] .s.d.r.c.RepositoryConfigurationDelegate : Finished Spring Data repository scanning in 153ms. Found 4 JPA repository interfaces.
2022-11-21 04:57:04.071  INFO 2459 --- [           main] o.hibernate.jpa.internal.util.LogHelper  : HHH000204: Processing PersistenceUnitInfo [name: default]
2022-11-21 04:57:04.437  INFO 2459 --- [           main] org.hibernate.Version                    : HHH000412: Hibernate ORM core version 5.4.15.Final
2022-11-21 04:57:04.754  INFO 2459 --- [           main] o.hibernate.annotations.common.Version   : HCANN000001: Hibernate Commons Annotations {5.1.0.Final}
2022-11-21 04:57:05.448  INFO 2459 --- [           main] com.zaxxer.hikari.HikariDataSource       : HikariPool-1 - Starting...
2022-11-21 04:57:06.419  INFO 2459 --- [           main] com.zaxxer.hikari.HikariDataSource       : HikariPool-1 - Start completed.
2022-11-21 04:57:06.503  INFO 2459 --- [           main] org.hibernate.dialect.Dialect            : HHH000400: Using dialect: org.hibernate.dialect.H2Dialect
2022-11-21 04:57:08.944  INFO 2459 --- [           main] o.h.e.t.j.p.i.JtaPlatformInitiator       : HHH000490: Using JtaPlatform implementation: [org.hibernate.engine.transaction.jta.platform.internal.NoJtaPlatform]
2022-11-21 04:57:08.969  INFO 2459 --- [           main] j.LocalContainerEntityManagerFactoryBean : Initialized JPA EntityManagerFactory for persistence unit 'default'
2022-11-21 04:57:11.298  WARN 2459 --- [           main] JpaBaseConfiguration$JpaWebConfiguration : spring.jpa.open-in-view is enabled by default. Therefore, database queries may be performed during view rendering. Explicitly configure spring.jpa.open-in-view to disable this warning
2022-11-21 04:57:14.712  INFO 2459 --- [           main] o.s.b.a.e.web.EndpointLinksResolver      : Exposing 2 endpoint(s) beneath base path '/actuator'
2022-11-21 04:57:14.866  INFO 2459 --- [           main] o.s.s.web.DefaultSecurityFilterChain     : Creating filter chain: any request, [org.springframework.security.web.context.request.async.WebAsyncManagerIntegrationFilter@70bc2b39, org.springframework.security.web.context.SecurityContextPersistenceFilter@4190bc08, org.springframework.security.web.header.HeaderWriterFilter@730a1a59, org.springframework.web.filter.CorsFilter@7db0d8c5, org.springframework.security.web.authentication.logout.LogoutFilter@11202b8a, com.example.demo.secure.JWTAuthenticationFilter@4733bc92, com.example.demo.secure.JWTAuthenticationVerficationFilter@29455930, org.springframework.security.web.savedrequest.RequestCacheAwareFilter@4f045c85, org.springframework.security.web.servletapi.SecurityContextHolderAwareRequestFilter@55cd6f06, org.springframework.security.web.authentication.AnonymousAuthenticationFilter@38b14ac2, org.springframework.security.web.session.SessionManagementFilter@73530f06, org.springframework.security.web.access.ExceptionTranslationFilter@38cc9e2d, org.springframework.security.web.access.intercept.FilterSecurityInterceptor@64c2bfd5]
2022-11-21 04:57:15.561  INFO 2459 --- [           main] o.s.s.concurrent.ThreadPoolTaskExecutor  : Initializing ExecutorService 'applicationTaskExecutor'
2022-11-21 04:57:16.778  INFO 2459 --- [           main] c.example.demo.SareetaApplicationTests   : Started SareetaApplicationTests in 21.086 seconds (JVM running for 29.372)
[INFO] Tests run: 1, Failures: 0, Errors: 0, Skipped: 0, Time elapsed: 21.508 s - in com.example.demo.SareetaApplicationTests
2022-11-21 04:57:17.053  INFO 2459 --- [extShutdownHook] o.s.s.concurrent.ThreadPoolTaskExecutor  : Shutting down ExecutorService 'applicationTaskExecutor'
2022-11-21 04:57:17.067  INFO 2459 --- [extShutdownHook] j.LocalContainerEntityManagerFactoryBean : Closing JPA EntityManagerFactory for persistence unit 'default'
2022-11-21 04:57:17.079  INFO 2459 --- [extShutdownHook] com.zaxxer.hikari.HikariDataSource       : HikariPool-1 - Shutdown initiated...
2022-11-21 04:57:17.088  INFO 2459 --- [extShutdownHook] com.zaxxer.hikari.HikariDataSource       : HikariPool-1 - Shutdown completed.
[INFO] 
[INFO] Results:
[INFO] 
[INFO] Tests run: 21, Failures: 0, Errors: 0, Skipped: 0
[INFO] 
[INFO] 
[INFO] --- maven-war-plugin:3.2.3:war (default-war) @ auth-course ---
Downloading from central: https://repo.maven.apache.org/maven2/org/apache/maven/maven-archiver/3.4.0/maven-archiver-3.4.0.pom
Progress (1): 2.7/4.6 kBProgress (1): 4.6 kB                        Downloaded from central: https://repo.maven.apache.org/maven2/org/apache/maven/maven-archiver/3.4.0/maven-archiver-3.4.0.pom (4.6 kB at 7.9 kB/s)
Downloading from central: https://repo.maven.apache.org/maven2/org/apache/maven/shared/maven-shared-components/33/maven-shared-components-33.pom
Progress (1): 2.7/5.1 kBProgress (1): 5.1 kB                        Downloaded from central: https://repo.maven.apache.org/maven2/org/apache/maven/shared/maven-shared-components/33/maven-shared-components-33.pom (5.1 kB at 182 kB/s)
Downloading from central: https://repo.maven.apache.org/maven2/org/codehaus/plexus/plexus-archiver/4.1.0/plexus-archiver-4.1.0.pom
Progress (1): 2.7/4.8 kBProgress (1): 4.8 kB                        Downloaded from central: https://repo.maven.apache.org/maven2/org/codehaus/plexus/plexus-archiver/4.1.0/plexus-archiver-4.1.0.pom (4.8 kB at 230 kB/s)
Downloading from central: https://repo.maven.apache.org/maven2/org/codehaus/plexus/plexus/5.1/plexus-5.1.pom
Progress (1): 2.7/23 kBProgress (1): 5.5/23 kBProgress (1): 8.2/23 kBProgress (1): 11/23 kB Progress (1): 14/23 kBProgress (1): 16/23 kBProgress (1): 19/23 kBProgress (1): 21/23 kBProgress (1): 23 kB                      Downloaded from central: https://repo.maven.apache.org/maven2/org/codehaus/plexus/plexus/5.1/plexus-5.1.pom (23 kB at 750 kB/s)
Downloading from central: https://repo.maven.apache.org/maven2/org/codehaus/plexus/plexus-utils/3.1.1/plexus-utils-3.1.1.pom
Progress (1): 2.7/5.1 kBProgress (1): 5.1 kB                        Downloaded from central: https://repo.maven.apache.org/maven2/org/codehaus/plexus/plexus-utils/3.1.1/plexus-utils-3.1.1.pom (5.1 kB at 422 kB/s)
Downloading from central: https://repo.maven.apache.org/maven2/org/codehaus/plexus/plexus-io/3.1.1/plexus-io-3.1.1.pom
Progress (1): 2.7/4.5 kBProgress (1): 4.5 kB                        Downloaded from central: https://repo.maven.apache.org/maven2/org/codehaus/plexus/plexus-io/3.1.1/plexus-io-3.1.1.pom (4.5 kB at 325 kB/s)
Downloading from central: https://repo.maven.apache.org/maven2/commons-io/commons-io/2.6/commons-io-2.6.pom
Progress (1): 4.1/14 kBProgress (1): 8.2/14 kBProgress (1): 12/14 kB Progress (1): 14 kB                      Downloaded from central: https://repo.maven.apache.org/maven2/commons-io/commons-io/2.6/commons-io-2.6.pom (14 kB at 792 kB/s)
Downloading from central: https://repo.maven.apache.org/maven2/org/apache/commons/commons-parent/42/commons-parent-42.pom
Progress (1): 4.1/68 kBProgress (1): 8.2/68 kBProgress (1): 12/68 kB Progress (1): 16/68 kBProgress (1): 20/68 kBProgress (1): 25/68 kBProgress (1): 29/68 kBProgress (1): 33/68 kBProgress (1): 37/68 kBProgress (1): 41/68 kBProgress (1): 45/68 kBProgress (1): 49/68 kBProgress (1): 53/68 kBProgress (1): 57/68 kBProgress (1): 61/68 kBProgress (1): 66/68 kBProgress (1): 68 kB                      Downloaded from central: https://repo.maven.apache.org/maven2/org/apache/commons/commons-parent/42/commons-parent-42.pom (68 kB at 1.2 MB/s)
Downloading from central: https://repo.maven.apache.org/maven2/org/apache/commons/commons-compress/1.18/commons-compress-1.18.pom
Progress (1): 4.1/18 kBProgress (1): 8.2/18 kBProgress (1): 12/18 kB Progress (1): 16/18 kBProgress (1): 18 kB                      Downloaded from central: https://repo.maven.apache.org/maven2/org/apache/commons/commons-compress/1.18/commons-compress-1.18.pom (18 kB at 1.1 MB/s)
Downloading from central: https://repo.maven.apache.org/maven2/org/apache/commons/commons-parent/47/commons-parent-47.pom
Progress (1): 4.1/78 kBProgress (1): 8.2/78 kBProgress (1): 12/78 kB Progress (1): 16/78 kBProgress (1): 20/78 kBProgress (1): 24/78 kBProgress (1): 28/78 kBProgress (1): 32/78 kBProgress (1): 36/78 kBProgress (1): 40/78 kBProgress (1): 45/78 kBProgress (1): 49/78 kBProgress (1): 53/78 kBProgress (1): 57/78 kBProgress (1): 61/78 kBProgress (1): 65/78 kBProgress (1): 69/78 kBProgress (1): 73/78 kBProgress (1): 77/78 kBProgress (1): 78 kB                      Downloaded from central: https://repo.maven.apache.org/maven2/org/apache/commons/commons-parent/47/commons-parent-47.pom (78 kB at 2.2 MB/s)
Downloading from central: https://repo.maven.apache.org/maven2/org/iq80/snappy/snappy/0.4/snappy-0.4.pom
Progress (1): 4.1/15 kBProgress (1): 8.2/15 kBProgress (1): 12/15 kB Progress (1): 15 kB                      Downloaded from central: https://repo.maven.apache.org/maven2/org/iq80/snappy/snappy/0.4/snappy-0.4.pom (15 kB at 855 kB/s)
Downloading from central: https://repo.maven.apache.org/maven2/org/tukaani/xz/1.8/xz-1.8.pom
Progress (1): 1.9 kB                    Downloaded from central: https://repo.maven.apache.org/maven2/org/tukaani/xz/1.8/xz-1.8.pom (1.9 kB at 127 kB/s)
Downloading from central: https://repo.maven.apache.org/maven2/org/codehaus/plexus/plexus-interpolation/1.25/plexus-interpolation-1.25.pom
Progress (1): 2.6 kB                    Downloaded from central: https://repo.maven.apache.org/maven2/org/codehaus/plexus/plexus-interpolation/1.25/plexus-interpolation-1.25.pom (2.6 kB at 204 kB/s)
Downloading from central: https://repo.maven.apache.org/maven2/com/thoughtworks/xstream/xstream/1.4.10/xstream-1.4.10.pom
Progress (1): 4.1/15 kBProgress (1): 8.2/15 kBProgress (1): 12/15 kB Progress (1): 15 kB                      Downloaded from central: https://repo.maven.apache.org/maven2/com/thoughtworks/xstream/xstream/1.4.10/xstream-1.4.10.pom (15 kB at 946 kB/s)
Downloading from central: https://repo.maven.apache.org/maven2/com/thoughtworks/xstream/xstream-parent/1.4.10/xstream-parent-1.4.10.pom
Progress (1): 4.1/35 kBProgress (1): 8.2/35 kBProgress (1): 12/35 kB Progress (1): 16/35 kBProgress (1): 20/35 kBProgress (1): 25/35 kBProgress (1): 29/35 kBProgress (1): 33/35 kBProgress (1): 35 kB                      Downloaded from central: https://repo.maven.apache.org/maven2/com/thoughtworks/xstream/xstream-parent/1.4.10/xstream-parent-1.4.10.pom (35 kB at 1.6 MB/s)
Downloading from central: https://repo.maven.apache.org/maven2/xmlpull/xmlpull/1.1.3.1/xmlpull-1.1.3.1.pom
Progress (1): 386 B                   Downloaded from central: https://repo.maven.apache.org/maven2/xmlpull/xmlpull/1.1.3.1/xmlpull-1.1.3.1.pom (386 B at 12 kB/s)
Downloading from central: https://repo.maven.apache.org/maven2/xpp3/xpp3_min/1.1.4c/xpp3_min-1.1.4c.pom
Progress (1): 1.6 kB                    Downloaded from central: https://repo.maven.apache.org/maven2/xpp3/xpp3_min/1.1.4c/xpp3_min-1.1.4c.pom (1.6 kB at 201 kB/s)
Downloading from central: https://repo.maven.apache.org/maven2/org/codehaus/plexus/plexus-utils/3.2.0/plexus-utils-3.2.0.pom
Progress (1): 4.1/4.8 kBProgress (1): 4.8 kB                        Downloaded from central: https://repo.maven.apache.org/maven2/org/codehaus/plexus/plexus-utils/3.2.0/plexus-utils-3.2.0.pom (4.8 kB at 402 kB/s)
Downloading from central: https://repo.maven.apache.org/maven2/org/apache/maven/shared/maven-mapping/3.0.0/maven-mapping-3.0.0.pom
Progress (1): 4.1/4.1 kBProgress (1): 4.1 kB                        Downloaded from central: https://repo.maven.apache.org/maven2/org/apache/maven/shared/maven-mapping/3.0.0/maven-mapping-3.0.0.pom (4.1 kB at 259 kB/s)
Downloading from central: https://repo.maven.apache.org/maven2/org/apache/maven/shared/maven-shared-components/22/maven-shared-components-22.pom
Progress (1): 4.1/5.1 kBProgress (1): 5.1 kB                        Downloaded from central: https://repo.maven.apache.org/maven2/org/apache/maven/shared/maven-shared-components/22/maven-shared-components-22.pom (5.1 kB at 511 kB/s)
Downloading from central: https://repo.maven.apache.org/maven2/org/apache/maven/maven-parent/27/maven-parent-27.pom
Progress (1): 4.1/41 kBProgress (1): 8.2/41 kBProgress (1): 12/41 kB Progress (1): 16/41 kBProgress (1): 20/41 kBProgress (1): 25/41 kBProgress (1): 29/41 kBProgress (1): 33/41 kBProgress (1): 37/41 kBProgress (1): 41 kB                      Downloaded from central: https://repo.maven.apache.org/maven2/org/apache/maven/maven-parent/27/maven-parent-27.pom (41 kB at 1.9 MB/s)
Downloading from central: https://repo.maven.apache.org/maven2/org/apache/apache/17/apache-17.pom
Progress (1): 4.1/16 kBProgress (1): 8.2/16 kBProgress (1): 12/16 kB Progress (1): 16 kB                      Downloaded from central: https://repo.maven.apache.org/maven2/org/apache/apache/17/apache-17.pom (16 kB at 1.1 MB/s)
Downloading from central: https://repo.maven.apache.org/maven2/org/codehaus/plexus/plexus-interpolation/1.21/plexus-interpolation-1.21.pom
Progress (1): 1.5 kB                    Downloaded from central: https://repo.maven.apache.org/maven2/org/codehaus/plexus/plexus-interpolation/1.21/plexus-interpolation-1.21.pom (1.5 kB at 192 kB/s)
Downloading from central: https://repo.maven.apache.org/maven2/org/apache/maven/maven-archiver/3.4.0/maven-archiver-3.4.0.jar
Downloading from central: https://repo.maven.apache.org/maven2/org/codehaus/plexus/plexus-archiver/4.1.0/plexus-archiver-4.1.0.jar
Downloading from central: https://repo.maven.apache.org/maven2/org/codehaus/plexus/plexus-io/3.1.1/plexus-io-3.1.1.jar
Downloading from central: https://repo.maven.apache.org/maven2/org/apache/commons/commons-compress/1.18/commons-compress-1.18.jar
Downloading from central: https://repo.maven.apache.org/maven2/org/iq80/snappy/snappy/0.4/snappy-0.4.jar
Progress (1): 4.1/24 kBProgress (1): 8.2/24 kBProgress (1): 12/24 kB Progress (1): 16/24 kBProgress (1): 20/24 kBProgress (1): 24/24 kBProgress (1): 24 kB                      Downloaded from central: https://repo.maven.apache.org/maven2/org/apache/maven/maven-archiver/3.4.0/maven-archiver-3.4.0.jar (24 kB at 427 kB/s)
Downloading from central: https://repo.maven.apache.org/maven2/org/tukaani/xz/1.8/xz-1.8.jar
Progress (1): 2.7/192 kBProgress (1): 5.5/192 kBProgress (1): 8.2/192 kBProgress (1): 11/192 kB Progress (2): 11/192 kB | 4.1/75 kBProgress (2): 11/192 kB | 8.2/75 kBProgress (2): 11/192 kB | 12/75 kB Progress (2): 11/192 kB | 16/75 kBProgress (2): 11/192 kB | 20/75 kBProgress (2): 11/192 kB | 25/75 kBProgress (3): 11/192 kB | 25/75 kB | 4.1/109 kBProgress (3): 11/192 kB | 25/75 kB | 8.2/109 kBProgress (3): 11/192 kB | 25/75 kB | 12/109 kB Progress (3): 11/192 kB | 25/75 kB | 16/109 kBProgress (3): 11/192 kB | 25/75 kB | 20/109 kBProgress (4): 11/192 kB | 25/75 kB | 20/109 kB | 2.7/58 kBProgress (4): 14/192 kB | 25/75 kB | 20/109 kB | 2.7/58 kBProgress (4): 16/192 kB | 25/75 kB | 20/109 kB | 2.7/58 kBProgress (4): 20/192 kB | 25/75 kB | 20/109 kB | 2.7/58 kBProgress (4): 24/192 kB | 25/75 kB | 20/109 kB | 2.7/58 kBProgress (4): 24/192 kB | 29/75 kB | 20/109 kB | 2.7/58 kBProgress (4): 24/192 kB | 33/75 kB | 20/109 kB | 2.7/58 kBProgress (4): 24/192 kB | 37/75 kB | 20/109 kB | 2.7/58 kBProgress (4): 24/192 kB | 41/75 kB | 20/109 kB | 2.7/58 kBProgress (4): 24/192 kB | 41/75 kB | 25/109 kB | 2.7/58 kBProgress (4): 24/192 kB | 41/75 kB | 29/109 kB | 2.7/58 kBProgress (4): 24/192 kB | 41/75 kB | 33/109 kB | 2.7/58 kBProgress (4): 24/192 kB | 41/75 kB | 37/109 kB | 2.7/58 kBProgress (4): 24/192 kB | 41/75 kB | 37/109 kB | 5.5/58 kBProgress (5): 24/192 kB | 41/75 kB | 37/109 kB | 5.5/58 kB | 4.1/592 kBProgress (5): 24/192 kB | 41/75 kB | 37/109 kB | 5.5/58 kB | 8.2/592 kBProgress (5): 24/192 kB | 41/75 kB | 37/109 kB | 5.5/58 kB | 12/592 kB Progress (5): 24/192 kB | 41/75 kB | 37/109 kB | 5.5/58 kB | 16/592 kBProgress (5): 24/192 kB | 41/75 kB | 37/109 kB | 5.5/58 kB | 20/592 kBProgress (5): 24/192 kB | 41/75 kB | 37/109 kB | 5.5/58 kB | 25/592 kBProgress (5): 24/192 kB | 41/75 kB | 37/109 kB | 5.5/58 kB | 29/592 kBProgress (5): 24/192 kB | 41/75 kB | 37/109 kB | 5.5/58 kB | 33/592 kBProgress (5): 24/192 kB | 41/75 kB | 37/109 kB | 8.2/58 kB | 33/592 kBProgress (5): 24/192 kB | 41/75 kB | 37/109 kB | 11/58 kB | 33/592 kB Progress (5): 24/192 kB | 41/75 kB | 37/109 kB | 14/58 kB | 33/592 kBProgress (5): 24/192 kB | 41/75 kB | 37/109 kB | 16/58 kB | 33/592 kBProgress (5): 24/192 kB | 41/75 kB | 37/109 kB | 19/58 kB | 33/592 kBProgress (5): 24/192 kB | 45/75 kB | 37/109 kB | 19/58 kB | 33/592 kBProgress (5): 24/192 kB | 49/75 kB | 37/109 kB | 19/58 kB | 33/592 kBProgress (5): 28/192 kB | 49/75 kB | 37/109 kB | 19/58 kB | 33/592 kBProgress (5): 32/192 kB | 49/75 kB | 37/109 kB | 19/58 kB | 33/592 kBProgress (5): 36/192 kB | 49/75 kB | 37/109 kB | 19/58 kB | 33/592 kBProgress (5): 40/192 kB | 49/75 kB | 37/109 kB | 19/58 kB | 33/592 kBProgress (5): 45/192 kB | 49/75 kB | 37/109 kB | 19/58 kB | 33/592 kBProgress (5): 45/192 kB | 49/75 kB | 41/109 kB | 19/58 kB | 33/592 kBProgress (5): 45/192 kB | 49/75 kB | 45/109 kB | 19/58 kB | 33/592 kBProgress (5): 45/192 kB | 49/75 kB | 49/109 kB | 19/58 kB | 33/592 kBProgress (5): 45/192 kB | 49/75 kB | 53/109 kB | 19/58 kB | 33/592 kBProgress (5): 45/192 kB | 53/75 kB | 53/109 kB | 19/58 kB | 33/592 kBProgress (5): 45/192 kB | 57/75 kB | 53/109 kB | 19/58 kB | 33/592 kBProgress (5): 45/192 kB | 61/75 kB | 53/109 kB | 19/58 kB | 33/592 kBProgress (5): 45/192 kB | 66/75 kB | 53/109 kB | 19/58 kB | 33/592 kBProgress (5): 45/192 kB | 66/75 kB | 53/109 kB | 19/58 kB | 37/592 kBProgress (5): 45/192 kB | 66/75 kB | 53/109 kB | 19/58 kB | 41/592 kBProgress (5): 45/192 kB | 66/75 kB | 53/109 kB | 19/58 kB | 45/592 kBProgress (5): 45/192 kB | 66/75 kB | 53/109 kB | 19/58 kB | 49/592 kBProgress (5): 45/192 kB | 66/75 kB | 53/109 kB | 19/58 kB | 53/592 kBProgress (5): 49/192 kB | 66/75 kB | 53/109 kB | 19/58 kB | 53/592 kBProgress (5): 53/192 kB | 66/75 kB | 53/109 kB | 19/58 kB | 53/592 kBProgress (5): 53/192 kB | 66/75 kB | 53/109 kB | 22/58 kB | 53/592 kBProgress (5): 53/192 kB | 66/75 kB | 53/109 kB | 25/58 kB | 53/592 kBProgress (5): 53/192 kB | 66/75 kB | 53/109 kB | 27/58 kB | 53/592 kBProgress (5): 53/192 kB | 66/75 kB | 53/109 kB | 30/58 kB | 53/592 kBProgress (5): 53/192 kB | 66/75 kB | 53/109 kB | 33/58 kB | 53/592 kBProgress (5): 53/192 kB | 70/75 kB | 53/109 kB | 33/58 kB | 53/592 kBProgress (5): 53/192 kB | 74/75 kB | 53/109 kB | 33/58 kB | 53/592 kBProgress (5): 53/192 kB | 75 kB | 53/109 kB | 33/58 kB | 53/592 kB   Progress (5): 53/192 kB | 75 kB | 57/109 kB | 33/58 kB | 53/592 kBProgress (5): 53/192 kB | 75 kB | 61/109 kB | 33/58 kB | 53/592 kBProgress (5): 53/192 kB | 75 kB | 66/109 kB | 33/58 kB | 53/592 kBProgress (5): 53/192 kB | 75 kB | 70/109 kB | 33/58 kB | 53/592 kBProgress (5): 53/192 kB | 75 kB | 74/109 kB | 33/58 kB | 53/592 kBProgress (5): 57/192 kB | 75 kB | 74/109 kB | 33/58 kB | 53/592 kBProgress (5): 61/192 kB | 75 kB | 74/109 kB | 33/58 kB | 53/592 kBProgress (5): 65/192 kB | 75 kB | 74/109 kB | 33/58 kB | 53/592 kBProgress (5): 69/192 kB | 75 kB | 74/109 kB | 33/58 kB | 53/592 kBProgress (5): 69/192 kB | 75 kB | 74/109 kB | 33/58 kB | 57/592 kBProgress (5): 69/192 kB | 75 kB | 74/109 kB | 33/58 kB | 61/592 kBProgress (5): 69/192 kB | 75 kB | 74/109 kB | 33/58 kB | 66/592 kBProgress (5): 69/192 kB | 75 kB | 74/109 kB | 33/58 kB | 70/592 kBProgress (5): 69/192 kB | 75 kB | 74/109 kB | 33/58 kB | 74/592 kBProgress (5): 69/192 kB | 75 kB | 74/109 kB | 36/58 kB | 74/592 kBProgress (5): 69/192 kB | 75 kB | 78/109 kB | 36/58 kB | 74/592 kBProgress (5): 69/192 kB | 75 kB | 82/109 kB | 36/58 kB | 74/592 kBProgress (5): 69/192 kB | 75 kB | 86/109 kB | 36/58 kB | 74/592 kBProgress (5): 69/192 kB | 75 kB | 90/109 kB | 36/58 kB | 74/592 kBProgress (5): 69/192 kB | 75 kB | 90/109 kB | 38/58 kB | 74/592 kBProgress (5): 69/192 kB | 75 kB | 90/109 kB | 41/58 kB | 74/592 kBProgress (5): 69/192 kB | 75 kB | 90/109 kB | 44/58 kB | 74/592 kBProgress (5): 73/192 kB | 75 kB | 90/109 kB | 44/58 kB | 74/592 kBProgress (5): 77/192 kB | 75 kB | 90/109 kB | 44/58 kB | 74/592 kBProgress (5): 81/192 kB | 75 kB | 90/109 kB | 44/58 kB | 74/592 kBProgress (5): 81/192 kB | 75 kB | 90/109 kB | 44/58 kB | 78/592 kBProgress (5): 81/192 kB | 75 kB | 90/109 kB | 44/58 kB | 82/592 kBProgress (5): 81/192 kB | 75 kB | 90/109 kB | 44/58 kB | 86/592 kBProgress (5): 81/192 kB | 75 kB | 90/109 kB | 44/58 kB | 90/592 kBProgress (5): 81/192 kB | 75 kB | 90/109 kB | 44/58 kB | 94/592 kBProgress (5): 86/192 kB | 75 kB | 90/109 kB | 44/58 kB | 94/592 kB                                                                  Downloaded from central: https://repo.maven.apache.org/maven2/org/codehaus/plexus/plexus-io/3.1.1/plexus-io-3.1.1.jar (75 kB at 484 kB/s)
Downloading from central: https://repo.maven.apache.org/maven2/org/codehaus/plexus/plexus-interpolation/1.25/plexus-interpolation-1.25.jar
Progress (4): 86/192 kB | 90/109 kB | 47/58 kB | 94/592 kBProgress (4): 86/192 kB | 90/109 kB | 49/58 kB | 94/592 kBProgress (4): 86/192 kB | 90/109 kB | 52/58 kB | 94/592 kBProgress (4): 86/192 kB | 94/109 kB | 52/58 kB | 94/592 kBProgress (4): 86/192 kB | 98/109 kB | 52/58 kB | 94/592 kBProgress (4): 86/192 kB | 102/109 kB | 52/58 kB | 94/592 kBProgress (4): 86/192 kB | 106/109 kB | 52/58 kB | 94/592 kBProgress (4): 86/192 kB | 109 kB | 52/58 kB | 94/592 kB    Progress (4): 90/192 kB | 109 kB | 52/58 kB | 94/592 kBProgress (4): 94/192 kB | 109 kB | 52/58 kB | 94/592 kBProgress (4): 98/192 kB | 109 kB | 52/58 kB | 94/592 kBProgress (4): 102/192 kB | 109 kB | 52/58 kB | 94/592 kBProgress (4): 106/192 kB | 109 kB | 52/58 kB | 94/592 kBProgress (4): 110/192 kB | 109 kB | 52/58 kB | 94/592 kBProgress (4): 114/192 kB | 109 kB | 52/58 kB | 94/592 kBProgress (5): 114/192 kB | 109 kB | 52/58 kB | 94/592 kB | 4.1/85 kBProgress (5): 114/192 kB | 109 kB | 52/58 kB | 94/592 kB | 8.2/85 kBProgress (5): 114/192 kB | 109 kB | 52/58 kB | 94/592 kB | 12/85 kB Progress (5): 114/192 kB | 109 kB | 52/58 kB | 94/592 kB | 16/85 kBProgress (5): 114/192 kB | 109 kB | 52/58 kB | 94/592 kB | 20/85 kBProgress (5): 114/192 kB | 109 kB | 52/58 kB | 94/592 kB | 25/85 kBProgress (5): 114/192 kB | 109 kB | 52/58 kB | 94/592 kB | 29/85 kBProgress (5): 114/192 kB | 109 kB | 52/58 kB | 94/592 kB | 33/85 kB                                                                   Downloaded from central: https://repo.maven.apache.org/maven2/org/tukaani/xz/1.8/xz-1.8.jar (109 kB at 635 kB/s)
Progress (4): 114/192 kB | 55/58 kB | 94/592 kB | 33/85 kBProgress (4): 114/192 kB | 58/58 kB | 94/592 kB | 33/85 kBProgress (4): 114/192 kB | 58 kB | 94/592 kB | 33/85 kB   Progress (4): 114/192 kB | 58 kB | 98/592 kB | 33/85 kBProgress (4): 114/192 kB | 58 kB | 102/592 kB | 33/85 kBProgress (4): 114/192 kB | 58 kB | 106/592 kB | 33/85 kBProgress (4): 114/192 kB | 58 kB | 111/592 kB | 33/85 kBProgress (4): 114/192 kB | 58 kB | 115/592 kB | 33/85 kBProgress (4): 114/192 kB | 58 kB | 119/592 kB | 33/85 kBProgress (4): 114/192 kB | 58 kB | 123/592 kB | 33/85 kBProgress (4): 114/192 kB | 58 kB | 127/592 kB | 33/85 kBProgress (4): 114/192 kB | 58 kB | 131/592 kB | 33/85 kBProgress (4): 118/192 kB | 58 kB | 131/592 kB | 33/85 kBProgress (4): 122/192 kB | 58 kB | 131/592 kB | 33/85 kBProgress (4): 126/192 kB | 58 kB | 131/592 kB | 33/85 kBProgress (4): 131/192 kB | 58 kB | 131/592 kB | 33/85 kBProgress (4): 135/192 kB | 58 kB | 131/592 kB | 33/85 kBProgress (4): 139/192 kB | 58 kB | 131/592 kB | 33/85 kBProgress (4): 143/192 kB | 58 kB | 131/592 kB | 33/85 kBProgress (4): 147/192 kB | 58 kB | 131/592 kB | 33/85 kBProgress (4): 151/192 kB | 58 kB | 131/592 kB | 33/85 kBProgress (4): 151/192 kB | 58 kB | 131/592 kB | 37/85 kB                                                        Downloaded from central: https://repo.maven.apache.org/maven2/org/iq80/snappy/snappy/0.4/snappy-0.4.jar (58 kB at 303 kB/s)
Downloading from central: https://repo.maven.apache.org/maven2/xmlpull/xmlpull/1.1.3.1/xmlpull-1.1.3.1.jar
Downloading from central: https://repo.maven.apache.org/maven2/com/thoughtworks/xstream/xstream/1.4.10/xstream-1.4.10.jar
Progress (3): 151/192 kB | 135/592 kB | 37/85 kBProgress (3): 151/192 kB | 139/592 kB | 37/85 kBProgress (3): 151/192 kB | 143/592 kB | 37/85 kBProgress (3): 151/192 kB | 147/592 kB | 37/85 kBProgress (3): 151/192 kB | 152/592 kB | 37/85 kBProgress (3): 151/192 kB | 156/592 kB | 37/85 kBProgress (3): 151/192 kB | 160/592 kB | 37/85 kBProgress (3): 151/192 kB | 164/592 kB | 37/85 kBProgress (3): 151/192 kB | 168/592 kB | 37/85 kBProgress (3): 151/192 kB | 168/592 kB | 41/85 kBProgress (3): 151/192 kB | 168/592 kB | 45/85 kBProgress (3): 151/192 kB | 168/592 kB | 49/85 kBProgress (3): 151/192 kB | 168/592 kB | 53/85 kBProgress (3): 151/192 kB | 168/592 kB | 57/85 kBProgress (3): 151/192 kB | 168/592 kB | 61/85 kBProgress (3): 151/192 kB | 168/592 kB | 66/85 kBProgress (3): 151/192 kB | 168/592 kB | 70/85 kBProgress (3): 151/192 kB | 168/592 kB | 74/85 kBProgress (3): 151/192 kB | 168/592 kB | 78/85 kBProgress (3): 151/192 kB | 168/592 kB | 82/85 kBProgress (3): 151/192 kB | 168/592 kB | 85 kB   Progress (3): 155/192 kB | 168/592 kB | 85 kBProgress (3): 159/192 kB | 168/592 kB | 85 kBProgress (3): 163/192 kB | 168/592 kB | 85 kBProgress (3): 167/192 kB | 168/592 kB | 85 kBProgress (3): 172/192 kB | 168/592 kB | 85 kBProgress (3): 176/192 kB | 168/592 kB | 85 kBProgress (3): 180/192 kB | 168/592 kB | 85 kBProgress (3): 184/192 kB | 168/592 kB | 85 kBProgress (3): 188/192 kB | 168/592 kB | 85 kBProgress (3): 192 kB | 168/592 kB | 85 kB    Progress (3): 192 kB | 172/592 kB | 85 kBProgress (3): 192 kB | 176/592 kB | 85 kBProgress (4): 192 kB | 176/592 kB | 85 kB | 4.1/7.2 kBProgress (4): 192 kB | 176/592 kB | 85 kB | 7.2 kB    Progress (4): 192 kB | 180/592 kB | 85 kB | 7.2 kBProgress (5): 192 kB | 180/592 kB | 85 kB | 7.2 kB | 4.1/590 kBProgress (5): 192 kB | 180/592 kB | 85 kB | 7.2 kB | 8.2/590 kBProgress (5): 192 kB | 180/592 kB | 85 kB | 7.2 kB | 12/590 kB Progress (5): 192 kB | 180/592 kB | 85 kB | 7.2 kB | 16/590 kB                                                              Downloaded from central: https://repo.maven.apache.org/maven2/xmlpull/xmlpull/1.1.3.1/xmlpull-1.1.3.1.jar (7.2 kB at 33 kB/s)
Downloading from central: https://repo.maven.apache.org/maven2/xpp3/xpp3_min/1.1.4c/xpp3_min-1.1.4c.jar
Progress (4): 192 kB | 180/592 kB | 85 kB | 20/590 kBProgress (4): 192 kB | 180/592 kB | 85 kB | 24/590 kBProgress (4): 192 kB | 180/592 kB | 85 kB | 28/590 kBProgress (4): 192 kB | 180/592 kB | 85 kB | 32/590 kBProgress (4): 192 kB | 180/592 kB | 85 kB | 36/590 kBProgress (4): 192 kB | 184/592 kB | 85 kB | 36/590 kBProgress (4): 192 kB | 188/592 kB | 85 kB | 36/590 kBProgress (4): 192 kB | 193/592 kB | 85 kB | 36/590 kBProgress (4): 192 kB | 197/592 kB | 85 kB | 36/590 kB                                                     Downloaded from central: https://repo.maven.apache.org/maven2/org/codehaus/plexus/plexus-archiver/4.1.0/plexus-archiver-4.1.0.jar (192 kB at 806 kB/s)
Downloading from central: https://repo.maven.apache.org/maven2/org/codehaus/plexus/plexus-utils/3.2.0/plexus-utils-3.2.0.jar
Progress (4): 197/592 kB | 85 kB | 36/590 kB | 4.1/25 kBProgress (4): 197/592 kB | 85 kB | 36/590 kB | 8.2/25 kBProgress (4): 197/592 kB | 85 kB | 36/590 kB | 12/25 kB                                                        Downloaded from central: https://repo.maven.apache.org/maven2/org/codehaus/plexus/plexus-interpolation/1.25/plexus-interpolation-1.25.jar (85 kB at 362 kB/s)
Downloading from central: https://repo.maven.apache.org/maven2/org/apache/maven/shared/maven-mapping/3.0.0/maven-mapping-3.0.0.jar
Progress (3): 197/592 kB | 40/590 kB | 12/25 kBProgress (3): 197/592 kB | 45/590 kB | 12/25 kBProgress (3): 197/592 kB | 49/590 kB | 12/25 kBProgress (3): 201/592 kB | 49/590 kB | 12/25 kBProgress (3): 205/592 kB | 49/590 kB | 12/25 kBProgress (3): 209/592 kB | 49/590 kB | 12/25 kBProgress (3): 213/592 kB | 49/590 kB | 12/25 kBProgress (3): 217/592 kB | 49/590 kB | 12/25 kBProgress (3): 217/592 kB | 49/590 kB | 16/25 kBProgress (3): 217/592 kB | 49/590 kB | 20/25 kBProgress (3): 217/592 kB | 49/590 kB | 24/25 kBProgress (3): 217/592 kB | 49/590 kB | 25 kB   Progress (3): 217/592 kB | 53/590 kB | 25 kBProgress (3): 217/592 kB | 57/590 kB | 25 kBProgress (3): 217/592 kB | 61/590 kB | 25 kBProgress (3): 217/592 kB | 65/590 kB | 25 kBProgress (4): 217/592 kB | 65/590 kB | 25 kB | 4.1/263 kBProgress (4): 217/592 kB | 65/590 kB | 25 kB | 8.2/263 kBProgress (4): 217/592 kB | 65/590 kB | 25 kB | 12/263 kB Progress (5): 217/592 kB | 65/590 kB | 25 kB | 12/263 kB | 4.1/11 kBProgress (5): 217/592 kB | 65/590 kB | 25 kB | 12/263 kB | 8.2/11 kBProgress (5): 217/592 kB | 65/590 kB | 25 kB | 12/263 kB | 11 kB    Progress (5): 221/592 kB | 65/590 kB | 25 kB | 12/263 kB | 11 kBProgress (5): 225/592 kB | 65/590 kB | 25 kB | 12/263 kB | 11 kBProgress (5): 229/592 kB | 65/590 kB | 25 kB | 12/263 kB | 11 kBProgress (5): 233/592 kB | 65/590 kB | 25 kB | 12/263 kB | 11 kBProgress (5): 238/592 kB | 65/590 kB | 25 kB | 12/263 kB | 11 kBProgress (5): 242/592 kB | 65/590 kB | 25 kB | 12/263 kB | 11 kBProgress (5): 246/592 kB | 65/590 kB | 25 kB | 12/263 kB | 11 kB                                                                Downloaded from central: https://repo.maven.apache.org/maven2/xpp3/xpp3_min/1.1.4c/xpp3_min-1.1.4c.jar (25 kB at 96 kB/s)
Progress (4): 246/592 kB | 65/590 kB | 16/263 kB | 11 kBProgress (4): 246/592 kB | 65/590 kB | 20/263 kB | 11 kBProgress (4): 246/592 kB | 65/590 kB | 25/263 kB | 11 kBProgress (4): 246/592 kB | 65/590 kB | 29/263 kB | 11 kBProgress (4): 246/592 kB | 65/590 kB | 33/263 kB | 11 kBProgress (4): 246/592 kB | 65/590 kB | 37/263 kB | 11 kBProgress (4): 246/592 kB | 65/590 kB | 41/263 kB | 11 kBProgress (4): 246/592 kB | 65/590 kB | 45/263 kB | 11 kBProgress (4): 246/592 kB | 65/590 kB | 49/263 kB | 11 kBProgress (4): 246/592 kB | 69/590 kB | 49/263 kB | 11 kBProgress (4): 246/592 kB | 73/590 kB | 49/263 kB | 11 kBProgress (4): 246/592 kB | 77/590 kB | 49/263 kB | 11 kBProgress (4): 246/592 kB | 81/590 kB | 49/263 kB | 11 kBProgress (4): 246/592 kB | 86/590 kB | 49/263 kB | 11 kB                                                        Downloaded from central: https://repo.maven.apache.org/maven2/org/apache/maven/shared/maven-mapping/3.0.0/maven-mapping-3.0.0.jar (11 kB at 40 kB/s)
Progress (3): 250/592 kB | 86/590 kB | 49/263 kBProgress (3): 254/592 kB | 86/590 kB | 49/263 kBProgress (3): 258/592 kB | 86/590 kB | 49/263 kBProgress (3): 258/592 kB | 90/590 kB | 49/263 kBProgress (3): 258/592 kB | 94/590 kB | 49/263 kBProgress (3): 258/592 kB | 98/590 kB | 49/263 kBProgress (3): 258/592 kB | 102/590 kB | 49/263 kBProgress (3): 258/592 kB | 106/590 kB | 49/263 kBProgress (3): 258/592 kB | 110/590 kB | 49/263 kBProgress (3): 258/592 kB | 114/590 kB | 49/263 kBProgress (3): 258/592 kB | 118/590 kB | 49/263 kBProgress (3): 258/592 kB | 118/590 kB | 53/263 kBProgress (3): 258/592 kB | 118/590 kB | 57/263 kBProgress (3): 258/592 kB | 118/590 kB | 61/263 kBProgress (3): 258/592 kB | 118/590 kB | 66/263 kBProgress (3): 258/592 kB | 118/590 kB | 70/263 kBProgress (3): 262/592 kB | 118/590 kB | 70/263 kBProgress (3): 266/592 kB | 118/590 kB | 70/263 kBProgress (3): 270/592 kB | 118/590 kB | 70/263 kBProgress (3): 274/592 kB | 118/590 kB | 70/263 kBProgress (3): 279/592 kB | 118/590 kB | 70/263 kBProgress (3): 283/592 kB | 118/590 kB | 70/263 kBProgress (3): 287/592 kB | 118/590 kB | 70/263 kBProgress (3): 291/592 kB | 118/590 kB | 70/263 kBProgress (3): 291/592 kB | 122/590 kB | 70/263 kBProgress (3): 291/592 kB | 126/590 kB | 70/263 kBProgress (3): 291/592 kB | 131/590 kB | 70/263 kBProgress (3): 291/592 kB | 135/590 kB | 70/263 kBProgress (3): 291/592 kB | 139/590 kB | 70/263 kBProgress (3): 291/592 kB | 139/590 kB | 74/263 kBProgress (3): 291/592 kB | 139/590 kB | 78/263 kBProgress (3): 291/592 kB | 139/590 kB | 82/263 kBProgress (3): 291/592 kB | 139/590 kB | 86/263 kBProgress (3): 291/592 kB | 139/590 kB | 90/263 kBProgress (3): 291/592 kB | 139/590 kB | 94/263 kBProgress (3): 291/592 kB | 139/590 kB | 98/263 kBProgress (3): 291/592 kB | 139/590 kB | 102/263 kBProgress (3): 295/592 kB | 139/590 kB | 102/263 kBProgress (3): 299/592 kB | 139/590 kB | 102/263 kBProgress (3): 303/592 kB | 139/590 kB | 102/263 kBProgress (3): 303/592 kB | 143/590 kB | 102/263 kBProgress (3): 303/592 kB | 147/590 kB | 102/263 kBProgress (3): 303/592 kB | 151/590 kB | 102/263 kBProgress (3): 303/592 kB | 155/590 kB | 102/263 kBProgress (3): 303/592 kB | 159/590 kB | 102/263 kBProgress (3): 303/592 kB | 163/590 kB | 102/263 kBProgress (3): 303/592 kB | 167/590 kB | 102/263 kBProgress (3): 307/592 kB | 167/590 kB | 102/263 kBProgress (3): 311/592 kB | 167/590 kB | 102/263 kBProgress (3): 315/592 kB | 167/590 kB | 102/263 kBProgress (3): 319/592 kB | 167/590 kB | 102/263 kBProgress (3): 324/592 kB | 167/590 kB | 102/263 kBProgress (3): 324/592 kB | 167/590 kB | 106/263 kBProgress (3): 324/592 kB | 167/590 kB | 111/263 kBProgress (3): 324/592 kB | 167/590 kB | 115/263 kBProgress (3): 324/592 kB | 167/590 kB | 119/263 kBProgress (3): 324/592 kB | 167/590 kB | 123/263 kBProgress (3): 324/592 kB | 167/590 kB | 127/263 kBProgress (3): 324/592 kB | 167/590 kB | 131/263 kBProgress (3): 324/592 kB | 172/590 kB | 131/263 kBProgress (3): 324/592 kB | 176/590 kB | 131/263 kBProgress (3): 324/592 kB | 180/590 kB | 131/263 kBProgress (3): 324/592 kB | 184/590 kB | 131/263 kBProgress (3): 328/592 kB | 184/590 kB | 131/263 kBProgress (3): 328/592 kB | 184/590 kB | 135/263 kBProgress (3): 332/592 kB | 184/590 kB | 135/263 kBProgress (3): 336/592 kB | 184/590 kB | 135/263 kBProgress (3): 340/592 kB | 184/590 kB | 135/263 kBProgress (3): 344/592 kB | 184/590 kB | 135/263 kBProgress (3): 348/592 kB | 184/590 kB | 135/263 kBProgress (3): 348/592 kB | 188/590 kB | 135/263 kBProgress (3): 348/592 kB | 192/590 kB | 135/263 kBProgress (3): 348/592 kB | 196/590 kB | 135/263 kBProgress (3): 348/592 kB | 200/590 kB | 135/263 kBProgress (3): 348/592 kB | 204/590 kB | 135/263 kBProgress (3): 348/592 kB | 208/590 kB | 135/263 kBProgress (3): 348/592 kB | 208/590 kB | 139/263 kBProgress (3): 348/592 kB | 208/590 kB | 143/263 kBProgress (3): 348/592 kB | 208/590 kB | 147/263 kBProgress (3): 348/592 kB | 208/590 kB | 152/263 kBProgress (3): 348/592 kB | 208/590 kB | 156/263 kBProgress (3): 348/592 kB | 208/590 kB | 160/263 kBProgress (3): 352/592 kB | 208/590 kB | 160/263 kBProgress (3): 356/592 kB | 208/590 kB | 160/263 kBProgress (3): 360/592 kB | 208/590 kB | 160/263 kBProgress (3): 365/592 kB | 208/590 kB | 160/263 kBProgress (3): 369/592 kB | 208/590 kB | 160/263 kBProgress (3): 373/592 kB | 208/590 kB | 160/263 kBProgress (3): 373/592 kB | 212/590 kB | 160/263 kBProgress (3): 373/592 kB | 217/590 kB | 160/263 kBProgress (3): 373/592 kB | 221/590 kB | 160/263 kBProgress (3): 373/592 kB | 225/590 kB | 160/263 kBProgress (3): 373/592 kB | 229/590 kB | 160/263 kBProgress (3): 373/592 kB | 233/590 kB | 160/263 kBProgress (3): 373/592 kB | 233/590 kB | 164/263 kBProgress (3): 373/592 kB | 233/590 kB | 168/263 kBProgress (3): 373/592 kB | 233/590 kB | 172/263 kBProgress (3): 377/592 kB | 233/590 kB | 172/263 kBProgress (3): 381/592 kB | 233/590 kB | 172/263 kBProgress (3): 385/592 kB | 233/590 kB | 172/263 kBProgress (3): 389/592 kB | 233/590 kB | 172/263 kBProgress (3): 393/592 kB | 233/590 kB | 172/263 kBProgress (3): 397/592 kB | 233/590 kB | 172/263 kBProgress (3): 397/592 kB | 233/590 kB | 176/263 kBProgress (3): 397/592 kB | 233/590 kB | 180/263 kBProgress (3): 397/592 kB | 233/590 kB | 184/263 kBProgress (3): 397/592 kB | 233/590 kB | 188/263 kBProgress (3): 397/592 kB | 233/590 kB | 193/263 kBProgress (3): 397/592 kB | 237/590 kB | 193/263 kBProgress (3): 397/592 kB | 241/590 kB | 193/263 kBProgress (3): 397/592 kB | 245/590 kB | 193/263 kBProgress (3): 397/592 kB | 249/590 kB | 193/263 kBProgress (3): 397/592 kB | 253/590 kB | 193/263 kBProgress (3): 397/592 kB | 258/590 kB | 193/263 kBProgress (3): 397/592 kB | 262/590 kB | 193/263 kBProgress (3): 397/592 kB | 266/590 kB | 193/263 kBProgress (3): 401/592 kB | 266/590 kB | 193/263 kBProgress (3): 406/592 kB | 266/590 kB | 193/263 kBProgress (3): 410/592 kB | 266/590 kB | 193/263 kBProgress (3): 414/592 kB | 266/590 kB | 193/263 kBProgress (3): 414/592 kB | 266/590 kB | 197/263 kBProgress (3): 414/592 kB | 266/590 kB | 201/263 kBProgress (3): 414/592 kB | 266/590 kB | 205/263 kBProgress (3): 414/592 kB | 266/590 kB | 209/263 kBProgress (3): 414/592 kB | 266/590 kB | 213/263 kBProgress (3): 414/592 kB | 266/590 kB | 217/263 kBProgress (3): 414/592 kB | 266/590 kB | 221/263 kBProgress (3): 414/592 kB | 266/590 kB | 225/263 kBProgress (3): 414/592 kB | 270/590 kB | 225/263 kBProgress (3): 414/592 kB | 274/590 kB | 225/263 kBProgress (3): 414/592 kB | 278/590 kB | 225/263 kBProgress (3): 414/592 kB | 282/590 kB | 225/263 kBProgress (3): 414/592 kB | 286/590 kB | 225/263 kBProgress (3): 418/592 kB | 286/590 kB | 225/263 kBProgress (3): 422/592 kB | 286/590 kB | 225/263 kBProgress (3): 426/592 kB | 286/590 kB | 225/263 kBProgress (3): 430/592 kB | 286/590 kB | 225/263 kBProgress (3): 434/592 kB | 286/590 kB | 225/263 kBProgress (3): 438/592 kB | 286/590 kB | 225/263 kBProgress (3): 442/592 kB | 286/590 kB | 225/263 kBProgress (3): 446/592 kB | 286/590 kB | 225/263 kBProgress (3): 446/592 kB | 286/590 kB | 229/263 kBProgress (3): 446/592 kB | 286/590 kB | 233/263 kBProgress (3): 446/592 kB | 286/590 kB | 238/263 kBProgress (3): 446/592 kB | 286/590 kB | 242/263 kBProgress (3): 446/592 kB | 290/590 kB | 242/263 kBProgress (3): 446/592 kB | 294/590 kB | 242/263 kBProgress (3): 446/592 kB | 299/590 kB | 242/263 kBProgress (3): 446/592 kB | 303/590 kB | 242/263 kBProgress (3): 446/592 kB | 307/590 kB | 242/263 kBProgress (3): 446/592 kB | 311/590 kB | 242/263 kBProgress (3): 446/592 kB | 315/590 kB | 242/263 kBProgress (3): 446/592 kB | 315/590 kB | 246/263 kBProgress (3): 446/592 kB | 315/590 kB | 250/263 kBProgress (3): 446/592 kB | 315/590 kB | 254/263 kBProgress (3): 446/592 kB | 315/590 kB | 258/263 kBProgress (3): 446/592 kB | 315/590 kB | 262/263 kBProgress (3): 451/592 kB | 315/590 kB | 262/263 kBProgress (3): 455/592 kB | 315/590 kB | 262/263 kBProgress (3): 459/592 kB | 315/590 kB | 262/263 kBProgress (3): 463/592 kB | 315/590 kB | 262/263 kBProgress (3): 467/592 kB | 315/590 kB | 262/263 kBProgress (3): 471/592 kB | 315/590 kB | 262/263 kBProgress (3): 475/592 kB | 315/590 kB | 262/263 kBProgress (3): 479/592 kB | 315/590 kB | 262/263 kBProgress (3): 479/592 kB | 319/590 kB | 262/263 kBProgress (3): 479/592 kB | 323/590 kB | 262/263 kBProgress (3): 479/592 kB | 327/590 kB | 262/263 kBProgress (3): 479/592 kB | 331/590 kB | 262/263 kBProgress (3): 479/592 kB | 331/590 kB | 263 kB    Progress (3): 479/592 kB | 335/590 kB | 263 kBProgress (3): 479/592 kB | 339/590 kB | 263 kBProgress (3): 479/592 kB | 344/590 kB | 263 kB                                              Downloaded from central: https://repo.maven.apache.org/maven2/org/codehaus/plexus/plexus-utils/3.2.0/plexus-utils-3.2.0.jar (263 kB at 692 kB/s)
Progress (2): 483/592 kB | 344/590 kBProgress (2): 487/592 kB | 344/590 kBProgress (2): 492/592 kB | 344/590 kBProgress (2): 496/592 kB | 344/590 kBProgress (2): 500/592 kB | 344/590 kBProgress (2): 504/592 kB | 344/590 kBProgress (2): 508/592 kB | 344/590 kBProgress (2): 508/592 kB | 348/590 kBProgress (2): 508/592 kB | 352/590 kBProgress (2): 508/592 kB | 356/590 kBProgress (2): 508/592 kB | 360/590 kBProgress (2): 508/592 kB | 364/590 kBProgress (2): 508/592 kB | 368/590 kBProgress (2): 508/592 kB | 372/590 kBProgress (2): 508/592 kB | 376/590 kBProgress (2): 508/592 kB | 380/590 kBProgress (2): 512/592 kB | 380/590 kBProgress (2): 516/592 kB | 380/590 kBProgress (2): 520/592 kB | 380/590 kBProgress (2): 524/592 kB | 380/590 kBProgress (2): 528/592 kB | 380/590 kBProgress (2): 532/592 kB | 380/590 kBProgress (2): 537/592 kB | 380/590 kBProgress (2): 541/592 kB | 380/590 kBProgress (2): 545/592 kB | 380/590 kBProgress (2): 545/592 kB | 385/590 kBProgress (2): 545/592 kB | 389/590 kBProgress (2): 545/592 kB | 393/590 kBProgress (2): 545/592 kB | 397/590 kBProgress (2): 545/592 kB | 401/590 kBProgress (2): 545/592 kB | 405/590 kBProgress (2): 545/592 kB | 409/590 kBProgress (2): 545/592 kB | 413/590 kBProgress (2): 545/592 kB | 417/590 kBProgress (2): 545/592 kB | 421/590 kBProgress (2): 549/592 kB | 421/590 kBProgress (2): 553/592 kB | 421/590 kBProgress (2): 557/592 kB | 421/590 kBProgress (2): 561/592 kB | 421/590 kBProgress (2): 565/592 kB | 421/590 kBProgress (2): 569/592 kB | 421/590 kBProgress (2): 573/592 kB | 421/590 kBProgress (2): 578/592 kB | 421/590 kBProgress (2): 582/592 kB | 421/590 kBProgress (2): 585/592 kB | 421/590 kBProgress (2): 589/592 kB | 421/590 kBProgress (2): 589/592 kB | 425/590 kBProgress (2): 589/592 kB | 430/590 kBProgress (2): 589/592 kB | 434/590 kBProgress (2): 589/592 kB | 438/590 kBProgress (2): 589/592 kB | 442/590 kBProgress (2): 589/592 kB | 446/590 kBProgress (2): 589/592 kB | 450/590 kBProgress (2): 589/592 kB | 454/590 kBProgress (2): 589/592 kB | 458/590 kBProgress (2): 589/592 kB | 462/590 kBProgress (2): 589/592 kB | 466/590 kBProgress (2): 589/592 kB | 471/590 kBProgress (2): 592 kB | 471/590 kB    Progress (2): 592 kB | 475/590 kBProgress (2): 592 kB | 479/590 kBProgress (2): 592 kB | 483/590 kBProgress (2): 592 kB | 487/590 kBProgress (2): 592 kB | 491/590 kBProgress (2): 592 kB | 495/590 kBProgress (2): 592 kB | 499/590 kBProgress (2): 592 kB | 503/590 kB                                 Downloaded from central: https://repo.maven.apache.org/maven2/org/apache/commons/commons-compress/1.18/commons-compress-1.18.jar (592 kB at 1.4 MB/s)
Progress (1): 507/590 kBProgress (1): 511/590 kBProgress (1): 516/590 kBProgress (1): 520/590 kBProgress (1): 524/590 kBProgress (1): 528/590 kBProgress (1): 532/590 kBProgress (1): 536/590 kBProgress (1): 540/590 kBProgress (1): 544/590 kBProgress (1): 548/590 kBProgress (1): 552/590 kBProgress (1): 557/590 kBProgress (1): 561/590 kBProgress (1): 565/590 kBProgress (1): 569/590 kBProgress (1): 573/590 kBProgress (1): 577/590 kBProgress (1): 581/590 kBProgress (1): 585/590 kBProgress (1): 589/590 kBProgress (1): 590 kB                        Downloaded from central: https://repo.maven.apache.org/maven2/com/thoughtworks/xstream/xstream/1.4.10/xstream-1.4.10.jar (590 kB at 1.3 MB/s)
[INFO] Packaging webapp
[INFO] Assembling webapp [auth-course] in [/var/jenkins_home/workspace/project-ecommerce-demo/starter_code/target/auth-course-0.0.1-SNAPSHOT]
[INFO] Processing war project
[INFO] Webapp assembled in [577 msecs]
[INFO] Building war: /var/jenkins_home/workspace/project-ecommerce-demo/starter_code/target/auth-course-0.0.1-SNAPSHOT.war
[INFO] 
[INFO] --- spring-boot-maven-plugin:2.3.0.RELEASE:repackage (repackage) @ auth-course ---
Downloading from central: https://repo.maven.apache.org/maven2/org/springframework/boot/spring-boot-buildpack-platform/2.3.0.RELEASE/spring-boot-buildpack-platform-2.3.0.RELEASE.pom
Progress (1): 3.2 kB                    Downloaded from central: https://repo.maven.apache.org/maven2/org/springframework/boot/spring-boot-buildpack-platform/2.3.0.RELEASE/spring-boot-buildpack-platform-2.3.0.RELEASE.pom (3.2 kB at 270 kB/s)
Downloading from central: https://repo.maven.apache.org/maven2/net/java/dev/jna/jna-platform/5.5.0/jna-platform-5.5.0.pom
Progress (1): 1.8 kB                    Downloaded from central: https://repo.maven.apache.org/maven2/net/java/dev/jna/jna-platform/5.5.0/jna-platform-5.5.0.pom (1.8 kB at 150 kB/s)
Downloading from central: https://repo.maven.apache.org/maven2/net/java/dev/jna/jna/5.5.0/jna-5.5.0.pom
Progress (1): 1.6 kB                    Downloaded from central: https://repo.maven.apache.org/maven2/net/java/dev/jna/jna/5.5.0/jna-5.5.0.pom (1.6 kB at 144 kB/s)
Downloading from central: https://repo.maven.apache.org/maven2/org/apache/commons/commons-compress/1.19/commons-compress-1.19.pom
Progress (1): 4.1/18 kBProgress (1): 8.2/18 kBProgress (1): 12/18 kB Progress (1): 16/18 kBProgress (1): 18 kB                      Downloaded from central: https://repo.maven.apache.org/maven2/org/apache/commons/commons-compress/1.19/commons-compress-1.19.pom (18 kB at 1.0 MB/s)
Downloading from central: https://repo.maven.apache.org/maven2/org/apache/commons/commons-parent/48/commons-parent-48.pom
Progress (1): 4.1/72 kBProgress (1): 8.2/72 kBProgress (1): 12/72 kB Progress (1): 16/72 kBProgress (1): 20/72 kBProgress (1): 25/72 kBProgress (1): 29/72 kBProgress (1): 33/72 kBProgress (1): 37/72 kBProgress (1): 41/72 kBProgress (1): 45/72 kBProgress (1): 49/72 kBProgress (1): 53/72 kBProgress (1): 57/72 kBProgress (1): 61/72 kBProgress (1): 66/72 kBProgress (1): 70/72 kBProgress (1): 72 kB                      Downloaded from central: https://repo.maven.apache.org/maven2/org/apache/commons/commons-parent/48/commons-parent-48.pom (72 kB at 2.8 MB/s)
Downloading from central: https://repo.maven.apache.org/maven2/org/apache/httpcomponents/httpclient/4.5.12/httpclient-4.5.12.pom
Progress (1): 4.1/6.6 kBProgress (1): 6.6 kB                        Downloaded from central: https://repo.maven.apache.org/maven2/org/apache/httpcomponents/httpclient/4.5.12/httpclient-4.5.12.pom (6.6 kB at 551 kB/s)
Downloading from central: https://repo.maven.apache.org/maven2/org/apache/httpcomponents/httpcomponents-client/4.5.12/httpcomponents-client-4.5.12.pom
Progress (1): 4.1/16 kBProgress (1): 8.2/16 kBProgress (1): 12/16 kB Progress (1): 16 kB                      Downloaded from central: https://repo.maven.apache.org/maven2/org/apache/httpcomponents/httpcomponents-client/4.5.12/httpcomponents-client-4.5.12.pom (16 kB at 1.2 MB/s)
Downloading from central: https://repo.maven.apache.org/maven2/org/apache/httpcomponents/httpcomponents-parent/11/httpcomponents-parent-11.pom
Progress (1): 4.1/35 kBProgress (1): 8.2/35 kBProgress (1): 12/35 kB Progress (1): 16/35 kBProgress (1): 20/35 kBProgress (1): 25/35 kBProgress (1): 29/35 kBProgress (1): 33/35 kBProgress (1): 35 kB                      Downloaded from central: https://repo.maven.apache.org/maven2/org/apache/httpcomponents/httpcomponents-parent/11/httpcomponents-parent-11.pom (35 kB at 2.0 MB/s)
Downloading from central: https://repo.maven.apache.org/maven2/org/apache/httpcomponents/httpcore/4.4.13/httpcore-4.4.13.pom
Progress (1): 4.1/5.0 kBProgress (1): 5.0 kB                        Downloaded from central: https://repo.maven.apache.org/maven2/org/apache/httpcomponents/httpcore/4.4.13/httpcore-4.4.13.pom (5.0 kB at 310 kB/s)
Downloading from central: https://repo.maven.apache.org/maven2/org/apache/httpcomponents/httpcomponents-core/4.4.13/httpcomponents-core-4.4.13.pom
Progress (1): 4.1/13 kBProgress (1): 8.2/13 kBProgress (1): 12/13 kB Progress (1): 13 kB                      Downloaded from central: https://repo.maven.apache.org/maven2/org/apache/httpcomponents/httpcomponents-core/4.4.13/httpcomponents-core-4.4.13.pom (13 kB at 1.0 MB/s)
Downloading from central: https://repo.maven.apache.org/maven2/org/springframework/boot/spring-boot-loader-tools/2.3.0.RELEASE/spring-boot-loader-tools-2.3.0.RELEASE.pom
Progress (1): 2.5 kB                    Downloaded from central: https://repo.maven.apache.org/maven2/org/springframework/boot/spring-boot-loader-tools/2.3.0.RELEASE/spring-boot-loader-tools-2.3.0.RELEASE.pom (2.5 kB at 211 kB/s)
Downloading from central: https://repo.maven.apache.org/maven2/org/apache/maven/shared/maven-common-artifact-filters/3.1.0/maven-common-artifact-filters-3.1.0.pom
Progress (1): 4.1/5.3 kBProgress (1): 5.3 kB                        Downloaded from central: https://repo.maven.apache.org/maven2/org/apache/maven/shared/maven-common-artifact-filters/3.1.0/maven-common-artifact-filters-3.1.0.pom (5.3 kB at 378 kB/s)
Downloading from central: https://repo.maven.apache.org/maven2/org/apache/maven/maven-settings-builder/3.6.3/maven-settings-builder-3.6.3.pom
Progress (1): 2.5 kB                    Downloaded from central: https://repo.maven.apache.org/maven2/org/apache/maven/maven-settings-builder/3.6.3/maven-settings-builder-3.6.3.pom (2.5 kB at 106 kB/s)
Downloading from central: https://repo.maven.apache.org/maven2/org/apache/maven/maven/3.6.3/maven-3.6.3.pom
Progress (1): 4.1/26 kBProgress (1): 8.2/26 kBProgress (1): 12/26 kB Progress (1): 16/26 kBProgress (1): 20/26 kBProgress (1): 24/26 kBProgress (1): 26 kB                      Downloaded from central: https://repo.maven.apache.org/maven2/org/apache/maven/maven/3.6.3/maven-3.6.3.pom (26 kB at 1.6 MB/s)
Downloading from central: https://repo.maven.apache.org/maven2/org/apache/maven/maven-builder-support/3.6.3/maven-builder-support-3.6.3.pom
Progress (1): 1.4 kB                    Downloaded from central: https://repo.maven.apache.org/maven2/org/apache/maven/maven-builder-support/3.6.3/maven-builder-support-3.6.3.pom (1.4 kB at 108 kB/s)
Downloading from central: https://repo.maven.apache.org/maven2/javax/inject/javax.inject/1/javax.inject-1.pom
Progress (1): 612 B                   Downloaded from central: https://repo.maven.apache.org/maven2/javax/inject/javax.inject/1/javax.inject-1.pom (612 B at 51 kB/s)
Downloading from central: https://repo.maven.apache.org/maven2/org/codehaus/plexus/plexus-utils/3.2.1/plexus-utils-3.2.1.pom
Progress (1): 4.1/5.3 kBProgress (1): 5.3 kB                        Downloaded from central: https://repo.maven.apache.org/maven2/org/codehaus/plexus/plexus-utils/3.2.1/plexus-utils-3.2.1.pom (5.3 kB at 382 kB/s)
Downloading from central: https://repo.maven.apache.org/maven2/org/apache/maven/maven-settings/3.6.3/maven-settings-3.6.3.pom
Progress (1): 1.9 kB                    Downloaded from central: https://repo.maven.apache.org/maven2/org/apache/maven/maven-settings/3.6.3/maven-settings-3.6.3.pom (1.9 kB at 378 kB/s)
Downloading from central: https://repo.maven.apache.org/maven2/org/sonatype/plexus/plexus-sec-dispatcher/1.4/plexus-sec-dispatcher-1.4.pom
Progress (1): 3.0 kB                    Downloaded from central: https://repo.maven.apache.org/maven2/org/sonatype/plexus/plexus-sec-dispatcher/1.4/plexus-sec-dispatcher-1.4.pom (3.0 kB at 269 kB/s)
Downloading from central: https://repo.maven.apache.org/maven2/org/apache/maven/maven-plugin-api/3.6.3/maven-plugin-api-3.6.3.pom
Progress (1): 3.0 kB                    Downloaded from central: https://repo.maven.apache.org/maven2/org/apache/maven/maven-plugin-api/3.6.3/maven-plugin-api-3.6.3.pom (3.0 kB at 338 kB/s)
Downloading from central: https://repo.maven.apache.org/maven2/org/apache/maven/maven-model/3.6.3/maven-model-3.6.3.pom
Progress (1): 4.1 kB                    Downloaded from central: https://repo.maven.apache.org/maven2/org/apache/maven/maven-model/3.6.3/maven-model-3.6.3.pom (4.1 kB at 583 kB/s)
Downloading from central: https://repo.maven.apache.org/maven2/org/apache/maven/maven-artifact/3.6.3/maven-artifact-3.6.3.pom
Progress (1): 2.4 kB                    Downloaded from central: https://repo.maven.apache.org/maven2/org/apache/maven/maven-artifact/3.6.3/maven-artifact-3.6.3.pom (2.4 kB at 200 kB/s)
Downloading from central: https://repo.maven.apache.org/maven2/org/apache/commons/commons-lang3/3.10/commons-lang3-3.10.pom
Progress (1): 4.1/31 kBProgress (1): 8.2/31 kBProgress (1): 12/31 kB Progress (1): 16/31 kBProgress (1): 20/31 kBProgress (1): 25/31 kBProgress (1): 29/31 kBProgress (1): 31 kB                      Downloaded from central: https://repo.maven.apache.org/maven2/org/apache/commons/commons-lang3/3.10/commons-lang3-3.10.pom (31 kB at 2.3 MB/s)
Downloading from central: https://repo.maven.apache.org/maven2/org/eclipse/sisu/org.eclipse.sisu.plexus/0.3.4/org.eclipse.sisu.plexus-0.3.4.pom
Progress (1): 4.1/4.2 kBProgress (1): 4.2 kB                        Downloaded from central: https://repo.maven.apache.org/maven2/org/eclipse/sisu/org.eclipse.sisu.plexus/0.3.4/org.eclipse.sisu.plexus-0.3.4.pom (4.2 kB at 321 kB/s)
Downloading from central: https://repo.maven.apache.org/maven2/org/eclipse/sisu/sisu-plexus/0.3.4/sisu-plexus-0.3.4.pom
Progress (1): 4.1/14 kBProgress (1): 8.2/14 kBProgress (1): 12/14 kB Progress (1): 14 kB                      Downloaded from central: https://repo.maven.apache.org/maven2/org/eclipse/sisu/sisu-plexus/0.3.4/sisu-plexus-0.3.4.pom (14 kB at 1.7 MB/s)
Downloading from central: https://repo.maven.apache.org/maven2/javax/enterprise/cdi-api/1.0/cdi-api-1.0.pom
Progress (1): 1.4 kB                    Downloaded from central: https://repo.maven.apache.org/maven2/javax/enterprise/cdi-api/1.0/cdi-api-1.0.pom (1.4 kB at 159 kB/s)
Downloading from central: https://repo.maven.apache.org/maven2/org/jboss/weld/weld-api-parent/1.0/weld-api-parent-1.0.pom
Progress (1): 2.4 kB                    Downloaded from central: https://repo.maven.apache.org/maven2/org/jboss/weld/weld-api-parent/1.0/weld-api-parent-1.0.pom (2.4 kB at 236 kB/s)
Downloading from central: https://repo.maven.apache.org/maven2/org/jboss/weld/weld-api-bom/1.0/weld-api-bom-1.0.pom
Progress (1): 4.1/7.9 kBProgress (1): 7.9 kB                        Downloaded from central: https://repo.maven.apache.org/maven2/org/jboss/weld/weld-api-bom/1.0/weld-api-bom-1.0.pom (7.9 kB at 659 kB/s)
Downloading from central: https://repo.maven.apache.org/maven2/org/jboss/weld/weld-parent/6/weld-parent-6.pom
Progress (1): 4.1/21 kBProgress (1): 8.2/21 kBProgress (1): 12/21 kB Progress (1): 16/21 kBProgress (1): 20/21 kBProgress (1): 21 kB                      Downloaded from central: https://repo.maven.apache.org/maven2/org/jboss/weld/weld-parent/6/weld-parent-6.pom (21 kB at 1.5 MB/s)
Downloading from central: https://repo.maven.apache.org/maven2/javax/annotation/jsr250-api/1.0/jsr250-api-1.0.pom
Progress (1): 1.0 kB                    Downloaded from central: https://repo.maven.apache.org/maven2/javax/annotation/jsr250-api/1.0/jsr250-api-1.0.pom (1.0 kB at 102 kB/s)
Downloading from central: https://repo.maven.apache.org/maven2/org/eclipse/sisu/org.eclipse.sisu.inject/0.3.4/org.eclipse.sisu.inject-0.3.4.pom
Progress (1): 2.6 kB                    Downloaded from central: https://repo.maven.apache.org/maven2/org/eclipse/sisu/org.eclipse.sisu.inject/0.3.4/org.eclipse.sisu.inject-0.3.4.pom (2.6 kB at 375 kB/s)
Downloading from central: https://repo.maven.apache.org/maven2/org/eclipse/sisu/sisu-inject/0.3.4/sisu-inject-0.3.4.pom
Progress (1): 4.1/14 kBProgress (1): 8.2/14 kBProgress (1): 12/14 kB Progress (1): 14 kB                      Downloaded from central: https://repo.maven.apache.org/maven2/org/eclipse/sisu/sisu-inject/0.3.4/sisu-inject-0.3.4.pom (14 kB at 2.4 MB/s)
Downloading from central: https://repo.maven.apache.org/maven2/org/codehaus/plexus/plexus-component-annotations/1.5.5/plexus-component-annotations-1.5.5.pom
Progress (1): 815 B                   Downloaded from central: https://repo.maven.apache.org/maven2/org/codehaus/plexus/plexus-component-annotations/1.5.5/plexus-component-annotations-1.5.5.pom (815 B at 82 kB/s)
Downloading from central: https://repo.maven.apache.org/maven2/org/codehaus/plexus/plexus-containers/1.5.5/plexus-containers-1.5.5.pom
Progress (1): 4.1/4.2 kBProgress (1): 4.2 kB                        Downloaded from central: https://repo.maven.apache.org/maven2/org/codehaus/plexus/plexus-containers/1.5.5/plexus-containers-1.5.5.pom (4.2 kB at 424 kB/s)
Downloading from central: https://repo.maven.apache.org/maven2/org/codehaus/plexus/plexus-classworlds/2.5.2/plexus-classworlds-2.5.2.pom
Progress (1): 4.1/7.3 kBProgress (1): 7.3 kB                        Downloaded from central: https://repo.maven.apache.org/maven2/org/codehaus/plexus/plexus-classworlds/2.5.2/plexus-classworlds-2.5.2.pom (7.3 kB at 730 kB/s)
Downloading from central: https://repo.maven.apache.org/maven2/org/codehaus/plexus/plexus-utils/3.0.17/plexus-utils-3.0.17.pom
Progress (1): 3.4 kB                    Downloaded from central: https://repo.maven.apache.org/maven2/org/codehaus/plexus/plexus-utils/3.0.17/plexus-utils-3.0.17.pom (3.4 kB at 424 kB/s)
Downloading from central: https://repo.maven.apache.org/maven2/org/codehaus/plexus/plexus-classworlds/2.6.0/plexus-classworlds-2.6.0.pom
Progress (1): 4.1/7.9 kBProgress (1): 7.9 kB                        Downloaded from central: https://repo.maven.apache.org/maven2/org/codehaus/plexus/plexus-classworlds/2.6.0/plexus-classworlds-2.6.0.pom (7.9 kB at 989 kB/s)
Downloading from central: https://repo.maven.apache.org/maven2/org/sonatype/sisu/sisu-inject-plexus/2.6.0/sisu-inject-plexus-2.6.0.pom
Progress (1): 2.4 kB                    Downloaded from central: https://repo.maven.apache.org/maven2/org/sonatype/sisu/sisu-inject-plexus/2.6.0/sisu-inject-plexus-2.6.0.pom (2.4 kB at 220 kB/s)
Downloading from central: https://repo.maven.apache.org/maven2/org/sonatype/sisu/inject/wrappers/2.6.0/wrappers-2.6.0.pom
Progress (1): 983 B                   Downloaded from central: https://repo.maven.apache.org/maven2/org/sonatype/sisu/inject/wrappers/2.6.0/wrappers-2.6.0.pom (983 B at 197 kB/s)
Downloading from central: https://repo.maven.apache.org/maven2/org/sonatype/sisu/sisu-inject/2.6.0/sisu-inject-2.6.0.pom
Progress (1): 2.0 kB                    Downloaded from central: https://repo.maven.apache.org/maven2/org/sonatype/sisu/sisu-inject/2.6.0/sisu-inject-2.6.0.pom (2.0 kB at 396 kB/s)
Downloading from central: https://repo.maven.apache.org/maven2/org/sonatype/sisu/sisu-parent/2.6.0/sisu-parent-2.6.0.pom
Progress (1): 4.1/11 kBProgress (1): 8.2/11 kBProgress (1): 11 kB                       Downloaded from central: https://repo.maven.apache.org/maven2/org/sonatype/sisu/sisu-parent/2.6.0/sisu-parent-2.6.0.pom (11 kB at 1.8 MB/s)
Downloading from central: https://repo.maven.apache.org/maven2/org/sonatype/forge/forge-parent/38/forge-parent-38.pom
Progress (1): 4.1/19 kBProgress (1): 8.2/19 kBProgress (1): 12/19 kB Progress (1): 16/19 kBProgress (1): 19 kB                      Downloaded from central: https://repo.maven.apache.org/maven2/org/sonatype/forge/forge-parent/38/forge-parent-38.pom (19 kB at 3.1 MB/s)
Downloading from central: https://repo.maven.apache.org/maven2/org/codehaus/plexus/plexus-utils/3.0.18/plexus-utils-3.0.18.pom
Progress (1): 3.4 kB                    Downloaded from central: https://repo.maven.apache.org/maven2/org/codehaus/plexus/plexus-utils/3.0.18/plexus-utils-3.0.18.pom (3.4 kB at 485 kB/s)
Downloading from central: https://repo.maven.apache.org/maven2/org/sonatype/sisu/sisu-inject-bean/2.6.0/sisu-inject-bean-2.6.0.pom
Progress (1): 2.1 kB                    Downloaded from central: https://repo.maven.apache.org/maven2/org/sonatype/sisu/sisu-inject-bean/2.6.0/sisu-inject-bean-2.6.0.pom (2.1 kB at 265 kB/s)
Downloading from central: https://repo.maven.apache.org/maven2/org/sonatype/sisu/sisu-guice/3.2.5/sisu-guice-3.2.5.pom
Progress (1): 4.1/11 kBProgress (1): 8.2/11 kBProgress (1): 11 kB                       Downloaded from central: https://repo.maven.apache.org/maven2/org/sonatype/sisu/sisu-guice/3.2.5/sisu-guice-3.2.5.pom (11 kB at 1.6 MB/s)
Downloading from central: https://repo.maven.apache.org/maven2/org/sonatype/sisu/inject/guice-parent/3.2.5/guice-parent-3.2.5.pom
Progress (1): 4.1/15 kBProgress (1): 8.2/15 kBProgress (1): 12/15 kB Progress (1): 15 kB                      Downloaded from central: https://repo.maven.apache.org/maven2/org/sonatype/sisu/inject/guice-parent/3.2.5/guice-parent-3.2.5.pom (15 kB at 2.5 MB/s)
Downloading from central: https://repo.maven.apache.org/maven2/com/google/guava/guava/16.0.1/guava-16.0.1.pom
Progress (1): 4.1/6.1 kBProgress (1): 6.1 kB                        Downloaded from central: https://repo.maven.apache.org/maven2/com/google/guava/guava/16.0.1/guava-16.0.1.pom (6.1 kB at 94 kB/s)
Downloading from central: https://repo.maven.apache.org/maven2/com/google/guava/guava-parent/16.0.1/guava-parent-16.0.1.pom
Progress (1): 4.1/7.3 kBProgress (1): 7.3 kB                        Downloaded from central: https://repo.maven.apache.org/maven2/com/google/guava/guava-parent/16.0.1/guava-parent-16.0.1.pom (7.3 kB at 917 kB/s)
Downloading from central: https://repo.maven.apache.org/maven2/org/eclipse/sisu/org.eclipse.sisu.inject/0.3.0/org.eclipse.sisu.inject-0.3.0.pom
Progress (1): 2.6 kB                    Downloaded from central: https://repo.maven.apache.org/maven2/org/eclipse/sisu/org.eclipse.sisu.inject/0.3.0/org.eclipse.sisu.inject-0.3.0.pom (2.6 kB at 525 kB/s)
Downloading from central: https://repo.maven.apache.org/maven2/org/eclipse/sisu/sisu-inject/0.3.0/sisu-inject-0.3.0.pom
Progress (1): 4.1/14 kBProgress (1): 8.2/14 kBProgress (1): 12/14 kB Progress (1): 14 kB                      Downloaded from central: https://repo.maven.apache.org/maven2/org/eclipse/sisu/sisu-inject/0.3.0/sisu-inject-0.3.0.pom (14 kB at 2.4 MB/s)
Downloading from central: https://repo.maven.apache.org/maven2/org/eclipse/sisu/org.eclipse.sisu.plexus/0.3.0/org.eclipse.sisu.plexus-0.3.0.pom
Progress (1): 4.1/4.2 kBProgress (1): 4.2 kB                        Downloaded from central: https://repo.maven.apache.org/maven2/org/eclipse/sisu/org.eclipse.sisu.plexus/0.3.0/org.eclipse.sisu.plexus-0.3.0.pom (4.2 kB at 463 kB/s)
Downloading from central: https://repo.maven.apache.org/maven2/org/eclipse/sisu/sisu-plexus/0.3.0/sisu-plexus-0.3.0.pom
Progress (1): 4.1/14 kBProgress (1): 8.2/14 kBProgress (1): 12/14 kB Progress (1): 14 kB                      Downloaded from central: https://repo.maven.apache.org/maven2/org/eclipse/sisu/sisu-plexus/0.3.0/sisu-plexus-0.3.0.pom (14 kB at 1.1 MB/s)
Downloading from central: https://repo.maven.apache.org/maven2/org/apache/maven/shared/maven-shared-utils/3.1.0/maven-shared-utils-3.1.0.pom
Progress (1): 4.1/5.0 kBProgress (1): 5.0 kB                        Downloaded from central: https://repo.maven.apache.org/maven2/org/apache/maven/shared/maven-shared-utils/3.1.0/maven-shared-utils-3.1.0.pom (5.0 kB at 711 kB/s)
Downloading from central: https://repo.maven.apache.org/maven2/org/springframework/boot/spring-boot-buildpack-platform/2.3.0.RELEASE/spring-boot-buildpack-platform-2.3.0.RELEASE.jar
Downloading from central: https://repo.maven.apache.org/maven2/net/java/dev/jna/jna-platform/5.5.0/jna-platform-5.5.0.jar
Progress (1): 4.1/173 kBProgress (1): 8.2/173 kBProgress (1): 12/173 kB Progress (1): 16/173 kBProgress (1): 20/173 kBProgress (1): 25/173 kBProgress (1): 29/173 kBProgress (1): 33/173 kB                       Downloading from central: https://repo.maven.apache.org/maven2/net/java/dev/jna/jna/5.5.0/jna-5.5.0.jar
Progress (1): 37/173 kBProgress (1): 41/173 kBProgress (1): 45/173 kBProgress (1): 49/173 kB                       Downloading from central: https://repo.maven.apache.org/maven2/org/apache/commons/commons-compress/1.19/commons-compress-1.19.jar
Progress (1): 53/173 kBProgress (1): 57/173 kBProgress (1): 61/173 kBProgress (1): 66/173 kBProgress (1): 70/173 kBProgress (1): 74/173 kBProgress (1): 78/173 kBProgress (1): 82/173 kBProgress (1): 86/173 kB                       Downloading from central: https://repo.maven.apache.org/maven2/org/apache/httpcomponents/httpclient/4.5.12/httpclient-4.5.12.jar
Progress (2): 86/173 kB | 4.1/615 kBProgress (2): 86/173 kB | 8.2/615 kBProgress (3): 86/173 kB | 8.2/615 kB | 0/2.7 MBProgress (3): 86/173 kB | 8.2/615 kB | 0/2.7 MBProgress (3): 86/173 kB | 8.2/615 kB | 0/2.7 MBProgress (3): 86/173 kB | 8.2/615 kB | 0.1/2.7 MBProgress (4): 86/173 kB | 8.2/615 kB | 0.1/2.7 MB | 4.1/778 kBProgress (4): 86/173 kB | 8.2/615 kB | 0.1/2.7 MB | 8.2/778 kBProgress (4): 86/173 kB | 12/615 kB | 0.1/2.7 MB | 8.2/778 kB Progress (4): 86/173 kB | 16/615 kB | 0.1/2.7 MB | 8.2/778 kBProgress (4): 86/173 kB | 20/615 kB | 0.1/2.7 MB | 8.2/778 kBProgress (5): 86/173 kB | 20/615 kB | 0.1/2.7 MB | 8.2/778 kB | 0/1.5 MBProgress (5): 86/173 kB | 20/615 kB | 0.1/2.7 MB | 8.2/778 kB | 0/1.5 MBProgress (5): 86/173 kB | 20/615 kB | 0.1/2.7 MB | 8.2/778 kB | 0/1.5 MBProgress (5): 86/173 kB | 20/615 kB | 0.1/2.7 MB | 8.2/778 kB | 0/1.5 MBProgress (5): 86/173 kB | 20/615 kB | 0.1/2.7 MB | 8.2/778 kB | 0/1.5 MBProgress (5): 90/173 kB | 20/615 kB | 0.1/2.7 MB | 8.2/778 kB | 0/1.5 MBProgress (5): 94/173 kB | 20/615 kB | 0.1/2.7 MB | 8.2/778 kB | 0/1.5 MBProgress (5): 98/173 kB | 20/615 kB | 0.1/2.7 MB | 8.2/778 kB | 0/1.5 MBProgress (5): 102/173 kB | 20/615 kB | 0.1/2.7 MB | 8.2/778 kB | 0/1.5 MBProgress (5): 106/173 kB | 20/615 kB | 0.1/2.7 MB | 8.2/778 kB | 0/1.5 MBProgress (5): 111/173 kB | 20/615 kB | 0.1/2.7 MB | 8.2/778 kB | 0/1.5 MBProgress (5): 115/173 kB | 20/615 kB | 0.1/2.7 MB | 8.2/778 kB | 0/1.5 MBProgress (5): 119/173 kB | 20/615 kB | 0.1/2.7 MB | 8.2/778 kB | 0/1.5 MBProgress (5): 123/173 kB | 20/615 kB | 0.1/2.7 MB | 8.2/778 kB | 0/1.5 MBProgress (5): 127/173 kB | 20/615 kB | 0.1/2.7 MB | 8.2/778 kB | 0/1.5 MBProgress (5): 131/173 kB | 20/615 kB | 0.1/2.7 MB | 8.2/778 kB | 0/1.5 MBProgress (5): 135/173 kB | 20/615 kB | 0.1/2.7 MB | 8.2/778 kB | 0/1.5 MBProgress (5): 139/173 kB | 20/615 kB | 0.1/2.7 MB | 8.2/778 kB | 0/1.5 MBProgress (5): 143/173 kB | 20/615 kB | 0.1/2.7 MB | 8.2/778 kB | 0/1.5 MBProgress (5): 147/173 kB | 20/615 kB | 0.1/2.7 MB | 8.2/778 kB | 0/1.5 MBProgress (5): 152/173 kB | 20/615 kB | 0.1/2.7 MB | 8.2/778 kB | 0/1.5 MBProgress (5): 152/173 kB | 20/615 kB | 0.1/2.7 MB | 8.2/778 kB | 0/1.5 MBProgress (5): 152/173 kB | 20/615 kB | 0.1/2.7 MB | 8.2/778 kB | 0/1.5 MBProgress (5): 152/173 kB | 20/615 kB | 0.1/2.7 MB | 12/778 kB | 0/1.5 MB Progress (5): 152/173 kB | 20/615 kB | 0.1/2.7 MB | 16/778 kB | 0/1.5 MBProgress (5): 152/173 kB | 20/615 kB | 0.1/2.7 MB | 20/778 kB | 0/1.5 MBProgress (5): 152/173 kB | 20/615 kB | 0.1/2.7 MB | 25/778 kB | 0/1.5 MBProgress (5): 152/173 kB | 20/615 kB | 0.1/2.7 MB | 29/778 kB | 0/1.5 MBProgress (5): 152/173 kB | 20/615 kB | 0.1/2.7 MB | 33/778 kB | 0/1.5 MBProgress (5): 152/173 kB | 20/615 kB | 0.1/2.7 MB | 37/778 kB | 0/1.5 MBProgress (5): 152/173 kB | 24/615 kB | 0.1/2.7 MB | 37/778 kB | 0/1.5 MBProgress (5): 152/173 kB | 28/615 kB | 0.1/2.7 MB | 37/778 kB | 0/1.5 MBProgress (5): 152/173 kB | 32/615 kB | 0.1/2.7 MB | 37/778 kB | 0/1.5 MBProgress (5): 152/173 kB | 36/615 kB | 0.1/2.7 MB | 37/778 kB | 0/1.5 MBProgress (5): 152/173 kB | 40/615 kB | 0.1/2.7 MB | 37/778 kB | 0/1.5 MBProgress (5): 152/173 kB | 40/615 kB | 0.1/2.7 MB | 37/778 kB | 0/1.5 MBProgress (5): 152/173 kB | 40/615 kB | 0.1/2.7 MB | 37/778 kB | 0.1/1.5 MBProgress (5): 152/173 kB | 40/615 kB | 0.1/2.7 MB | 37/778 kB | 0.1/1.5 MBProgress (5): 152/173 kB | 40/615 kB | 0.1/2.7 MB | 37/778 kB | 0.1/1.5 MBProgress (5): 152/173 kB | 40/615 kB | 0.1/2.7 MB | 37/778 kB | 0.1/1.5 MBProgress (5): 152/173 kB | 40/615 kB | 0.1/2.7 MB | 37/778 kB | 0.1/1.5 MBProgress (5): 152/173 kB | 40/615 kB | 0.1/2.7 MB | 37/778 kB | 0.1/1.5 MBProgress (5): 152/173 kB | 40/615 kB | 0.1/2.7 MB | 37/778 kB | 0.1/1.5 MBProgress (5): 152/173 kB | 40/615 kB | 0.1/2.7 MB | 37/778 kB | 0.1/1.5 MBProgress (5): 152/173 kB | 40/615 kB | 0.1/2.7 MB | 37/778 kB | 0.1/1.5 MBProgress (5): 152/173 kB | 40/615 kB | 0.1/2.7 MB | 37/778 kB | 0.1/1.5 MBProgress (5): 152/173 kB | 40/615 kB | 0.1/2.7 MB | 37/778 kB | 0.1/1.5 MBProgress (5): 152/173 kB | 40/615 kB | 0.1/2.7 MB | 37/778 kB | 0.1/1.5 MBProgress (5): 152/173 kB | 45/615 kB | 0.1/2.7 MB | 37/778 kB | 0.1/1.5 MBProgress (5): 152/173 kB | 49/615 kB | 0.1/2.7 MB | 37/778 kB | 0.1/1.5 MBProgress (5): 152/173 kB | 53/615 kB | 0.1/2.7 MB | 37/778 kB | 0.1/1.5 MBProgress (5): 152/173 kB | 57/615 kB | 0.1/2.7 MB | 37/778 kB | 0.1/1.5 MBProgress (5): 152/173 kB | 61/615 kB | 0.1/2.7 MB | 37/778 kB | 0.1/1.5 MBProgress (5): 152/173 kB | 65/615 kB | 0.1/2.7 MB | 37/778 kB | 0.1/1.5 MBProgress (5): 152/173 kB | 69/615 kB | 0.1/2.7 MB | 37/778 kB | 0.1/1.5 MBProgress (5): 152/173 kB | 73/615 kB | 0.1/2.7 MB | 37/778 kB | 0.1/1.5 MBProgress (5): 152/173 kB | 77/615 kB | 0.1/2.7 MB | 37/778 kB | 0.1/1.5 MBProgress (5): 152/173 kB | 81/615 kB | 0.1/2.7 MB | 37/778 kB | 0.1/1.5 MBProgress (5): 152/173 kB | 86/615 kB | 0.1/2.7 MB | 37/778 kB | 0.1/1.5 MBProgress (5): 152/173 kB | 86/615 kB | 0.1/2.7 MB | 37/778 kB | 0.1/1.5 MBProgress (5): 152/173 kB | 86/615 kB | 0.1/2.7 MB | 37/778 kB | 0.1/1.5 MBProgress (5): 152/173 kB | 86/615 kB | 0.1/2.7 MB | 37/778 kB | 0.1/1.5 MBProgress (5): 156/173 kB | 86/615 kB | 0.1/2.7 MB | 37/778 kB | 0.1/1.5 MBProgress (5): 160/173 kB | 86/615 kB | 0.1/2.7 MB | 37/778 kB | 0.1/1.5 MBProgress (5): 164/173 kB | 86/615 kB | 0.1/2.7 MB | 37/778 kB | 0.1/1.5 MBProgress (5): 168/173 kB | 86/615 kB | 0.1/2.7 MB | 37/778 kB | 0.1/1.5 MBProgress (5): 172/173 kB | 86/615 kB | 0.1/2.7 MB | 37/778 kB | 0.1/1.5 MBProgress (5): 173 kB | 86/615 kB | 0.1/2.7 MB | 37/778 kB | 0.1/1.5 MB    Progress (5): 173 kB | 86/615 kB | 0.1/2.7 MB | 41/778 kB | 0.1/1.5 MBProgress (5): 173 kB | 86/615 kB | 0.1/2.7 MB | 45/778 kB | 0.1/1.5 MBProgress (5): 173 kB | 86/615 kB | 0.1/2.7 MB | 49/778 kB | 0.1/1.5 MBProgress (5): 173 kB | 86/615 kB | 0.1/2.7 MB | 53/778 kB | 0.1/1.5 MBProgress (5): 173 kB | 86/615 kB | 0.1/2.7 MB | 57/778 kB | 0.1/1.5 MBProgress (5): 173 kB | 86/615 kB | 0.1/2.7 MB | 61/778 kB | 0.1/1.5 MBProgress (5): 173 kB | 86/615 kB | 0.1/2.7 MB | 66/778 kB | 0.1/1.5 MBProgress (5): 173 kB | 86/615 kB | 0.1/2.7 MB | 70/778 kB | 0.1/1.5 MBProgress (5): 173 kB | 86/615 kB | 0.1/2.7 MB | 74/778 kB | 0.1/1.5 MBProgress (5): 173 kB | 86/615 kB | 0.1/2.7 MB | 78/778 kB | 0.1/1.5 MBProgress (5): 173 kB | 86/615 kB | 0.1/2.7 MB | 82/778 kB | 0.1/1.5 MBProgress (5): 173 kB | 86/615 kB | 0.1/2.7 MB | 86/778 kB | 0.1/1.5 MBProgress (5): 173 kB | 86/615 kB | 0.1/2.7 MB | 90/778 kB | 0.1/1.5 MBProgress (5): 173 kB | 90/615 kB | 0.1/2.7 MB | 90/778 kB | 0.1/1.5 MBProgress (5): 173 kB | 94/615 kB | 0.1/2.7 MB | 90/778 kB | 0.1/1.5 MBProgress (5): 173 kB | 98/615 kB | 0.1/2.7 MB | 90/778 kB | 0.1/1.5 MBProgress (5): 173 kB | 102/615 kB | 0.1/2.7 MB | 90/778 kB | 0.1/1.5 MBProgress (5): 173 kB | 106/615 kB | 0.1/2.7 MB | 90/778 kB | 0.1/1.5 MBProgress (5): 173 kB | 110/615 kB | 0.1/2.7 MB | 90/778 kB | 0.1/1.5 MBProgress (5): 173 kB | 114/615 kB | 0.1/2.7 MB | 90/778 kB | 0.1/1.5 MBProgress (5): 173 kB | 118/615 kB | 0.1/2.7 MB | 90/778 kB | 0.1/1.5 MBProgress (5): 173 kB | 122/615 kB | 0.1/2.7 MB | 90/778 kB | 0.1/1.5 MBProgress (5): 173 kB | 126/615 kB | 0.1/2.7 MB | 90/778 kB | 0.1/1.5 MBProgress (5): 173 kB | 131/615 kB | 0.1/2.7 MB | 90/778 kB | 0.1/1.5 MB                                                                       Downloaded from central: https://repo.maven.apache.org/maven2/org/springframework/boot/spring-boot-buildpack-platform/2.3.0.RELEASE/spring-boot-buildpack-platform-2.3.0.RELEASE.jar (173 kB at 2.1 MB/s)
Progress (4): 131/615 kB | 0.2/2.7 MB | 90/778 kB | 0.1/1.5 MBProgress (4): 131/615 kB | 0.2/2.7 MB | 90/778 kB | 0.1/1.5 MBProgress (4): 131/615 kB | 0.2/2.7 MB | 90/778 kB | 0.1/1.5 MBProgress (4): 131/615 kB | 0.2/2.7 MB | 90/778 kB | 0.1/1.5 MBProgress (4): 131/615 kB | 0.2/2.7 MB | 90/778 kB | 0.2/1.5 MBProgress (4): 131/615 kB | 0.2/2.7 MB | 90/778 kB | 0.2/1.5 MBProgress (4): 131/615 kB | 0.2/2.7 MB | 90/778 kB | 0.2/1.5 MBProgress (4): 131/615 kB | 0.2/2.7 MB | 94/778 kB | 0.2/1.5 MBProgress (4): 131/615 kB | 0.2/2.7 MB | 98/778 kB | 0.2/1.5 MBProgress (4): 131/615 kB | 0.2/2.7 MB | 102/778 kB | 0.2/1.5 MBProgress (4): 131/615 kB | 0.2/2.7 MB | 106/778 kB | 0.2/1.5 MBProgress (4): 131/615 kB | 0.2/2.7 MB | 111/778 kB | 0.2/1.5 MBProgress (4): 131/615 kB | 0.2/2.7 MB | 115/778 kB | 0.2/1.5 MBProgress (4): 131/615 kB | 0.2/2.7 MB | 119/778 kB | 0.2/1.5 MBProgress (4): 131/615 kB | 0.2/2.7 MB | 123/778 kB | 0.2/1.5 MBProgress (4): 131/615 kB | 0.2/2.7 MB | 127/778 kB | 0.2/1.5 MBProgress (4): 131/615 kB | 0.2/2.7 MB | 131/778 kB | 0.2/1.5 MBProgress (4): 131/615 kB | 0.2/2.7 MB | 135/778 kB | 0.2/1.5 MBProgress (4): 131/615 kB | 0.2/2.7 MB | 139/778 kB | 0.2/1.5 MBProgress (4): 131/615 kB | 0.2/2.7 MB | 143/778 kB | 0.2/1.5 MBProgress (4): 135/615 kB | 0.2/2.7 MB | 143/778 kB | 0.2/1.5 MB                                                               Downloading from central: https://repo.maven.apache.org/maven2/org/apache/httpcomponents/httpcore/4.4.13/httpcore-4.4.13.jar
Progress (4): 139/615 kB | 0.2/2.7 MB | 143/778 kB | 0.2/1.5 MBProgress (4): 143/615 kB | 0.2/2.7 MB | 143/778 kB | 0.2/1.5 MBProgress (4): 147/615 kB | 0.2/2.7 MB | 143/778 kB | 0.2/1.5 MBProgress (4): 151/615 kB | 0.2/2.7 MB | 143/778 kB | 0.2/1.5 MBProgress (4): 155/615 kB | 0.2/2.7 MB | 143/778 kB | 0.2/1.5 MBProgress (4): 159/615 kB | 0.2/2.7 MB | 143/778 kB | 0.2/1.5 MBProgress (4): 163/615 kB | 0.2/2.7 MB | 143/778 kB | 0.2/1.5 MBProgress (4): 167/615 kB | 0.2/2.7 MB | 143/778 kB | 0.2/1.5 MBProgress (4): 172/615 kB | 0.2/2.7 MB | 143/778 kB | 0.2/1.5 MBProgress (4): 176/615 kB | 0.2/2.7 MB | 143/778 kB | 0.2/1.5 MBProgress (4): 176/615 kB | 0.2/2.7 MB | 143/778 kB | 0.2/1.5 MBProgress (4): 176/615 kB | 0.2/2.7 MB | 143/778 kB | 0.2/1.5 MBProgress (4): 176/615 kB | 0.2/2.7 MB | 143/778 kB | 0.2/1.5 MBProgress (4): 176/615 kB | 0.2/2.7 MB | 143/778 kB | 0.2/1.5 MBProgress (4): 176/615 kB | 0.2/2.7 MB | 143/778 kB | 0.2/1.5 MBProgress (4): 176/615 kB | 0.2/2.7 MB | 143/778 kB | 0.2/1.5 MBProgress (4): 176/615 kB | 0.2/2.7 MB | 147/778 kB | 0.2/1.5 MBProgress (4): 176/615 kB | 0.2/2.7 MB | 147/778 kB | 0.2/1.5 MBProgress (5): 176/615 kB | 0.2/2.7 MB | 147/778 kB | 0.2/1.5 MB | 4.1/329 kBProgress (5): 176/615 kB | 0.2/2.7 MB | 147/778 kB | 0.2/1.5 MB | 8.2/329 kBProgress (5): 176/615 kB | 0.2/2.7 MB | 147/778 kB | 0.2/1.5 MB | 12/329 kB Progress (5): 176/615 kB | 0.2/2.7 MB | 147/778 kB | 0.2/1.5 MB | 16/329 kBProgress (5): 176/615 kB | 0.2/2.7 MB | 147/778 kB | 0.2/1.5 MB | 20/329 kBProgress (5): 176/615 kB | 0.2/2.7 MB | 147/778 kB | 0.2/1.5 MB | 24/329 kBProgress (5): 176/615 kB | 0.2/2.7 MB | 147/778 kB | 0.2/1.5 MB | 28/329 kBProgress (5): 176/615 kB | 0.2/2.7 MB | 147/778 kB | 0.2/1.5 MB | 32/329 kBProgress (5): 176/615 kB | 0.2/2.7 MB | 147/778 kB | 0.2/1.5 MB | 36/329 kBProgress (5): 176/615 kB | 0.2/2.7 MB | 147/778 kB | 0.2/1.5 MB | 40/329 kBProgress (5): 176/615 kB | 0.2/2.7 MB | 147/778 kB | 0.2/1.5 MB | 45/329 kBProgress (5): 176/615 kB | 0.2/2.7 MB | 147/778 kB | 0.2/1.5 MB | 49/329 kBProgress (5): 176/615 kB | 0.2/2.7 MB | 147/778 kB | 0.2/1.5 MB | 53/329 kBProgress (5): 176/615 kB | 0.2/2.7 MB | 152/778 kB | 0.2/1.5 MB | 53/329 kBProgress (5): 176/615 kB | 0.2/2.7 MB | 156/778 kB | 0.2/1.5 MB | 53/329 kBProgress (5): 176/615 kB | 0.2/2.7 MB | 160/778 kB | 0.2/1.5 MB | 53/329 kBProgress (5): 176/615 kB | 0.2/2.7 MB | 164/778 kB | 0.2/1.5 MB | 53/329 kBProgress (5): 176/615 kB | 0.2/2.7 MB | 168/778 kB | 0.2/1.5 MB | 53/329 kBProgress (5): 176/615 kB | 0.2/2.7 MB | 172/778 kB | 0.2/1.5 MB | 53/329 kBProgress (5): 180/615 kB | 0.2/2.7 MB | 172/778 kB | 0.2/1.5 MB | 53/329 kBProgress (5): 184/615 kB | 0.2/2.7 MB | 172/778 kB | 0.2/1.5 MB | 53/329 kBProgress (5): 188/615 kB | 0.2/2.7 MB | 172/778 kB | 0.2/1.5 MB | 53/329 kBProgress (5): 192/615 kB | 0.2/2.7 MB | 172/778 kB | 0.2/1.5 MB | 53/329 kBProgress (5): 196/615 kB | 0.2/2.7 MB | 172/778 kB | 0.2/1.5 MB | 53/329 kBProgress (5): 200/615 kB | 0.2/2.7 MB | 172/778 kB | 0.2/1.5 MB | 53/329 kBProgress (5): 200/615 kB | 0.3/2.7 MB | 172/778 kB | 0.2/1.5 MB | 53/329 kBProgress (5): 200/615 kB | 0.3/2.7 MB | 172/778 kB | 0.2/1.5 MB | 53/329 kBProgress (5): 200/615 kB | 0.3/2.7 MB | 172/778 kB | 0.2/1.5 MB | 57/329 kBProgress (5): 200/615 kB | 0.3/2.7 MB | 172/778 kB | 0.2/1.5 MB | 61/329 kBProgress (5): 200/615 kB | 0.3/2.7 MB | 172/778 kB | 0.2/1.5 MB | 65/329 kBProgress (5): 200/615 kB | 0.3/2.7 MB | 172/778 kB | 0.2/1.5 MB | 69/329 kBProgress (5): 200/615 kB | 0.3/2.7 MB | 176/778 kB | 0.2/1.5 MB | 69/329 kBProgress (5): 200/615 kB | 0.3/2.7 MB | 180/778 kB | 0.2/1.5 MB | 69/329 kBProgress (5): 200/615 kB | 0.3/2.7 MB | 184/778 kB | 0.2/1.5 MB | 69/329 kBProgress (5): 200/615 kB | 0.3/2.7 MB | 184/778 kB | 0.2/1.5 MB | 69/329 kBProgress (5): 200/615 kB | 0.3/2.7 MB | 184/778 kB | 0.2/1.5 MB | 69/329 kBProgress (5): 200/615 kB | 0.3/2.7 MB | 184/778 kB | 0.2/1.5 MB | 69/329 kBProgress (5): 200/615 kB | 0.3/2.7 MB | 184/778 kB | 0.2/1.5 MB | 69/329 kBProgress (5): 200/615 kB | 0.3/2.7 MB | 184/778 kB | 0.3/1.5 MB | 69/329 kBProgress (5): 200/615 kB | 0.3/2.7 MB | 184/778 kB | 0.3/1.5 MB | 69/329 kBProgress (5): 200/615 kB | 0.3/2.7 MB | 184/778 kB | 0.3/1.5 MB | 69/329 kBProgress (5): 204/615 kB | 0.3/2.7 MB | 184/778 kB | 0.3/1.5 MB | 69/329 kBProgress (5): 208/615 kB | 0.3/2.7 MB | 184/778 kB | 0.3/1.5 MB | 69/329 kBProgress (5): 212/615 kB | 0.3/2.7 MB | 184/778 kB | 0.3/1.5 MB | 69/329 kBProgress (5): 217/615 kB | 0.3/2.7 MB | 184/778 kB | 0.3/1.5 MB | 69/329 kBProgress (5): 221/615 kB | 0.3/2.7 MB | 184/778 kB | 0.3/1.5 MB | 69/329 kBProgress (5): 225/615 kB | 0.3/2.7 MB | 184/778 kB | 0.3/1.5 MB | 69/329 kBProgress (5): 229/615 kB | 0.3/2.7 MB | 184/778 kB | 0.3/1.5 MB | 69/329 kBProgress (5): 233/615 kB | 0.3/2.7 MB | 184/778 kB | 0.3/1.5 MB | 69/329 kBProgress (5): 233/615 kB | 0.3/2.7 MB | 184/778 kB | 0.3/1.5 MB | 69/329 kBProgress (5): 233/615 kB | 0.3/2.7 MB | 184/778 kB | 0.3/1.5 MB | 69/329 kBProgress (5): 233/615 kB | 0.3/2.7 MB | 184/778 kB | 0.3/1.5 MB | 69/329 kBProgress (5): 233/615 kB | 0.3/2.7 MB | 184/778 kB | 0.3/1.5 MB | 69/329 kBProgress (5): 233/615 kB | 0.3/2.7 MB | 184/778 kB | 0.3/1.5 MB | 69/329 kBProgress (5): 233/615 kB | 0.3/2.7 MB | 184/778 kB | 0.3/1.5 MB | 69/329 kBProgress (5): 233/615 kB | 0.3/2.7 MB | 184/778 kB | 0.3/1.5 MB | 73/329 kBProgress (5): 233/615 kB | 0.3/2.7 MB | 184/778 kB | 0.3/1.5 MB | 77/329 kBProgress (5): 233/615 kB | 0.3/2.7 MB | 184/778 kB | 0.3/1.5 MB | 81/329 kBProgress (5): 233/615 kB | 0.3/2.7 MB | 184/778 kB | 0.3/1.5 MB | 86/329 kBProgress (5): 233/615 kB | 0.3/2.7 MB | 184/778 kB | 0.3/1.5 MB | 90/329 kBProgress (5): 233/615 kB | 0.3/2.7 MB | 188/778 kB | 0.3/1.5 MB | 90/329 kBProgress (5): 233/615 kB | 0.3/2.7 MB | 193/778 kB | 0.3/1.5 MB | 90/329 kBProgress (5): 233/615 kB | 0.3/2.7 MB | 197/778 kB | 0.3/1.5 MB | 90/329 kBProgress (5): 233/615 kB | 0.3/2.7 MB | 201/778 kB | 0.3/1.5 MB | 90/329 kBProgress (5): 233/615 kB | 0.3/2.7 MB | 205/778 kB | 0.3/1.5 MB | 90/329 kBProgress (5): 233/615 kB | 0.3/2.7 MB | 209/778 kB | 0.3/1.5 MB | 90/329 kBProgress (5): 233/615 kB | 0.3/2.7 MB | 213/778 kB | 0.3/1.5 MB | 90/329 kBProgress (5): 233/615 kB | 0.3/2.7 MB | 217/778 kB | 0.3/1.5 MB | 90/329 kBProgress (5): 233/615 kB | 0.3/2.7 MB | 221/778 kB | 0.3/1.5 MB | 90/329 kBProgress (5): 233/615 kB | 0.3/2.7 MB | 225/778 kB | 0.3/1.5 MB | 90/329 kBProgress (5): 233/615 kB | 0.3/2.7 MB | 229/778 kB | 0.3/1.5 MB | 90/329 kBProgress (5): 233/615 kB | 0.3/2.7 MB | 233/778 kB | 0.3/1.5 MB | 90/329 kBProgress (5): 233/615 kB | 0.3/2.7 MB | 238/778 kB | 0.3/1.5 MB | 90/329 kBProgress (5): 233/615 kB | 0.3/2.7 MB | 242/778 kB | 0.3/1.5 MB | 90/329 kBProgress (5): 233/615 kB | 0.3/2.7 MB | 246/778 kB | 0.3/1.5 MB | 90/329 kBProgress (5): 233/615 kB | 0.3/2.7 MB | 250/778 kB | 0.3/1.5 MB | 90/329 kBProgress (5): 233/615 kB | 0.3/2.7 MB | 254/778 kB | 0.3/1.5 MB | 90/329 kBProgress (5): 233/615 kB | 0.3/2.7 MB | 258/778 kB | 0.3/1.5 MB | 90/329 kBProgress (5): 233/615 kB | 0.3/2.7 MB | 262/778 kB | 0.3/1.5 MB | 90/329 kBProgress (5): 233/615 kB | 0.3/2.7 MB | 266/778 kB | 0.3/1.5 MB | 90/329 kBProgress (5): 233/615 kB | 0.3/2.7 MB | 270/778 kB | 0.3/1.5 MB | 90/329 kBProgress (5): 237/615 kB | 0.3/2.7 MB | 270/778 kB | 0.3/1.5 MB | 90/329 kBProgress (5): 241/615 kB | 0.3/2.7 MB | 270/778 kB | 0.3/1.5 MB | 90/329 kBProgress (5): 245/615 kB | 0.3/2.7 MB | 270/778 kB | 0.3/1.5 MB | 90/329 kBProgress (5): 249/615 kB | 0.3/2.7 MB | 270/778 kB | 0.3/1.5 MB | 90/329 kBProgress (5): 253/615 kB | 0.3/2.7 MB | 270/778 kB | 0.3/1.5 MB | 90/329 kBProgress (5): 258/615 kB | 0.3/2.7 MB | 270/778 kB | 0.3/1.5 MB | 90/329 kBProgress (5): 262/615 kB | 0.3/2.7 MB | 270/778 kB | 0.3/1.5 MB | 90/329 kBProgress (5): 266/615 kB | 0.3/2.7 MB | 270/778 kB | 0.3/1.5 MB | 90/329 kBProgress (5): 270/615 kB | 0.3/2.7 MB | 270/778 kB | 0.3/1.5 MB | 90/329 kBProgress (5): 274/615 kB | 0.3/2.7 MB | 270/778 kB | 0.3/1.5 MB | 90/329 kBProgress (5): 278/615 kB | 0.3/2.7 MB | 270/778 kB | 0.3/1.5 MB | 90/329 kBProgress (5): 282/615 kB | 0.3/2.7 MB | 270/778 kB | 0.3/1.5 MB | 90/329 kBProgress (5): 286/615 kB | 0.3/2.7 MB | 270/778 kB | 0.3/1.5 MB | 90/329 kBProgress (5): 290/615 kB | 0.3/2.7 MB | 270/778 kB | 0.3/1.5 MB | 90/329 kBProgress (5): 294/615 kB | 0.3/2.7 MB | 270/778 kB | 0.3/1.5 MB | 90/329 kBProgress (5): 299/615 kB | 0.3/2.7 MB | 270/778 kB | 0.3/1.5 MB | 90/329 kBProgress (5): 303/615 kB | 0.3/2.7 MB | 270/778 kB | 0.3/1.5 MB | 90/329 kBProgress (5): 307/615 kB | 0.3/2.7 MB | 270/778 kB | 0.3/1.5 MB | 90/329 kBProgress (5): 311/615 kB | 0.3/2.7 MB | 270/778 kB | 0.3/1.5 MB | 90/329 kBProgress (5): 311/615 kB | 0.4/2.7 MB | 270/778 kB | 0.3/1.5 MB | 90/329 kBProgress (5): 311/615 kB | 0.4/2.7 MB | 270/778 kB | 0.3/1.5 MB | 90/329 kBProgress (5): 311/615 kB | 0.4/2.7 MB | 270/778 kB | 0.3/1.5 MB | 90/329 kBProgress (5): 311/615 kB | 0.4/2.7 MB | 270/778 kB | 0.3/1.5 MB | 90/329 kBProgress (5): 311/615 kB | 0.4/2.7 MB | 270/778 kB | 0.3/1.5 MB | 90/329 kBProgress (5): 311/615 kB | 0.4/2.7 MB | 270/778 kB | 0.3/1.5 MB | 90/329 kBProgress (5): 311/615 kB | 0.4/2.7 MB | 270/778 kB | 0.3/1.5 MB | 90/329 kBProgress (5): 311/615 kB | 0.4/2.7 MB | 270/778 kB | 0.3/1.5 MB | 90/329 kBProgress (5): 311/615 kB | 0.4/2.7 MB | 270/778 kB | 0.4/1.5 MB | 90/329 kBProgress (5): 311/615 kB | 0.4/2.7 MB | 270/778 kB | 0.4/1.5 MB | 90/329 kBProgress (5): 311/615 kB | 0.4/2.7 MB | 270/778 kB | 0.4/1.5 MB | 90/329 kBProgress (5): 311/615 kB | 0.4/2.7 MB | 270/778 kB | 0.4/1.5 MB | 90/329 kBProgress (5): 311/615 kB | 0.4/2.7 MB | 270/778 kB | 0.4/1.5 MB | 94/329 kBProgress (5): 311/615 kB | 0.4/2.7 MB | 270/778 kB | 0.4/1.5 MB | 98/329 kBProgress (5): 311/615 kB | 0.4/2.7 MB | 270/778 kB | 0.4/1.5 MB | 102/329 kBProgress (5): 311/615 kB | 0.4/2.7 MB | 270/778 kB | 0.4/1.5 MB | 106/329 kBProgress (5): 311/615 kB | 0.4/2.7 MB | 270/778 kB | 0.4/1.5 MB | 110/329 kBProgress (5): 311/615 kB | 0.4/2.7 MB | 270/778 kB | 0.4/1.5 MB | 114/329 kBProgress (5): 311/615 kB | 0.4/2.7 MB | 270/778 kB | 0.4/1.5 MB | 118/329 kBProgress (5): 311/615 kB | 0.4/2.7 MB | 270/778 kB | 0.4/1.5 MB | 122/329 kBProgress (5): 311/615 kB | 0.4/2.7 MB | 270/778 kB | 0.4/1.5 MB | 126/329 kBProgress (5): 311/615 kB | 0.4/2.7 MB | 270/778 kB | 0.4/1.5 MB | 131/329 kBProgress (5): 311/615 kB | 0.4/2.7 MB | 270/778 kB | 0.4/1.5 MB | 135/329 kBProgress (5): 311/615 kB | 0.4/2.7 MB | 270/778 kB | 0.4/1.5 MB | 139/329 kBProgress (5): 311/615 kB | 0.4/2.7 MB | 270/778 kB | 0.4/1.5 MB | 143/329 kBProgress (5): 311/615 kB | 0.4/2.7 MB | 270/778 kB | 0.4/1.5 MB | 147/329 kBProgress (5): 311/615 kB | 0.4/2.7 MB | 270/778 kB | 0.4/1.5 MB | 151/329 kBProgress (5): 311/615 kB | 0.4/2.7 MB | 270/778 kB | 0.4/1.5 MB | 155/329 kBProgress (5): 311/615 kB | 0.4/2.7 MB | 270/778 kB | 0.4/1.5 MB | 159/329 kBProgress (5): 311/615 kB | 0.4/2.7 MB | 270/778 kB | 0.4/1.5 MB | 163/329 kBProgress (5): 311/615 kB | 0.4/2.7 MB | 274/778 kB | 0.4/1.5 MB | 163/329 kBProgress (5): 311/615 kB | 0.4/2.7 MB | 279/778 kB | 0.4/1.5 MB | 163/329 kBProgress (5): 311/615 kB | 0.4/2.7 MB | 283/778 kB | 0.4/1.5 MB | 163/329 kBProgress (5): 311/615 kB | 0.4/2.7 MB | 287/778 kB | 0.4/1.5 MB | 163/329 kBProgress (5): 311/615 kB | 0.4/2.7 MB | 291/778 kB | 0.4/1.5 MB | 163/329 kBProgress (5): 311/615 kB | 0.4/2.7 MB | 295/778 kB | 0.4/1.5 MB | 163/329 kBProgress (5): 311/615 kB | 0.4/2.7 MB | 299/778 kB | 0.4/1.5 MB | 163/329 kBProgress (5): 311/615 kB | 0.4/2.7 MB | 303/778 kB | 0.4/1.5 MB | 163/329 kBProgress (5): 311/615 kB | 0.4/2.7 MB | 307/778 kB | 0.4/1.5 MB | 163/329 kBProgress (5): 311/615 kB | 0.4/2.7 MB | 311/778 kB | 0.4/1.5 MB | 163/329 kBProgress (5): 311/615 kB | 0.4/2.7 MB | 315/778 kB | 0.4/1.5 MB | 163/329 kBProgress (5): 311/615 kB | 0.4/2.7 MB | 319/778 kB | 0.4/1.5 MB | 163/329 kBProgress (5): 311/615 kB | 0.4/2.7 MB | 324/778 kB | 0.4/1.5 MB | 163/329 kBProgress (5): 311/615 kB | 0.4/2.7 MB | 328/778 kB | 0.4/1.5 MB | 163/329 kBProgress (5): 311/615 kB | 0.4/2.7 MB | 332/778 kB | 0.4/1.5 MB | 163/329 kBProgress (5): 311/615 kB | 0.4/2.7 MB | 336/778 kB | 0.4/1.5 MB | 163/329 kBProgress (5): 311/615 kB | 0.4/2.7 MB | 340/778 kB | 0.4/1.5 MB | 163/329 kBProgress (5): 311/615 kB | 0.4/2.7 MB | 344/778 kB | 0.4/1.5 MB | 163/329 kBProgress (5): 311/615 kB | 0.4/2.7 MB | 348/778 kB | 0.4/1.5 MB | 163/329 kBProgress (5): 311/615 kB | 0.4/2.7 MB | 352/778 kB | 0.4/1.5 MB | 163/329 kBProgress (5): 311/615 kB | 0.4/2.7 MB | 356/778 kB | 0.4/1.5 MB | 163/329 kBProgress (5): 311/615 kB | 0.4/2.7 MB | 360/778 kB | 0.4/1.5 MB | 163/329 kBProgress (5): 311/615 kB | 0.4/2.7 MB | 365/778 kB | 0.4/1.5 MB | 163/329 kBProgress (5): 311/615 kB | 0.4/2.7 MB | 369/778 kB | 0.4/1.5 MB | 163/329 kBProgress (5): 311/615 kB | 0.4/2.7 MB | 373/778 kB | 0.4/1.5 MB | 163/329 kBProgress (5): 311/615 kB | 0.4/2.7 MB | 373/778 kB | 0.4/1.5 MB | 167/329 kBProgress (5): 311/615 kB | 0.4/2.7 MB | 373/778 kB | 0.4/1.5 MB | 172/329 kBProgress (5): 311/615 kB | 0.4/2.7 MB | 373/778 kB | 0.4/1.5 MB | 176/329 kBProgress (5): 311/615 kB | 0.4/2.7 MB | 373/778 kB | 0.4/1.5 MB | 180/329 kBProgress (5): 311/615 kB | 0.4/2.7 MB | 373/778 kB | 0.4/1.5 MB | 184/329 kBProgress (5): 311/615 kB | 0.4/2.7 MB | 373/778 kB | 0.4/1.5 MB | 188/329 kBProgress (5): 311/615 kB | 0.4/2.7 MB | 373/778 kB | 0.4/1.5 MB | 192/329 kBProgress (5): 311/615 kB | 0.4/2.7 MB | 373/778 kB | 0.4/1.5 MB | 196/329 kBProgress (5): 311/615 kB | 0.4/2.7 MB | 373/778 kB | 0.4/1.5 MB | 200/329 kBProgress (5): 311/615 kB | 0.4/2.7 MB | 373/778 kB | 0.4/1.5 MB | 204/329 kBProgress (5): 311/615 kB | 0.4/2.7 MB | 373/778 kB | 0.4/1.5 MB | 208/329 kBProgress (5): 311/615 kB | 0.4/2.7 MB | 373/778 kB | 0.4/1.5 MB | 212/329 kBProgress (5): 311/615 kB | 0.4/2.7 MB | 373/778 kB | 0.4/1.5 MB | 217/329 kBProgress (5): 311/615 kB | 0.4/2.7 MB | 373/778 kB | 0.4/1.5 MB | 221/329 kBProgress (5): 311/615 kB | 0.4/2.7 MB | 373/778 kB | 0.4/1.5 MB | 225/329 kBProgress (5): 311/615 kB | 0.4/2.7 MB | 373/778 kB | 0.4/1.5 MB | 229/329 kBProgress (5): 311/615 kB | 0.4/2.7 MB | 373/778 kB | 0.4/1.5 MB | 233/329 kBProgress (5): 311/615 kB | 0.4/2.7 MB | 373/778 kB | 0.4/1.5 MB | 237/329 kBProgress (5): 311/615 kB | 0.4/2.7 MB | 373/778 kB | 0.4/1.5 MB | 241/329 kBProgress (5): 311/615 kB | 0.4/2.7 MB | 373/778 kB | 0.4/1.5 MB | 245/329 kBProgress (5): 311/615 kB | 0.4/2.7 MB | 373/778 kB | 0.4/1.5 MB | 249/329 kBProgress (5): 311/615 kB | 0.4/2.7 MB | 373/778 kB | 0.4/1.5 MB | 253/329 kBProgress (5): 311/615 kB | 0.4/2.7 MB | 373/778 kB | 0.4/1.5 MB | 253/329 kBProgress (5): 311/615 kB | 0.4/2.7 MB | 373/778 kB | 0.4/1.5 MB | 253/329 kBProgress (5): 311/615 kB | 0.4/2.7 MB | 373/778 kB | 0.4/1.5 MB | 253/329 kBProgress (5): 311/615 kB | 0.4/2.7 MB | 373/778 kB | 0.4/1.5 MB | 253/329 kBProgress (5): 311/615 kB | 0.4/2.7 MB | 373/778 kB | 0.4/1.5 MB | 253/329 kBProgress (5): 311/615 kB | 0.4/2.7 MB | 373/778 kB | 0.4/1.5 MB | 253/329 kBProgress (5): 311/615 kB | 0.4/2.7 MB | 373/778 kB | 0.4/1.5 MB | 253/329 kBProgress (5): 311/615 kB | 0.4/2.7 MB | 373/778 kB | 0.4/1.5 MB | 253/329 kBProgress (5): 311/615 kB | 0.4/2.7 MB | 373/778 kB | 0.4/1.5 MB | 253/329 kBProgress (5): 311/615 kB | 0.4/2.7 MB | 373/778 kB | 0.4/1.5 MB | 253/329 kBProgress (5): 311/615 kB | 0.4/2.7 MB | 373/778 kB | 0.4/1.5 MB | 253/329 kBProgress (5): 311/615 kB | 0.4/2.7 MB | 373/778 kB | 0.4/1.5 MB | 253/329 kBProgress (5): 311/615 kB | 0.4/2.7 MB | 373/778 kB | 0.4/1.5 MB | 253/329 kBProgress (5): 311/615 kB | 0.4/2.7 MB | 373/778 kB | 0.5/1.5 MB | 253/329 kBProgress (5): 311/615 kB | 0.4/2.7 MB | 373/778 kB | 0.5/1.5 MB | 253/329 kBProgress (5): 311/615 kB | 0.4/2.7 MB | 373/778 kB | 0.5/1.5 MB | 253/329 kBProgress (5): 315/615 kB | 0.4/2.7 MB | 373/778 kB | 0.5/1.5 MB | 253/329 kBProgress (5): 319/615 kB | 0.4/2.7 MB | 373/778 kB | 0.5/1.5 MB | 253/329 kBProgress (5): 323/615 kB | 0.4/2.7 MB | 373/778 kB | 0.5/1.5 MB | 253/329 kBProgress (5): 327/615 kB | 0.4/2.7 MB | 373/778 kB | 0.5/1.5 MB | 253/329 kBProgress (5): 331/615 kB | 0.4/2.7 MB | 373/778 kB | 0.5/1.5 MB | 253/329 kBProgress (5): 335/615 kB | 0.4/2.7 MB | 373/778 kB | 0.5/1.5 MB | 253/329 kBProgress (5): 339/615 kB | 0.4/2.7 MB | 373/778 kB | 0.5/1.5 MB | 253/329 kBProgress (5): 344/615 kB | 0.4/2.7 MB | 373/778 kB | 0.5/1.5 MB | 253/329 kBProgress (5): 348/615 kB | 0.4/2.7 MB | 373/778 kB | 0.5/1.5 MB | 253/329 kBProgress (5): 352/615 kB | 0.4/2.7 MB | 373/778 kB | 0.5/1.5 MB | 253/329 kBProgress (5): 356/615 kB | 0.4/2.7 MB | 373/778 kB | 0.5/1.5 MB | 253/329 kBProgress (5): 360/615 kB | 0.4/2.7 MB | 373/778 kB | 0.5/1.5 MB | 253/329 kBProgress (5): 364/615 kB | 0.4/2.7 MB | 373/778 kB | 0.5/1.5 MB | 253/329 kBProgress (5): 368/615 kB | 0.4/2.7 MB | 373/778 kB | 0.5/1.5 MB | 253/329 kBProgress (5): 372/615 kB | 0.4/2.7 MB | 373/778 kB | 0.5/1.5 MB | 253/329 kBProgress (5): 376/615 kB | 0.4/2.7 MB | 373/778 kB | 0.5/1.5 MB | 253/329 kBProgress (5): 380/615 kB | 0.4/2.7 MB | 373/778 kB | 0.5/1.5 MB | 253/329 kBProgress (5): 385/615 kB | 0.4/2.7 MB | 373/778 kB | 0.5/1.5 MB | 253/329 kBProgress (5): 389/615 kB | 0.4/2.7 MB | 373/778 kB | 0.5/1.5 MB | 253/329 kBProgress (5): 393/615 kB | 0.4/2.7 MB | 373/778 kB | 0.5/1.5 MB | 253/329 kBProgress (5): 393/615 kB | 0.4/2.7 MB | 377/778 kB | 0.5/1.5 MB | 253/329 kBProgress (5): 393/615 kB | 0.4/2.7 MB | 381/778 kB | 0.5/1.5 MB | 253/329 kBProgress (5): 393/615 kB | 0.4/2.7 MB | 385/778 kB | 0.5/1.5 MB | 253/329 kBProgress (5): 393/615 kB | 0.4/2.7 MB | 389/778 kB | 0.5/1.5 MB | 253/329 kBProgress (5): 393/615 kB | 0.4/2.7 MB | 393/778 kB | 0.5/1.5 MB | 253/329 kBProgress (5): 393/615 kB | 0.4/2.7 MB | 397/778 kB | 0.5/1.5 MB | 253/329 kBProgress (5): 393/615 kB | 0.4/2.7 MB | 401/778 kB | 0.5/1.5 MB | 253/329 kBProgress (5): 393/615 kB | 0.4/2.7 MB | 406/778 kB | 0.5/1.5 MB | 253/329 kBProgress (5): 393/615 kB | 0.4/2.7 MB | 406/778 kB | 0.5/1.5 MB | 258/329 kBProgress (5): 393/615 kB | 0.4/2.7 MB | 406/778 kB | 0.5/1.5 MB | 262/329 kBProgress (5): 393/615 kB | 0.4/2.7 MB | 406/778 kB | 0.5/1.5 MB | 266/329 kBProgress (5): 393/615 kB | 0.4/2.7 MB | 406/778 kB | 0.5/1.5 MB | 270/329 kBProgress (5): 393/615 kB | 0.4/2.7 MB | 406/778 kB | 0.5/1.5 MB | 274/329 kBProgress (5): 393/615 kB | 0.4/2.7 MB | 406/778 kB | 0.5/1.5 MB | 278/329 kBProgress (5): 393/615 kB | 0.4/2.7 MB | 406/778 kB | 0.5/1.5 MB | 282/329 kBProgress (5): 393/615 kB | 0.4/2.7 MB | 406/778 kB | 0.5/1.5 MB | 286/329 kBProgress (5): 393/615 kB | 0.4/2.7 MB | 406/778 kB | 0.5/1.5 MB | 290/329 kBProgress (5): 393/615 kB | 0.4/2.7 MB | 406/778 kB | 0.5/1.5 MB | 294/329 kBProgress (5): 393/615 kB | 0.5/2.7 MB | 406/778 kB | 0.5/1.5 MB | 294/329 kBProgress (5): 393/615 kB | 0.5/2.7 MB | 406/778 kB | 0.5/1.5 MB | 294/329 kBProgress (5): 393/615 kB | 0.5/2.7 MB | 406/778 kB | 0.5/1.5 MB | 294/329 kBProgress (5): 393/615 kB | 0.5/2.7 MB | 410/778 kB | 0.5/1.5 MB | 294/329 kBProgress (5): 393/615 kB | 0.5/2.7 MB | 414/778 kB | 0.5/1.5 MB | 294/329 kBProgress (5): 393/615 kB | 0.5/2.7 MB | 418/778 kB | 0.5/1.5 MB | 294/329 kBProgress (5): 393/615 kB | 0.5/2.7 MB | 422/778 kB | 0.5/1.5 MB | 294/329 kBProgress (5): 393/615 kB | 0.5/2.7 MB | 426/778 kB | 0.5/1.5 MB | 294/329 kBProgress (5): 393/615 kB | 0.5/2.7 MB | 430/778 kB | 0.5/1.5 MB | 294/329 kBProgress (5): 397/615 kB | 0.5/2.7 MB | 430/778 kB | 0.5/1.5 MB | 294/329 kBProgress (5): 401/615 kB | 0.5/2.7 MB | 430/778 kB | 0.5/1.5 MB | 294/329 kBProgress (5): 405/615 kB | 0.5/2.7 MB | 430/778 kB | 0.5/1.5 MB | 294/329 kBProgress (5): 409/615 kB | 0.5/2.7 MB | 430/778 kB | 0.5/1.5 MB | 294/329 kBProgress (5): 413/615 kB | 0.5/2.7 MB | 430/778 kB | 0.5/1.5 MB | 294/329 kBProgress (5): 417/615 kB | 0.5/2.7 MB | 430/778 kB | 0.5/1.5 MB | 294/329 kBProgress (5): 417/615 kB | 0.5/2.7 MB | 430/778 kB | 0.5/1.5 MB | 294/329 kBProgress (5): 417/615 kB | 0.5/2.7 MB | 430/778 kB | 0.5/1.5 MB | 294/329 kBProgress (5): 417/615 kB | 0.5/2.7 MB | 430/778 kB | 0.5/1.5 MB | 294/329 kBProgress (5): 417/615 kB | 0.5/2.7 MB | 430/778 kB | 0.5/1.5 MB | 294/329 kBProgress (5): 417/615 kB | 0.5/2.7 MB | 430/778 kB | 0.5/1.5 MB | 294/329 kBProgress (5): 417/615 kB | 0.5/2.7 MB | 430/778 kB | 0.5/1.5 MB | 294/329 kBProgress (5): 417/615 kB | 0.5/2.7 MB | 430/778 kB | 0.5/1.5 MB | 294/329 kBProgress (5): 417/615 kB | 0.5/2.7 MB | 434/778 kB | 0.5/1.5 MB | 294/329 kBProgress (5): 417/615 kB | 0.5/2.7 MB | 438/778 kB | 0.5/1.5 MB | 294/329 kBProgress (5): 417/615 kB | 0.5/2.7 MB | 442/778 kB | 0.5/1.5 MB | 294/329 kBProgress (5): 417/615 kB | 0.5/2.7 MB | 446/778 kB | 0.5/1.5 MB | 294/329 kBProgress (5): 417/615 kB | 0.5/2.7 MB | 451/778 kB | 0.5/1.5 MB | 294/329 kBProgress (5): 417/615 kB | 0.5/2.7 MB | 455/778 kB | 0.5/1.5 MB | 294/329 kBProgress (5): 421/615 kB | 0.5/2.7 MB | 455/778 kB | 0.5/1.5 MB | 294/329 kBProgress (5): 425/615 kB | 0.5/2.7 MB | 455/778 kB | 0.5/1.5 MB | 294/329 kBProgress (5): 430/615 kB | 0.5/2.7 MB | 455/778 kB | 0.5/1.5 MB | 294/329 kBProgress (5): 434/615 kB | 0.5/2.7 MB | 455/778 kB | 0.5/1.5 MB | 294/329 kBProgress (5): 438/615 kB | 0.5/2.7 MB | 455/778 kB | 0.5/1.5 MB | 294/329 kBProgress (5): 438/615 kB | 0.5/2.7 MB | 455/778 kB | 0.5/1.5 MB | 299/329 kBProgress (5): 438/615 kB | 0.5/2.7 MB | 455/778 kB | 0.5/1.5 MB | 303/329 kBProgress (5): 438/615 kB | 0.5/2.7 MB | 455/778 kB | 0.5/1.5 MB | 307/329 kBProgress (5): 438/615 kB | 0.5/2.7 MB | 455/778 kB | 0.5/1.5 MB | 311/329 kBProgress (5): 438/615 kB | 0.5/2.7 MB | 455/778 kB | 0.5/1.5 MB | 315/329 kBProgress (5): 438/615 kB | 0.5/2.7 MB | 455/778 kB | 0.5/1.5 MB | 319/329 kBProgress (5): 438/615 kB | 0.5/2.7 MB | 455/778 kB | 0.5/1.5 MB | 323/329 kBProgress (5): 438/615 kB | 0.5/2.7 MB | 455/778 kB | 0.5/1.5 MB | 327/329 kBProgress (5): 438/615 kB | 0.5/2.7 MB | 455/778 kB | 0.5/1.5 MB | 329 kB    Progress (5): 438/615 kB | 0.5/2.7 MB | 455/778 kB | 0.5/1.5 MB | 329 kBProgress (5): 438/615 kB | 0.5/2.7 MB | 455/778 kB | 0.5/1.5 MB | 329 kBProgress (5): 438/615 kB | 0.5/2.7 MB | 455/778 kB | 0.5/1.5 MB | 329 kBProgress (5): 438/615 kB | 0.5/2.7 MB | 455/778 kB | 0.5/1.5 MB | 329 kBProgress (5): 438/615 kB | 0.5/2.7 MB | 455/778 kB | 0.5/1.5 MB | 329 kBProgress (5): 438/615 kB | 0.5/2.7 MB | 455/778 kB | 0.5/1.5 MB | 329 kBProgress (5): 438/615 kB | 0.6/2.7 MB | 455/778 kB | 0.5/1.5 MB | 329 kBProgress (5): 438/615 kB | 0.6/2.7 MB | 459/778 kB | 0.5/1.5 MB | 329 kBProgress (5): 438/615 kB | 0.6/2.7 MB | 463/778 kB | 0.5/1.5 MB | 329 kBProgress (5): 438/615 kB | 0.6/2.7 MB | 467/778 kB | 0.5/1.5 MB | 329 kBProgress (5): 438/615 kB | 0.6/2.7 MB | 471/778 kB | 0.5/1.5 MB | 329 kBProgress (5): 442/615 kB | 0.6/2.7 MB | 471/778 kB | 0.5/1.5 MB | 329 kBProgress (5): 446/615 kB | 0.6/2.7 MB | 471/778 kB | 0.5/1.5 MB | 329 kBProgress (5): 450/615 kB | 0.6/2.7 MB | 471/778 kB | 0.5/1.5 MB | 329 kBProgress (5): 454/615 kB | 0.6/2.7 MB | 471/778 kB | 0.5/1.5 MB | 329 kBProgress (5): 458/615 kB | 0.6/2.7 MB | 471/778 kB | 0.5/1.5 MB | 329 kBProgress (5): 462/615 kB | 0.6/2.7 MB | 471/778 kB | 0.5/1.5 MB | 329 kBProgress (5): 466/615 kB | 0.6/2.7 MB | 471/778 kB | 0.5/1.5 MB | 329 kBProgress (5): 466/615 kB | 0.6/2.7 MB | 475/778 kB | 0.5/1.5 MB | 329 kBProgress (5): 466/615 kB | 0.6/2.7 MB | 479/778 kB | 0.5/1.5 MB | 329 kBProgress (5): 466/615 kB | 0.6/2.7 MB | 483/778 kB | 0.5/1.5 MB | 329 kBProgress (5): 466/615 kB | 0.6/2.7 MB | 483/778 kB | 0.6/1.5 MB | 329 kBProgress (5): 466/615 kB | 0.6/2.7 MB | 483/778 kB | 0.6/1.5 MB | 329 kBProgress (5): 466/615 kB | 0.6/2.7 MB | 487/778 kB | 0.6/1.5 MB | 329 kBProgress (5): 466/615 kB | 0.6/2.7 MB | 492/778 kB | 0.6/1.5 MB | 329 kBProgress (5): 466/615 kB | 0.6/2.7 MB | 496/778 kB | 0.6/1.5 MB | 329 kBProgress (5): 466/615 kB | 0.6/2.7 MB | 500/778 kB | 0.6/1.5 MB | 329 kBProgress (5): 471/615 kB | 0.6/2.7 MB | 500/778 kB | 0.6/1.5 MB | 329 kBProgress (5): 475/615 kB | 0.6/2.7 MB | 500/778 kB | 0.6/1.5 MB | 329 kBProgress (5): 479/615 kB | 0.6/2.7 MB | 500/778 kB | 0.6/1.5 MB | 329 kBProgress (5): 483/615 kB | 0.6/2.7 MB | 500/778 kB | 0.6/1.5 MB | 329 kBProgress (5): 487/615 kB | 0.6/2.7 MB | 500/778 kB | 0.6/1.5 MB | 329 kBProgress (5): 491/615 kB | 0.6/2.7 MB | 500/778 kB | 0.6/1.5 MB | 329 kBProgress (5): 495/615 kB | 0.6/2.7 MB | 500/778 kB | 0.6/1.5 MB | 329 kBProgress (5): 499/615 kB | 0.6/2.7 MB | 500/778 kB | 0.6/1.5 MB | 329 kBProgress (5): 503/615 kB | 0.6/2.7 MB | 500/778 kB | 0.6/1.5 MB | 329 kBProgress (5): 507/615 kB | 0.6/2.7 MB | 500/778 kB | 0.6/1.5 MB | 329 kBProgress (5): 511/615 kB | 0.6/2.7 MB | 500/778 kB | 0.6/1.5 MB | 329 kBProgress (5): 516/615 kB | 0.6/2.7 MB | 500/778 kB | 0.6/1.5 MB | 329 kBProgress (5): 516/615 kB | 0.6/2.7 MB | 500/778 kB | 0.6/1.5 MB | 329 kBProgress (5): 516/615 kB | 0.6/2.7 MB | 500/778 kB | 0.6/1.5 MB | 329 kBProgress (5): 516/615 kB | 0.6/2.7 MB | 500/778 kB | 0.6/1.5 MB | 329 kBProgress (5): 516/615 kB | 0.6/2.7 MB | 500/778 kB | 0.6/1.5 MB | 329 kBProgress (5): 516/615 kB | 0.6/2.7 MB | 500/778 kB | 0.6/1.5 MB | 329 kBProgress (5): 516/615 kB | 0.6/2.7 MB | 500/778 kB | 0.6/1.5 MB | 329 kB                                                                        Downloaded from central: https://repo.maven.apache.org/maven2/org/apache/httpcomponents/httpcore/4.4.13/httpcore-4.4.13.jar (329 kB at 1.5 MB/s)
Downloading from central: https://repo.maven.apache.org/maven2/org/springframework/boot/spring-boot-loader-tools/2.3.0.RELEASE/spring-boot-loader-tools-2.3.0.RELEASE.jar
Progress (4): 516/615 kB | 0.6/2.7 MB | 504/778 kB | 0.6/1.5 MBProgress (4): 516/615 kB | 0.6/2.7 MB | 508/778 kB | 0.6/1.5 MBProgress (4): 516/615 kB | 0.6/2.7 MB | 512/778 kB | 0.6/1.5 MBProgress (4): 516/615 kB | 0.6/2.7 MB | 516/778 kB | 0.6/1.5 MBProgress (4): 516/615 kB | 0.6/2.7 MB | 520/778 kB | 0.6/1.5 MBProgress (4): 516/615 kB | 0.6/2.7 MB | 524/778 kB | 0.6/1.5 MBProgress (4): 516/615 kB | 0.6/2.7 MB | 528/778 kB | 0.6/1.5 MBProgress (4): 516/615 kB | 0.6/2.7 MB | 532/778 kB | 0.6/1.5 MBProgress (4): 516/615 kB | 0.6/2.7 MB | 537/778 kB | 0.6/1.5 MBProgress (4): 516/615 kB | 0.6/2.7 MB | 541/778 kB | 0.6/1.5 MBProgress (4): 516/615 kB | 0.6/2.7 MB | 541/778 kB | 0.6/1.5 MBProgress (4): 516/615 kB | 0.6/2.7 MB | 541/778 kB | 0.6/1.5 MBProgress (4): 516/615 kB | 0.6/2.7 MB | 541/778 kB | 0.6/1.5 MBProgress (4): 516/615 kB | 0.6/2.7 MB | 541/778 kB | 0.6/1.5 MBProgress (4): 516/615 kB | 0.6/2.7 MB | 541/778 kB | 0.6/1.5 MBProgress (4): 516/615 kB | 0.6/2.7 MB | 541/778 kB | 0.6/1.5 MBProgress (4): 516/615 kB | 0.6/2.7 MB | 541/778 kB | 0.7/1.5 MBProgress (4): 520/615 kB | 0.6/2.7 MB | 541/778 kB | 0.7/1.5 MBProgress (4): 524/615 kB | 0.6/2.7 MB | 541/778 kB | 0.7/1.5 MBProgress (4): 528/615 kB | 0.6/2.7 MB | 541/778 kB | 0.7/1.5 MBProgress (4): 532/615 kB | 0.6/2.7 MB | 541/778 kB | 0.7/1.5 MBProgress (4): 536/615 kB | 0.6/2.7 MB | 541/778 kB | 0.7/1.5 MBProgress (4): 536/615 kB | 0.6/2.7 MB | 541/778 kB | 0.7/1.5 MBProgress (4): 536/615 kB | 0.6/2.7 MB | 541/778 kB | 0.7/1.5 MBProgress (5): 536/615 kB | 0.6/2.7 MB | 541/778 kB | 0.7/1.5 MB | 4.1/233 kBProgress (5): 536/615 kB | 0.6/2.7 MB | 541/778 kB | 0.7/1.5 MB | 8.2/233 kBProgress (5): 536/615 kB | 0.6/2.7 MB | 541/778 kB | 0.7/1.5 MB | 12/233 kB Progress (5): 536/615 kB | 0.6/2.7 MB | 541/778 kB | 0.7/1.5 MB | 16/233 kBProgress (5): 536/615 kB | 0.6/2.7 MB | 541/778 kB | 0.7/1.5 MB | 20/233 kBProgress (5): 536/615 kB | 0.6/2.7 MB | 541/778 kB | 0.7/1.5 MB | 25/233 kBProgress (5): 536/615 kB | 0.6/2.7 MB | 541/778 kB | 0.7/1.5 MB | 29/233 kBProgress (5): 536/615 kB | 0.6/2.7 MB | 541/778 kB | 0.7/1.5 MB | 33/233 kBProgress (5): 536/615 kB | 0.6/2.7 MB | 541/778 kB | 0.7/1.5 MB | 37/233 kBProgress (5): 536/615 kB | 0.6/2.7 MB | 545/778 kB | 0.7/1.5 MB | 37/233 kBProgress (5): 536/615 kB | 0.6/2.7 MB | 549/778 kB | 0.7/1.5 MB | 37/233 kBProgress (5): 536/615 kB | 0.6/2.7 MB | 553/778 kB | 0.7/1.5 MB | 37/233 kBProgress (5): 536/615 kB | 0.6/2.7 MB | 557/778 kB | 0.7/1.5 MB | 37/233 kBProgress (5): 536/615 kB | 0.6/2.7 MB | 561/778 kB | 0.7/1.5 MB | 37/233 kBProgress (5): 536/615 kB | 0.6/2.7 MB | 565/778 kB | 0.7/1.5 MB | 37/233 kBProgress (5): 536/615 kB | 0.6/2.7 MB | 569/778 kB | 0.7/1.5 MB | 37/233 kBProgress (5): 536/615 kB | 0.6/2.7 MB | 573/778 kB | 0.7/1.5 MB | 37/233 kBProgress (5): 536/615 kB | 0.6/2.7 MB | 578/778 kB | 0.7/1.5 MB | 37/233 kBProgress (5): 540/615 kB | 0.6/2.7 MB | 578/778 kB | 0.7/1.5 MB | 37/233 kBProgress (5): 544/615 kB | 0.6/2.7 MB | 578/778 kB | 0.7/1.5 MB | 37/233 kBProgress (5): 548/615 kB | 0.6/2.7 MB | 578/778 kB | 0.7/1.5 MB | 37/233 kBProgress (5): 552/615 kB | 0.6/2.7 MB | 578/778 kB | 0.7/1.5 MB | 37/233 kBProgress (5): 557/615 kB | 0.6/2.7 MB | 578/778 kB | 0.7/1.5 MB | 37/233 kBProgress (5): 561/615 kB | 0.6/2.7 MB | 578/778 kB | 0.7/1.5 MB | 37/233 kBProgress (5): 565/615 kB | 0.6/2.7 MB | 578/778 kB | 0.7/1.5 MB | 37/233 kBProgress (5): 569/615 kB | 0.6/2.7 MB | 578/778 kB | 0.7/1.5 MB | 37/233 kBProgress (5): 569/615 kB | 0.6/2.7 MB | 578/778 kB | 0.7/1.5 MB | 41/233 kBProgress (5): 569/615 kB | 0.6/2.7 MB | 578/778 kB | 0.7/1.5 MB | 45/233 kBProgress (5): 569/615 kB | 0.6/2.7 MB | 578/778 kB | 0.7/1.5 MB | 49/233 kBProgress (5): 569/615 kB | 0.6/2.7 MB | 578/778 kB | 0.7/1.5 MB | 53/233 kBProgress (5): 569/615 kB | 0.6/2.7 MB | 578/778 kB | 0.7/1.5 MB | 57/233 kBProgress (5): 569/615 kB | 0.6/2.7 MB | 578/778 kB | 0.7/1.5 MB | 61/233 kBProgress (5): 569/615 kB | 0.6/2.7 MB | 578/778 kB | 0.7/1.5 MB | 61/233 kBProgress (5): 569/615 kB | 0.6/2.7 MB | 578/778 kB | 0.7/1.5 MB | 61/233 kBProgress (5): 569/615 kB | 0.6/2.7 MB | 578/778 kB | 0.7/1.5 MB | 61/233 kBProgress (5): 569/615 kB | 0.6/2.7 MB | 578/778 kB | 0.7/1.5 MB | 61/233 kBProgress (5): 569/615 kB | 0.6/2.7 MB | 578/778 kB | 0.7/1.5 MB | 61/233 kBProgress (5): 569/615 kB | 0.7/2.7 MB | 578/778 kB | 0.7/1.5 MB | 61/233 kBProgress (5): 569/615 kB | 0.7/2.7 MB | 578/778 kB | 0.7/1.5 MB | 61/233 kBProgress (5): 569/615 kB | 0.7/2.7 MB | 578/778 kB | 0.7/1.5 MB | 61/233 kBProgress (5): 569/615 kB | 0.7/2.7 MB | 578/778 kB | 0.7/1.5 MB | 61/233 kBProgress (5): 573/615 kB | 0.7/2.7 MB | 578/778 kB | 0.7/1.5 MB | 61/233 kBProgress (5): 577/615 kB | 0.7/2.7 MB | 578/778 kB | 0.7/1.5 MB | 61/233 kBProgress (5): 581/615 kB | 0.7/2.7 MB | 578/778 kB | 0.7/1.5 MB | 61/233 kBProgress (5): 585/615 kB | 0.7/2.7 MB | 578/778 kB | 0.7/1.5 MB | 61/233 kBProgress (5): 589/615 kB | 0.7/2.7 MB | 578/778 kB | 0.7/1.5 MB | 61/233 kBProgress (5): 593/615 kB | 0.7/2.7 MB | 578/778 kB | 0.7/1.5 MB | 61/233 kBProgress (5): 593/615 kB | 0.7/2.7 MB | 578/778 kB | 0.7/1.5 MB | 66/233 kBProgress (5): 593/615 kB | 0.7/2.7 MB | 582/778 kB | 0.7/1.5 MB | 66/233 kBProgress (5): 593/615 kB | 0.7/2.7 MB | 586/778 kB | 0.7/1.5 MB | 66/233 kBProgress (5): 593/615 kB | 0.7/2.7 MB | 590/778 kB | 0.7/1.5 MB | 66/233 kBProgress (5): 593/615 kB | 0.7/2.7 MB | 594/778 kB | 0.7/1.5 MB | 66/233 kBProgress (5): 593/615 kB | 0.7/2.7 MB | 598/778 kB | 0.7/1.5 MB | 66/233 kBProgress (5): 593/615 kB | 0.7/2.7 MB | 598/778 kB | 0.7/1.5 MB | 66/233 kBProgress (5): 593/615 kB | 0.7/2.7 MB | 598/778 kB | 0.7/1.5 MB | 66/233 kBProgress (5): 593/615 kB | 0.7/2.7 MB | 598/778 kB | 0.7/1.5 MB | 66/233 kBProgress (5): 593/615 kB | 0.7/2.7 MB | 598/778 kB | 0.7/1.5 MB | 66/233 kBProgress (5): 593/615 kB | 0.7/2.7 MB | 598/778 kB | 0.7/1.5 MB | 66/233 kBProgress (5): 593/615 kB | 0.7/2.7 MB | 598/778 kB | 0.7/1.5 MB | 66/233 kBProgress (5): 593/615 kB | 0.7/2.7 MB | 602/778 kB | 0.7/1.5 MB | 66/233 kBProgress (5): 593/615 kB | 0.7/2.7 MB | 606/778 kB | 0.7/1.5 MB | 66/233 kBProgress (5): 593/615 kB | 0.7/2.7 MB | 610/778 kB | 0.7/1.5 MB | 66/233 kBProgress (5): 593/615 kB | 0.7/2.7 MB | 614/778 kB | 0.7/1.5 MB | 66/233 kBProgress (5): 593/615 kB | 0.7/2.7 MB | 614/778 kB | 0.7/1.5 MB | 70/233 kBProgress (5): 593/615 kB | 0.7/2.7 MB | 614/778 kB | 0.7/1.5 MB | 74/233 kBProgress (5): 593/615 kB | 0.7/2.7 MB | 614/778 kB | 0.7/1.5 MB | 78/233 kBProgress (5): 593/615 kB | 0.7/2.7 MB | 614/778 kB | 0.7/1.5 MB | 82/233 kBProgress (5): 593/615 kB | 0.7/2.7 MB | 614/778 kB | 0.7/1.5 MB | 86/233 kBProgress (5): 593/615 kB | 0.7/2.7 MB | 614/778 kB | 0.7/1.5 MB | 90/233 kBProgress (5): 593/615 kB | 0.7/2.7 MB | 614/778 kB | 0.7/1.5 MB | 94/233 kBProgress (5): 593/615 kB | 0.7/2.7 MB | 614/778 kB | 0.7/1.5 MB | 98/233 kBProgress (5): 593/615 kB | 0.7/2.7 MB | 614/778 kB | 0.7/1.5 MB | 102/233 kBProgress (5): 593/615 kB | 0.7/2.7 MB | 614/778 kB | 0.7/1.5 MB | 106/233 kBProgress (5): 593/615 kB | 0.7/2.7 MB | 614/778 kB | 0.7/1.5 MB | 111/233 kBProgress (5): 593/615 kB | 0.7/2.7 MB | 614/778 kB | 0.7/1.5 MB | 115/233 kBProgress (5): 593/615 kB | 0.7/2.7 MB | 614/778 kB | 0.7/1.5 MB | 119/233 kBProgress (5): 593/615 kB | 0.7/2.7 MB | 614/778 kB | 0.7/1.5 MB | 123/233 kBProgress (5): 593/615 kB | 0.7/2.7 MB | 614/778 kB | 0.7/1.5 MB | 123/233 kBProgress (5): 598/615 kB | 0.7/2.7 MB | 614/778 kB | 0.7/1.5 MB | 123/233 kBProgress (5): 602/615 kB | 0.7/2.7 MB | 614/778 kB | 0.7/1.5 MB | 123/233 kBProgress (5): 606/615 kB | 0.7/2.7 MB | 614/778 kB | 0.7/1.5 MB | 123/233 kBProgress (5): 610/615 kB | 0.7/2.7 MB | 614/778 kB | 0.7/1.5 MB | 123/233 kBProgress (5): 614/615 kB | 0.7/2.7 MB | 614/778 kB | 0.7/1.5 MB | 123/233 kBProgress (5): 615 kB | 0.7/2.7 MB | 614/778 kB | 0.7/1.5 MB | 123/233 kB    Progress (5): 615 kB | 0.7/2.7 MB | 614/778 kB | 0.7/1.5 MB | 123/233 kBProgress (5): 615 kB | 0.8/2.7 MB | 614/778 kB | 0.7/1.5 MB | 123/233 kBProgress (5): 615 kB | 0.8/2.7 MB | 614/778 kB | 0.7/1.5 MB | 123/233 kBProgress (5): 615 kB | 0.8/2.7 MB | 618/778 kB | 0.7/1.5 MB | 123/233 kBProgress (5): 615 kB | 0.8/2.7 MB | 623/778 kB | 0.7/1.5 MB | 123/233 kBProgress (5): 615 kB | 0.8/2.7 MB | 627/778 kB | 0.7/1.5 MB | 123/233 kBProgress (5): 615 kB | 0.8/2.7 MB | 631/778 kB | 0.7/1.5 MB | 123/233 kBProgress (5): 615 kB | 0.8/2.7 MB | 635/778 kB | 0.7/1.5 MB | 123/233 kBProgress (5): 615 kB | 0.8/2.7 MB | 639/778 kB | 0.7/1.5 MB | 123/233 kBProgress (5): 615 kB | 0.8/2.7 MB | 643/778 kB | 0.7/1.5 MB | 123/233 kBProgress (5): 615 kB | 0.8/2.7 MB | 647/778 kB | 0.7/1.5 MB | 123/233 kBProgress (5): 615 kB | 0.8/2.7 MB | 651/778 kB | 0.7/1.5 MB | 123/233 kBProgress (5): 615 kB | 0.8/2.7 MB | 655/778 kB | 0.7/1.5 MB | 123/233 kBProgress (5): 615 kB | 0.8/2.7 MB | 659/778 kB | 0.7/1.5 MB | 123/233 kBProgress (5): 615 kB | 0.8/2.7 MB | 664/778 kB | 0.7/1.5 MB | 123/233 kBProgress (5): 615 kB | 0.8/2.7 MB | 664/778 kB | 0.7/1.5 MB | 127/233 kBProgress (5): 615 kB | 0.8/2.7 MB | 664/778 kB | 0.7/1.5 MB | 131/233 kBProgress (5): 615 kB | 0.8/2.7 MB | 664/778 kB | 0.8/1.5 MB | 131/233 kBProgress (5): 615 kB | 0.8/2.7 MB | 664/778 kB | 0.8/1.5 MB | 131/233 kBProgress (5): 615 kB | 0.8/2.7 MB | 664/778 kB | 0.8/1.5 MB | 131/233 kBProgress (5): 615 kB | 0.8/2.7 MB | 664/778 kB | 0.8/1.5 MB | 131/233 kB                                                                        Downloaded from central: https://repo.maven.apache.org/maven2/org/apache/commons/commons-compress/1.19/commons-compress-1.19.jar (615 kB at 2.2 MB/s)
Downloading from central: https://repo.maven.apache.org/maven2/org/apache/maven/shared/maven-common-artifact-filters/3.1.0/maven-common-artifact-filters-3.1.0.jar
Progress (4): 0.8/2.7 MB | 664/778 kB | 0.8/1.5 MB | 135/233 kBProgress (4): 0.8/2.7 MB | 664/778 kB | 0.8/1.5 MB | 139/233 kBProgress (4): 0.8/2.7 MB | 664/778 kB | 0.8/1.5 MB | 143/233 kBProgress (4): 0.8/2.7 MB | 664/778 kB | 0.8/1.5 MB | 147/233 kBProgress (4): 0.8/2.7 MB | 664/778 kB | 0.8/1.5 MB | 152/233 kBProgress (4): 0.8/2.7 MB | 664/778 kB | 0.8/1.5 MB | 156/233 kBProgress (4): 0.8/2.7 MB | 668/778 kB | 0.8/1.5 MB | 156/233 kBProgress (4): 0.8/2.7 MB | 672/778 kB | 0.8/1.5 MB | 156/233 kBProgress (4): 0.8/2.7 MB | 676/778 kB | 0.8/1.5 MB | 156/233 kBProgress (4): 0.8/2.7 MB | 680/778 kB | 0.8/1.5 MB | 156/233 kBProgress (4): 0.8/2.7 MB | 684/778 kB | 0.8/1.5 MB | 156/233 kBProgress (4): 0.8/2.7 MB | 688/778 kB | 0.8/1.5 MB | 156/233 kBProgress (4): 0.8/2.7 MB | 692/778 kB | 0.8/1.5 MB | 156/233 kBProgress (4): 0.8/2.7 MB | 696/778 kB | 0.8/1.5 MB | 156/233 kBProgress (5): 0.8/2.7 MB | 696/778 kB | 0.8/1.5 MB | 156/233 kB | 4.1/61 kBProgress (5): 0.8/2.7 MB | 696/778 kB | 0.8/1.5 MB | 156/233 kB | 8.2/61 kBProgress (5): 0.8/2.7 MB | 696/778 kB | 0.8/1.5 MB | 156/233 kB | 12/61 kB Progress (5): 0.8/2.7 MB | 696/778 kB | 0.8/1.5 MB | 156/233 kB | 16/61 kBProgress (5): 0.8/2.7 MB | 696/778 kB | 0.8/1.5 MB | 156/233 kB | 20/61 kBProgress (5): 0.8/2.7 MB | 696/778 kB | 0.8/1.5 MB | 156/233 kB | 20/61 kBProgress (5): 0.8/2.7 MB | 696/778 kB | 0.8/1.5 MB | 156/233 kB | 20/61 kBProgress (5): 0.8/2.7 MB | 696/778 kB | 0.8/1.5 MB | 156/233 kB | 20/61 kBProgress (5): 0.8/2.7 MB | 696/778 kB | 0.8/1.5 MB | 156/233 kB | 20/61 kBProgress (5): 0.8/2.7 MB | 696/778 kB | 0.8/1.5 MB | 156/233 kB | 20/61 kBProgress (5): 0.8/2.7 MB | 696/778 kB | 0.8/1.5 MB | 160/233 kB | 20/61 kBProgress (5): 0.8/2.7 MB | 696/778 kB | 0.8/1.5 MB | 164/233 kB | 20/61 kBProgress (5): 0.8/2.7 MB | 696/778 kB | 0.8/1.5 MB | 168/233 kB | 20/61 kBProgress (5): 0.8/2.7 MB | 696/778 kB | 0.8/1.5 MB | 172/233 kB | 20/61 kBProgress (5): 0.8/2.7 MB | 696/778 kB | 0.8/1.5 MB | 176/233 kB | 20/61 kBProgress (5): 0.8/2.7 MB | 696/778 kB | 0.8/1.5 MB | 180/233 kB | 20/61 kBProgress (5): 0.8/2.7 MB | 696/778 kB | 0.8/1.5 MB | 184/233 kB | 20/61 kBProgress (5): 0.8/2.7 MB | 696/778 kB | 0.8/1.5 MB | 188/233 kB | 20/61 kBProgress (5): 0.8/2.7 MB | 696/778 kB | 0.8/1.5 MB | 193/233 kB | 20/61 kBProgress (5): 0.8/2.7 MB | 696/778 kB | 0.8/1.5 MB | 197/233 kB | 20/61 kBProgress (5): 0.8/2.7 MB | 700/778 kB | 0.8/1.5 MB | 197/233 kB | 20/61 kBProgress (5): 0.8/2.7 MB | 705/778 kB | 0.8/1.5 MB | 197/233 kB | 20/61 kBProgress (5): 0.8/2.7 MB | 709/778 kB | 0.8/1.5 MB | 197/233 kB | 20/61 kBProgress (5): 0.8/2.7 MB | 713/778 kB | 0.8/1.5 MB | 197/233 kB | 20/61 kBProgress (5): 0.8/2.7 MB | 717/778 kB | 0.8/1.5 MB | 197/233 kB | 20/61 kBProgress (5): 0.8/2.7 MB | 717/778 kB | 0.8/1.5 MB | 197/233 kB | 25/61 kBProgress (5): 0.8/2.7 MB | 717/778 kB | 0.8/1.5 MB | 197/233 kB | 29/61 kBProgress (5): 0.8/2.7 MB | 717/778 kB | 0.8/1.5 MB | 197/233 kB | 33/61 kBProgress (5): 0.8/2.7 MB | 717/778 kB | 0.8/1.5 MB | 197/233 kB | 37/61 kBProgress (5): 0.8/2.7 MB | 717/778 kB | 0.8/1.5 MB | 197/233 kB | 37/61 kBProgress (5): 0.8/2.7 MB | 717/778 kB | 0.8/1.5 MB | 197/233 kB | 37/61 kBProgress (5): 0.8/2.7 MB | 717/778 kB | 0.8/1.5 MB | 197/233 kB | 37/61 kBProgress (5): 0.8/2.7 MB | 717/778 kB | 0.8/1.5 MB | 197/233 kB | 37/61 kBProgress (5): 0.8/2.7 MB | 717/778 kB | 0.8/1.5 MB | 197/233 kB | 37/61 kBProgress (5): 0.8/2.7 MB | 717/778 kB | 0.8/1.5 MB | 197/233 kB | 37/61 kBProgress (5): 0.8/2.7 MB | 717/778 kB | 0.9/1.5 MB | 197/233 kB | 37/61 kBProgress (5): 0.8/2.7 MB | 717/778 kB | 0.9/1.5 MB | 197/233 kB | 37/61 kBProgress (5): 0.8/2.7 MB | 717/778 kB | 0.9/1.5 MB | 197/233 kB | 37/61 kBProgress (5): 0.8/2.7 MB | 717/778 kB | 0.9/1.5 MB | 201/233 kB | 37/61 kBProgress (5): 0.8/2.7 MB | 717/778 kB | 0.9/1.5 MB | 205/233 kB | 37/61 kBProgress (5): 0.8/2.7 MB | 717/778 kB | 0.9/1.5 MB | 209/233 kB | 37/61 kBProgress (5): 0.8/2.7 MB | 717/778 kB | 0.9/1.5 MB | 213/233 kB | 37/61 kBProgress (5): 0.8/2.7 MB | 717/778 kB | 0.9/1.5 MB | 217/233 kB | 37/61 kBProgress (5): 0.8/2.7 MB | 717/778 kB | 0.9/1.5 MB | 221/233 kB | 37/61 kBProgress (5): 0.8/2.7 MB | 721/778 kB | 0.9/1.5 MB | 221/233 kB | 37/61 kBProgress (5): 0.8/2.7 MB | 725/778 kB | 0.9/1.5 MB | 221/233 kB | 37/61 kBProgress (5): 0.8/2.7 MB | 729/778 kB | 0.9/1.5 MB | 221/233 kB | 37/61 kBProgress (5): 0.8/2.7 MB | 733/778 kB | 0.9/1.5 MB | 221/233 kB | 37/61 kBProgress (5): 0.8/2.7 MB | 733/778 kB | 0.9/1.5 MB | 221/233 kB | 41/61 kBProgress (5): 0.8/2.7 MB | 733/778 kB | 0.9/1.5 MB | 221/233 kB | 45/61 kBProgress (5): 0.8/2.7 MB | 733/778 kB | 0.9/1.5 MB | 221/233 kB | 49/61 kBProgress (5): 0.8/2.7 MB | 733/778 kB | 0.9/1.5 MB | 221/233 kB | 53/61 kBProgress (5): 0.8/2.7 MB | 733/778 kB | 0.9/1.5 MB | 221/233 kB | 53/61 kBProgress (5): 0.8/2.7 MB | 733/778 kB | 0.9/1.5 MB | 221/233 kB | 53/61 kBProgress (5): 0.8/2.7 MB | 733/778 kB | 0.9/1.5 MB | 221/233 kB | 57/61 kBProgress (5): 0.8/2.7 MB | 733/778 kB | 0.9/1.5 MB | 221/233 kB | 61 kB   Progress (5): 0.9/2.7 MB | 733/778 kB | 0.9/1.5 MB | 221/233 kB | 61 kBProgress (5): 0.9/2.7 MB | 733/778 kB | 0.9/1.5 MB | 221/233 kB | 61 kBProgress (5): 0.9/2.7 MB | 733/778 kB | 0.9/1.5 MB | 221/233 kB | 61 kBProgress (5): 0.9/2.7 MB | 737/778 kB | 0.9/1.5 MB | 221/233 kB | 61 kBProgress (5): 0.9/2.7 MB | 741/778 kB | 0.9/1.5 MB | 221/233 kB | 61 kBProgress (5): 0.9/2.7 MB | 745/778 kB | 0.9/1.5 MB | 221/233 kB | 61 kBProgress (5): 0.9/2.7 MB | 750/778 kB | 0.9/1.5 MB | 221/233 kB | 61 kBProgress (5): 0.9/2.7 MB | 754/778 kB | 0.9/1.5 MB | 221/233 kB | 61 kBProgress (5): 0.9/2.7 MB | 758/778 kB | 0.9/1.5 MB | 221/233 kB | 61 kBProgress (5): 0.9/2.7 MB | 758/778 kB | 0.9/1.5 MB | 221/233 kB | 61 kBProgress (5): 0.9/2.7 MB | 758/778 kB | 0.9/1.5 MB | 225/233 kB | 61 kBProgress (5): 0.9/2.7 MB | 758/778 kB | 0.9/1.5 MB | 229/233 kB | 61 kBProgress (5): 0.9/2.7 MB | 758/778 kB | 0.9/1.5 MB | 233 kB | 61 kB    Progress (5): 0.9/2.7 MB | 758/778 kB | 0.9/1.5 MB | 233 kB | 61 kBProgress (5): 0.9/2.7 MB | 758/778 kB | 0.9/1.5 MB | 233 kB | 61 kBProgress (5): 0.9/2.7 MB | 758/778 kB | 0.9/1.5 MB | 233 kB | 61 kBProgress (5): 0.9/2.7 MB | 762/778 kB | 0.9/1.5 MB | 233 kB | 61 kBProgress (5): 0.9/2.7 MB | 766/778 kB | 0.9/1.5 MB | 233 kB | 61 kBProgress (5): 0.9/2.7 MB | 770/778 kB | 0.9/1.5 MB | 233 kB | 61 kBProgress (5): 0.9/2.7 MB | 774/778 kB | 0.9/1.5 MB | 233 kB | 61 kBProgress (5): 0.9/2.7 MB | 778 kB | 0.9/1.5 MB | 233 kB | 61 kB                                                                   Downloaded from central: https://repo.maven.apache.org/maven2/org/springframework/boot/spring-boot-loader-tools/2.3.0.RELEASE/spring-boot-loader-tools-2.3.0.RELEASE.jar (233 kB at 727 kB/s)
Downloaded from central: https://repo.maven.apache.org/maven2/org/apache/maven/shared/maven-common-artifact-filters/3.1.0/maven-common-artifact-filters-3.1.0.jar (61 kB at 191 kB/s)
Downloading from central: https://repo.maven.apache.org/maven2/org/apache/maven/maven-settings-builder/3.6.3/maven-settings-builder-3.6.3.jar
Progress (3): 0.9/2.7 MB | 778 kB | 0.9/1.5 MBProgress (3): 0.9/2.7 MB | 778 kB | 0.9/1.5 MBProgress (3): 0.9/2.7 MB | 778 kB | 0.9/1.5 MBProgress (3): 0.9/2.7 MB | 778 kB | 0.9/1.5 MBProgress (3): 0.9/2.7 MB | 778 kB | 0.9/1.5 MB                                              Downloading from central: https://repo.maven.apache.org/maven2/org/apache/maven/maven-builder-support/3.6.3/maven-builder-support-3.6.3.jar
Downloaded from central: https://repo.maven.apache.org/maven2/org/apache/httpcomponents/httpclient/4.5.12/httpclient-4.5.12.jar (778 kB at 2.3 MB/s)
Downloading from central: https://repo.maven.apache.org/maven2/javax/inject/javax.inject/1/javax.inject-1.jar
Progress (3): 0.9/2.7 MB | 0.9/1.5 MB | 4.1/42 kBProgress (3): 0.9/2.7 MB | 0.9/1.5 MB | 8.2/42 kBProgress (3): 0.9/2.7 MB | 0.9/1.5 MB | 12/42 kB Progress (3): 0.9/2.7 MB | 0.9/1.5 MB | 16/42 kBProgress (3): 0.9/2.7 MB | 0.9/1.5 MB | 20/42 kBProgress (3): 0.9/2.7 MB | 0.9/1.5 MB | 25/42 kBProgress (3): 0.9/2.7 MB | 0.9/1.5 MB | 29/42 kBProgress (3): 0.9/2.7 MB | 0.9/1.5 MB | 33/42 kBProgress (3): 0.9/2.7 MB | 0.9/1.5 MB | 37/42 kBProgress (3): 0.9/2.7 MB | 0.9/1.5 MB | 41/42 kBProgress (3): 0.9/2.7 MB | 0.9/1.5 MB | 42 kB   Progress (3): 0.9/2.7 MB | 0.9/1.5 MB | 42 kBProgress (3): 0.9/2.7 MB | 0.9/1.5 MB | 42 kBProgress (3): 0.9/2.7 MB | 0.9/1.5 MB | 42 kBProgress (3): 0.9/2.7 MB | 1.0/1.5 MB | 42 kBProgress (3): 0.9/2.7 MB | 1.0/1.5 MB | 42 kBProgress (3): 0.9/2.7 MB | 1.0/1.5 MB | 42 kBProgress (3): 0.9/2.7 MB | 1.0/1.5 MB | 42 kBProgress (3): 0.9/2.7 MB | 1.0/1.5 MB | 42 kBProgress (3): 0.9/2.7 MB | 1.0/1.5 MB | 42 kBProgress (3): 1.0/2.7 MB | 1.0/1.5 MB | 42 kBProgress (3): 1.0/2.7 MB | 1.0/1.5 MB | 42 kBProgress (3): 1.0/2.7 MB | 1.0/1.5 MB | 42 kBProgress (3): 1.0/2.7 MB | 1.0/1.5 MB | 42 kBProgress (3): 1.0/2.7 MB | 1.0/1.5 MB | 42 kBProgress (3): 1.0/2.7 MB | 1.0/1.5 MB | 42 kBProgress (4): 1.0/2.7 MB | 1.0/1.5 MB | 42 kB | 4.1/14 kBProgress (4): 1.0/2.7 MB | 1.0/1.5 MB | 42 kB | 8.2/14 kBProgress (4): 1.0/2.7 MB | 1.0/1.5 MB | 42 kB | 12/14 kB Progress (4): 1.0/2.7 MB | 1.0/1.5 MB | 42 kB | 14 kB                                                        Downloaded from central: https://repo.maven.apache.org/maven2/org/apache/maven/maven-settings-builder/3.6.3/maven-settings-builder-3.6.3.jar (42 kB at 118 kB/s)
Downloading from central: https://repo.maven.apache.org/maven2/org/codehaus/plexus/plexus-component-annotations/1.5.5/plexus-component-annotations-1.5.5.jar
Progress (3): 1.0/2.7 MB | 1.0/1.5 MB | 14 kBProgress (3): 1.0/2.7 MB | 1.0/1.5 MB | 14 kBProgress (3): 1.0/2.7 MB | 1.0/1.5 MB | 14 kBProgress (3): 1.0/2.7 MB | 1.0/1.5 MB | 14 kBProgress (3): 1.0/2.7 MB | 1.0/1.5 MB | 14 kB                                             Downloaded from central: https://repo.maven.apache.org/maven2/org/apache/maven/maven-builder-support/3.6.3/maven-builder-support-3.6.3.jar (14 kB at 39 kB/s)
Downloading from central: https://repo.maven.apache.org/maven2/org/sonatype/plexus/plexus-sec-dispatcher/1.4/plexus-sec-dispatcher-1.4.jar
Progress (3): 1.0/2.7 MB | 1.0/1.5 MB | 4.1/4.2 kBProgress (4): 1.0/2.7 MB | 1.0/1.5 MB | 4.1/4.2 kB | 2.5 kBProgress (4): 1.0/2.7 MB | 1.0/1.5 MB | 4.2 kB | 2.5 kB    Progress (4): 1.1/2.7 MB | 1.0/1.5 MB | 4.2 kB | 2.5 kB                                                       Downloaded from central: https://repo.maven.apache.org/maven2/javax/inject/javax.inject/1/javax.inject-1.jar (2.5 kB at 6.8 kB/s)
Downloading from central: https://repo.maven.apache.org/maven2/org/sonatype/sisu/sisu-inject-plexus/2.6.0/sisu-inject-plexus-2.6.0.jar
Progress (3): 1.1/2.7 MB | 1.0/1.5 MB | 4.2 kBProgress (3): 1.1/2.7 MB | 1.0/1.5 MB | 4.2 kBProgress (3): 1.1/2.7 MB | 1.1/1.5 MB | 4.2 kBProgress (4): 1.1/2.7 MB | 1.1/1.5 MB | 4.2 kB | 4.1/28 kBProgress (4): 1.1/2.7 MB | 1.1/1.5 MB | 4.2 kB | 8.2/28 kBProgress (4): 1.1/2.7 MB | 1.1/1.5 MB | 4.2 kB | 12/28 kB Progress (4): 1.1/2.7 MB | 1.1/1.5 MB | 4.2 kB | 16/28 kBProgress (4): 1.1/2.7 MB | 1.1/1.5 MB | 4.2 kB | 20/28 kBProgress (4): 1.1/2.7 MB | 1.1/1.5 MB | 4.2 kB | 25/28 kBProgress (4): 1.1/2.7 MB | 1.1/1.5 MB | 4.2 kB | 28 kB   Progress (4): 1.1/2.7 MB | 1.1/1.5 MB | 4.2 kB | 28 kBProgress (5): 1.1/2.7 MB | 1.1/1.5 MB | 4.2 kB | 28 kB | 4.1/20 kBProgress (5): 1.1/2.7 MB | 1.1/1.5 MB | 4.2 kB | 28 kB | 8.2/20 kBProgress (5): 1.1/2.7 MB | 1.1/1.5 MB | 4.2 kB | 28 kB | 12/20 kB Progress (5): 1.1/2.7 MB | 1.1/1.5 MB | 4.2 kB | 28 kB | 16/20 kBProgress (5): 1.1/2.7 MB | 1.1/1.5 MB | 4.2 kB | 28 kB | 20 kB                                                                 Downloaded from central: https://repo.maven.apache.org/maven2/org/codehaus/plexus/plexus-component-annotations/1.5.5/plexus-component-annotations-1.5.5.jar (4.2 kB at 11 kB/s)
Downloading from central: https://repo.maven.apache.org/maven2/org/sonatype/sisu/sisu-inject-bean/2.6.0/sisu-inject-bean-2.6.0.jar
Progress (4): 1.1/2.7 MB | 1.1/1.5 MB | 28 kB | 20 kBProgress (4): 1.1/2.7 MB | 1.1/1.5 MB | 28 kB | 20 kB                                                     Downloaded from central: https://repo.maven.apache.org/maven2/org/sonatype/sisu/sisu-inject-plexus/2.6.0/sisu-inject-plexus-2.6.0.jar (20 kB at 52 kB/s)
Downloading from central: https://repo.maven.apache.org/maven2/org/sonatype/sisu/sisu-guice/3.2.5/sisu-guice-3.2.5-no_aop.jar
Progress (3): 1.1/2.7 MB | 1.1/1.5 MB | 28 kBProgress (3): 1.1/2.7 MB | 1.1/1.5 MB | 28 kBProgress (3): 1.1/2.7 MB | 1.1/1.5 MB | 28 kBProgress (3): 1.1/2.7 MB | 1.1/1.5 MB | 28 kBProgress (3): 1.1/2.7 MB | 1.1/1.5 MB | 28 kB                                             Downloaded from central: https://repo.maven.apache.org/maven2/org/sonatype/plexus/plexus-sec-dispatcher/1.4/plexus-sec-dispatcher-1.4.jar (28 kB at 71 kB/s)
Progress (3): 1.1/2.7 MB | 1.1/1.5 MB | 4.1/45 kBProgress (3): 1.1/2.7 MB | 1.1/1.5 MB | 8.2/45 kBProgress (3): 1.1/2.7 MB | 1.1/1.5 MB | 12/45 kB Progress (3): 1.1/2.7 MB | 1.1/1.5 MB | 16/45 kBProgress (3): 1.1/2.7 MB | 1.1/1.5 MB | 20/45 kBProgress (3): 1.1/2.7 MB | 1.1/1.5 MB | 24/45 kBProgress (3): 1.1/2.7 MB | 1.1/1.5 MB | 28/45 kBProgress (3): 1.1/2.7 MB | 1.1/1.5 MB | 32/45 kBProgress (3): 1.1/2.7 MB | 1.1/1.5 MB | 36/45 kBProgress (3): 1.1/2.7 MB | 1.1/1.5 MB | 40/45 kBProgress (3): 1.1/2.7 MB | 1.1/1.5 MB | 45/45 kBProgress (3): 1.1/2.7 MB | 1.1/1.5 MB | 45 kB   Progress (3): 1.1/2.7 MB | 1.1/1.5 MB | 45 kBProgress (3): 1.1/2.7 MB | 1.1/1.5 MB | 45 kB                                             Downloading from central: https://repo.maven.apache.org/maven2/com/google/guava/guava/16.0.1/guava-16.0.1.jar
Progress (4): 1.1/2.7 MB | 1.1/1.5 MB | 45 kB | 4.1/400 kBProgress (4): 1.1/2.7 MB | 1.1/1.5 MB | 45 kB | 8.2/400 kBProgress (4): 1.1/2.7 MB | 1.1/1.5 MB | 45 kB | 12/400 kB Progress (4): 1.1/2.7 MB | 1.1/1.5 MB | 45 kB | 16/400 kBProgress (4): 1.1/2.7 MB | 1.1/1.5 MB | 45 kB | 20/400 kBProgress (4): 1.1/2.7 MB | 1.1/1.5 MB | 45 kB | 25/400 kBProgress (4): 1.1/2.7 MB | 1.1/1.5 MB | 45 kB | 29/400 kBProgress (4): 1.1/2.7 MB | 1.1/1.5 MB | 45 kB | 33/400 kBProgress (4): 1.1/2.7 MB | 1.1/1.5 MB | 45 kB | 33/400 kBProgress (5): 1.1/2.7 MB | 1.1/1.5 MB | 45 kB | 33/400 kB | 0/2.2 MBProgress (5): 1.1/2.7 MB | 1.1/1.5 MB | 45 kB | 33/400 kB | 0/2.2 MB                                                                    Downloaded from central: https://repo.maven.apache.org/maven2/org/sonatype/sisu/sisu-inject-bean/2.6.0/sisu-inject-bean-2.6.0.jar (45 kB at 109 kB/s)
Downloading from central: https://repo.maven.apache.org/maven2/org/apache/maven/shared/maven-shared-utils/3.1.0/maven-shared-utils-3.1.0.jar
Progress (4): 1.1/2.7 MB | 1.1/1.5 MB | 33/400 kB | 0/2.2 MBProgress (4): 1.1/2.7 MB | 1.1/1.5 MB | 33/400 kB | 0/2.2 MBProgress (4): 1.2/2.7 MB | 1.1/1.5 MB | 33/400 kB | 0/2.2 MBProgress (4): 1.2/2.7 MB | 1.1/1.5 MB | 33/400 kB | 0/2.2 MBProgress (4): 1.2/2.7 MB | 1.1/1.5 MB | 33/400 kB | 0/2.2 MBProgress (4): 1.2/2.7 MB | 1.1/1.5 MB | 33/400 kB | 0/2.2 MBProgress (4): 1.2/2.7 MB | 1.1/1.5 MB | 33/400 kB | 0/2.2 MBProgress (4): 1.2/2.7 MB | 1.2/1.5 MB | 33/400 kB | 0/2.2 MBProgress (4): 1.2/2.7 MB | 1.2/1.5 MB | 37/400 kB | 0/2.2 MBProgress (4): 1.2/2.7 MB | 1.2/1.5 MB | 37/400 kB | 0/2.2 MBProgress (4): 1.2/2.7 MB | 1.2/1.5 MB | 37/400 kB | 0/2.2 MBProgress (4): 1.2/2.7 MB | 1.2/1.5 MB | 37/400 kB | 0.1/2.2 MBProgress (4): 1.2/2.7 MB | 1.2/1.5 MB | 37/400 kB | 0.1/2.2 MBProgress (4): 1.2/2.7 MB | 1.2/1.5 MB | 41/400 kB | 0.1/2.2 MBProgress (4): 1.2/2.7 MB | 1.2/1.5 MB | 45/400 kB | 0.1/2.2 MBProgress (4): 1.2/2.7 MB | 1.2/1.5 MB | 49/400 kB | 0.1/2.2 MBProgress (4): 1.2/2.7 MB | 1.2/1.5 MB | 53/400 kB | 0.1/2.2 MBProgress (4): 1.2/2.7 MB | 1.2/1.5 MB | 57/400 kB | 0.1/2.2 MBProgress (4): 1.2/2.7 MB | 1.2/1.5 MB | 61/400 kB | 0.1/2.2 MBProgress (4): 1.2/2.7 MB | 1.2/1.5 MB | 66/400 kB | 0.1/2.2 MBProgress (4): 1.2/2.7 MB | 1.2/1.5 MB | 70/400 kB | 0.1/2.2 MBProgress (5): 1.2/2.7 MB | 1.2/1.5 MB | 70/400 kB | 0.1/2.2 MB | 4.1/164 kBProgress (5): 1.2/2.7 MB | 1.2/1.5 MB | 70/400 kB | 0.1/2.2 MB | 8.2/164 kBProgress (5): 1.2/2.7 MB | 1.2/1.5 MB | 70/400 kB | 0.1/2.2 MB | 12/164 kB Progress (5): 1.2/2.7 MB | 1.2/1.5 MB | 70/400 kB | 0.1/2.2 MB | 16/164 kBProgress (5): 1.2/2.7 MB | 1.2/1.5 MB | 70/400 kB | 0.1/2.2 MB | 20/164 kBProgress (5): 1.2/2.7 MB | 1.2/1.5 MB | 70/400 kB | 0.1/2.2 MB | 24/164 kBProgress (5): 1.2/2.7 MB | 1.2/1.5 MB | 70/400 kB | 0.1/2.2 MB | 28/164 kBProgress (5): 1.2/2.7 MB | 1.2/1.5 MB | 70/400 kB | 0.1/2.2 MB | 32/164 kBProgress (5): 1.2/2.7 MB | 1.2/1.5 MB | 70/400 kB | 0.1/2.2 MB | 36/164 kBProgress (5): 1.2/2.7 MB | 1.2/1.5 MB | 70/400 kB | 0.1/2.2 MB | 36/164 kBProgress (5): 1.2/2.7 MB | 1.2/1.5 MB | 70/400 kB | 0.1/2.2 MB | 36/164 kBProgress (5): 1.2/2.7 MB | 1.2/1.5 MB | 70/400 kB | 0.1/2.2 MB | 36/164 kBProgress (5): 1.3/2.7 MB | 1.2/1.5 MB | 70/400 kB | 0.1/2.2 MB | 36/164 kBProgress (5): 1.3/2.7 MB | 1.2/1.5 MB | 74/400 kB | 0.1/2.2 MB | 36/164 kBProgress (5): 1.3/2.7 MB | 1.2/1.5 MB | 78/400 kB | 0.1/2.2 MB | 36/164 kBProgress (5): 1.3/2.7 MB | 1.2/1.5 MB | 82/400 kB | 0.1/2.2 MB | 36/164 kBProgress (5): 1.3/2.7 MB | 1.2/1.5 MB | 86/400 kB | 0.1/2.2 MB | 36/164 kBProgress (5): 1.3/2.7 MB | 1.2/1.5 MB | 90/400 kB | 0.1/2.2 MB | 36/164 kBProgress (5): 1.3/2.7 MB | 1.2/1.5 MB | 94/400 kB | 0.1/2.2 MB | 36/164 kBProgress (5): 1.3/2.7 MB | 1.2/1.5 MB | 94/400 kB | 0.1/2.2 MB | 36/164 kBProgress (5): 1.3/2.7 MB | 1.2/1.5 MB | 94/400 kB | 0.1/2.2 MB | 36/164 kBProgress (5): 1.3/2.7 MB | 1.2/1.5 MB | 94/400 kB | 0.1/2.2 MB | 36/164 kBProgress (5): 1.3/2.7 MB | 1.2/1.5 MB | 94/400 kB | 0.1/2.2 MB | 36/164 kBProgress (5): 1.3/2.7 MB | 1.2/1.5 MB | 94/400 kB | 0.1/2.2 MB | 36/164 kBProgress (5): 1.3/2.7 MB | 1.2/1.5 MB | 94/400 kB | 0.1/2.2 MB | 36/164 kBProgress (5): 1.3/2.7 MB | 1.2/1.5 MB | 94/400 kB | 0.1/2.2 MB | 36/164 kBProgress (5): 1.3/2.7 MB | 1.2/1.5 MB | 94/400 kB | 0.1/2.2 MB | 36/164 kBProgress (5): 1.3/2.7 MB | 1.2/1.5 MB | 94/400 kB | 0.1/2.2 MB | 36/164 kBProgress (5): 1.3/2.7 MB | 1.2/1.5 MB | 94/400 kB | 0.1/2.2 MB | 36/164 kBProgress (5): 1.3/2.7 MB | 1.2/1.5 MB | 94/400 kB | 0.1/2.2 MB | 36/164 kBProgress (5): 1.3/2.7 MB | 1.2/1.5 MB | 94/400 kB | 0.1/2.2 MB | 36/164 kBProgress (5): 1.3/2.7 MB | 1.2/1.5 MB | 94/400 kB | 0.1/2.2 MB | 40/164 kBProgress (5): 1.3/2.7 MB | 1.2/1.5 MB | 94/400 kB | 0.1/2.2 MB | 45/164 kBProgress (5): 1.3/2.7 MB | 1.2/1.5 MB | 94/400 kB | 0.1/2.2 MB | 49/164 kBProgress (5): 1.3/2.7 MB | 1.2/1.5 MB | 94/400 kB | 0.1/2.2 MB | 53/164 kBProgress (5): 1.3/2.7 MB | 1.2/1.5 MB | 94/400 kB | 0.1/2.2 MB | 57/164 kBProgress (5): 1.3/2.7 MB | 1.2/1.5 MB | 94/400 kB | 0.1/2.2 MB | 61/164 kBProgress (5): 1.3/2.7 MB | 1.2/1.5 MB | 94/400 kB | 0.1/2.2 MB | 65/164 kBProgress (5): 1.3/2.7 MB | 1.2/1.5 MB | 94/400 kB | 0.1/2.2 MB | 69/164 kBProgress (5): 1.3/2.7 MB | 1.2/1.5 MB | 98/400 kB | 0.1/2.2 MB | 69/164 kBProgress (5): 1.3/2.7 MB | 1.2/1.5 MB | 102/400 kB | 0.1/2.2 MB | 69/164 kBProgress (5): 1.3/2.7 MB | 1.2/1.5 MB | 106/400 kB | 0.1/2.2 MB | 69/164 kBProgress (5): 1.3/2.7 MB | 1.2/1.5 MB | 111/400 kB | 0.1/2.2 MB | 69/164 kBProgress (5): 1.3/2.7 MB | 1.2/1.5 MB | 115/400 kB | 0.1/2.2 MB | 69/164 kBProgress (5): 1.3/2.7 MB | 1.2/1.5 MB | 119/400 kB | 0.1/2.2 MB | 69/164 kBProgress (5): 1.3/2.7 MB | 1.2/1.5 MB | 123/400 kB | 0.1/2.2 MB | 69/164 kBProgress (5): 1.3/2.7 MB | 1.2/1.5 MB | 123/400 kB | 0.1/2.2 MB | 69/164 kBProgress (5): 1.3/2.7 MB | 1.2/1.5 MB | 123/400 kB | 0.1/2.2 MB | 69/164 kBProgress (5): 1.3/2.7 MB | 1.2/1.5 MB | 123/400 kB | 0.2/2.2 MB | 69/164 kBProgress (5): 1.3/2.7 MB | 1.2/1.5 MB | 123/400 kB | 0.2/2.2 MB | 69/164 kBProgress (5): 1.3/2.7 MB | 1.2/1.5 MB | 123/400 kB | 0.2/2.2 MB | 69/164 kBProgress (5): 1.3/2.7 MB | 1.2/1.5 MB | 127/400 kB | 0.2/2.2 MB | 69/164 kBProgress (5): 1.3/2.7 MB | 1.2/1.5 MB | 131/400 kB | 0.2/2.2 MB | 69/164 kBProgress (5): 1.3/2.7 MB | 1.2/1.5 MB | 135/400 kB | 0.2/2.2 MB | 69/164 kBProgress (5): 1.3/2.7 MB | 1.2/1.5 MB | 135/400 kB | 0.2/2.2 MB | 73/164 kBProgress (5): 1.3/2.7 MB | 1.2/1.5 MB | 135/400 kB | 0.2/2.2 MB | 77/164 kBProgress (5): 1.3/2.7 MB | 1.2/1.5 MB | 135/400 kB | 0.2/2.2 MB | 81/164 kBProgress (5): 1.3/2.7 MB | 1.2/1.5 MB | 135/400 kB | 0.2/2.2 MB | 86/164 kBProgress (5): 1.3/2.7 MB | 1.2/1.5 MB | 135/400 kB | 0.2/2.2 MB | 90/164 kBProgress (5): 1.3/2.7 MB | 1.2/1.5 MB | 135/400 kB | 0.2/2.2 MB | 94/164 kBProgress (5): 1.3/2.7 MB | 1.2/1.5 MB | 135/400 kB | 0.2/2.2 MB | 98/164 kBProgress (5): 1.3/2.7 MB | 1.2/1.5 MB | 135/400 kB | 0.2/2.2 MB | 102/164 kBProgress (5): 1.3/2.7 MB | 1.2/1.5 MB | 135/400 kB | 0.2/2.2 MB | 102/164 kBProgress (5): 1.3/2.7 MB | 1.3/1.5 MB | 135/400 kB | 0.2/2.2 MB | 102/164 kBProgress (5): 1.3/2.7 MB | 1.3/1.5 MB | 135/400 kB | 0.2/2.2 MB | 102/164 kBProgress (5): 1.3/2.7 MB | 1.3/1.5 MB | 135/400 kB | 0.2/2.2 MB | 102/164 kBProgress (5): 1.3/2.7 MB | 1.3/1.5 MB | 135/400 kB | 0.2/2.2 MB | 102/164 kBProgress (5): 1.3/2.7 MB | 1.3/1.5 MB | 135/400 kB | 0.2/2.2 MB | 102/164 kBProgress (5): 1.3/2.7 MB | 1.3/1.5 MB | 139/400 kB | 0.2/2.2 MB | 102/164 kBProgress (5): 1.3/2.7 MB | 1.3/1.5 MB | 143/400 kB | 0.2/2.2 MB | 102/164 kBProgress (5): 1.3/2.7 MB | 1.3/1.5 MB | 147/400 kB | 0.2/2.2 MB | 102/164 kBProgress (5): 1.3/2.7 MB | 1.3/1.5 MB | 152/400 kB | 0.2/2.2 MB | 102/164 kBProgress (5): 1.3/2.7 MB | 1.3/1.5 MB | 156/400 kB | 0.2/2.2 MB | 102/164 kBProgress (5): 1.3/2.7 MB | 1.3/1.5 MB | 160/400 kB | 0.2/2.2 MB | 102/164 kBProgress (5): 1.3/2.7 MB | 1.3/1.5 MB | 164/400 kB | 0.2/2.2 MB | 102/164 kBProgress (5): 1.3/2.7 MB | 1.3/1.5 MB | 168/400 kB | 0.2/2.2 MB | 102/164 kBProgress (5): 1.3/2.7 MB | 1.3/1.5 MB | 168/400 kB | 0.2/2.2 MB | 102/164 kBProgress (5): 1.3/2.7 MB | 1.3/1.5 MB | 168/400 kB | 0.2/2.2 MB | 102/164 kBProgress (5): 1.3/2.7 MB | 1.3/1.5 MB | 168/400 kB | 0.2/2.2 MB | 102/164 kBProgress (5): 1.3/2.7 MB | 1.3/1.5 MB | 168/400 kB | 0.2/2.2 MB | 106/164 kBProgress (5): 1.3/2.7 MB | 1.3/1.5 MB | 168/400 kB | 0.2/2.2 MB | 110/164 kBProgress (5): 1.3/2.7 MB | 1.3/1.5 MB | 168/400 kB | 0.2/2.2 MB | 114/164 kBProgress (5): 1.3/2.7 MB | 1.3/1.5 MB | 168/400 kB | 0.2/2.2 MB | 118/164 kBProgress (5): 1.3/2.7 MB | 1.3/1.5 MB | 168/400 kB | 0.2/2.2 MB | 122/164 kBProgress (5): 1.3/2.7 MB | 1.3/1.5 MB | 168/400 kB | 0.2/2.2 MB | 126/164 kBProgress (5): 1.3/2.7 MB | 1.3/1.5 MB | 168/400 kB | 0.2/2.2 MB | 131/164 kBProgress (5): 1.3/2.7 MB | 1.3/1.5 MB | 168/400 kB | 0.2/2.2 MB | 131/164 kBProgress (5): 1.3/2.7 MB | 1.3/1.5 MB | 168/400 kB | 0.2/2.2 MB | 131/164 kBProgress (5): 1.3/2.7 MB | 1.3/1.5 MB | 168/400 kB | 0.2/2.2 MB | 131/164 kBProgress (5): 1.3/2.7 MB | 1.3/1.5 MB | 168/400 kB | 0.2/2.2 MB | 131/164 kBProgress (5): 1.3/2.7 MB | 1.3/1.5 MB | 168/400 kB | 0.2/2.2 MB | 131/164 kBProgress (5): 1.3/2.7 MB | 1.3/1.5 MB | 168/400 kB | 0.2/2.2 MB | 131/164 kBProgress (5): 1.3/2.7 MB | 1.3/1.5 MB | 168/400 kB | 0.3/2.2 MB | 131/164 kBProgress (5): 1.3/2.7 MB | 1.3/1.5 MB | 168/400 kB | 0.3/2.2 MB | 131/164 kBProgress (5): 1.3/2.7 MB | 1.3/1.5 MB | 172/400 kB | 0.3/2.2 MB | 131/164 kBProgress (5): 1.3/2.7 MB | 1.3/1.5 MB | 176/400 kB | 0.3/2.2 MB | 131/164 kBProgress (5): 1.3/2.7 MB | 1.3/1.5 MB | 180/400 kB | 0.3/2.2 MB | 131/164 kBProgress (5): 1.3/2.7 MB | 1.3/1.5 MB | 184/400 kB | 0.3/2.2 MB | 131/164 kBProgress (5): 1.3/2.7 MB | 1.3/1.5 MB | 184/400 kB | 0.3/2.2 MB | 131/164 kBProgress (5): 1.3/2.7 MB | 1.3/1.5 MB | 184/400 kB | 0.3/2.2 MB | 131/164 kBProgress (5): 1.3/2.7 MB | 1.3/1.5 MB | 184/400 kB | 0.3/2.2 MB | 131/164 kBProgress (5): 1.3/2.7 MB | 1.3/1.5 MB | 188/400 kB | 0.3/2.2 MB | 131/164 kBProgress (5): 1.3/2.7 MB | 1.3/1.5 MB | 193/400 kB | 0.3/2.2 MB | 131/164 kBProgress (5): 1.3/2.7 MB | 1.3/1.5 MB | 197/400 kB | 0.3/2.2 MB | 131/164 kBProgress (5): 1.3/2.7 MB | 1.3/1.5 MB | 201/400 kB | 0.3/2.2 MB | 131/164 kBProgress (5): 1.3/2.7 MB | 1.3/1.5 MB | 201/400 kB | 0.3/2.2 MB | 135/164 kBProgress (5): 1.3/2.7 MB | 1.3/1.5 MB | 201/400 kB | 0.3/2.2 MB | 139/164 kBProgress (5): 1.3/2.7 MB | 1.3/1.5 MB | 201/400 kB | 0.3/2.2 MB | 143/164 kBProgress (5): 1.3/2.7 MB | 1.3/1.5 MB | 201/400 kB | 0.3/2.2 MB | 147/164 kBProgress (5): 1.3/2.7 MB | 1.3/1.5 MB | 201/400 kB | 0.3/2.2 MB | 151/164 kBProgress (5): 1.3/2.7 MB | 1.3/1.5 MB | 201/400 kB | 0.3/2.2 MB | 155/164 kBProgress (5): 1.3/2.7 MB | 1.3/1.5 MB | 201/400 kB | 0.3/2.2 MB | 159/164 kBProgress (5): 1.3/2.7 MB | 1.3/1.5 MB | 201/400 kB | 0.3/2.2 MB | 163/164 kBProgress (5): 1.3/2.7 MB | 1.3/1.5 MB | 201/400 kB | 0.3/2.2 MB | 164 kB    Progress (5): 1.3/2.7 MB | 1.3/1.5 MB | 201/400 kB | 0.3/2.2 MB | 164 kBProgress (5): 1.3/2.7 MB | 1.3/1.5 MB | 201/400 kB | 0.3/2.2 MB | 164 kBProgress (5): 1.4/2.7 MB | 1.3/1.5 MB | 201/400 kB | 0.3/2.2 MB | 164 kBProgress (5): 1.4/2.7 MB | 1.3/1.5 MB | 201/400 kB | 0.3/2.2 MB | 164 kBProgress (5): 1.4/2.7 MB | 1.3/1.5 MB | 201/400 kB | 0.3/2.2 MB | 164 kBProgress (5): 1.4/2.7 MB | 1.3/1.5 MB | 201/400 kB | 0.3/2.2 MB | 164 kBProgress (5): 1.4/2.7 MB | 1.3/1.5 MB | 201/400 kB | 0.3/2.2 MB | 164 kBProgress (5): 1.4/2.7 MB | 1.4/1.5 MB | 201/400 kB | 0.3/2.2 MB | 164 kBProgress (5): 1.4/2.7 MB | 1.4/1.5 MB | 201/400 kB | 0.3/2.2 MB | 164 kBProgress (5): 1.4/2.7 MB | 1.4/1.5 MB | 205/400 kB | 0.3/2.2 MB | 164 kBProgress (5): 1.4/2.7 MB | 1.4/1.5 MB | 209/400 kB | 0.3/2.2 MB | 164 kBProgress (5): 1.4/2.7 MB | 1.4/1.5 MB | 213/400 kB | 0.3/2.2 MB | 164 kBProgress (5): 1.4/2.7 MB | 1.4/1.5 MB | 217/400 kB | 0.3/2.2 MB | 164 kBProgress (5): 1.4/2.7 MB | 1.4/1.5 MB | 221/400 kB | 0.3/2.2 MB | 164 kBProgress (5): 1.4/2.7 MB | 1.4/1.5 MB | 225/400 kB | 0.3/2.2 MB | 164 kBProgress (5): 1.4/2.7 MB | 1.4/1.5 MB | 229/400 kB | 0.3/2.2 MB | 164 kB                                                                        Downloaded from central: https://repo.maven.apache.org/maven2/org/apache/maven/shared/maven-shared-utils/3.1.0/maven-shared-utils-3.1.0.jar (164 kB at 315 kB/s)
Downloading from central: https://repo.maven.apache.org/maven2/org/apache/maven/maven-plugin-api/3.6.3/maven-plugin-api-3.6.3.jar
Progress (4): 1.4/2.7 MB | 1.4/1.5 MB | 229/400 kB | 0.3/2.2 MBProgress (4): 1.4/2.7 MB | 1.4/1.5 MB | 229/400 kB | 0.3/2.2 MBProgress (4): 1.4/2.7 MB | 1.4/1.5 MB | 229/400 kB | 0.3/2.2 MBProgress (4): 1.4/2.7 MB | 1.4/1.5 MB | 229/400 kB | 0.3/2.2 MBProgress (4): 1.4/2.7 MB | 1.4/1.5 MB | 229/400 kB | 0.3/2.2 MBProgress (4): 1.4/2.7 MB | 1.4/1.5 MB | 229/400 kB | 0.3/2.2 MBProgress (5): 1.4/2.7 MB | 1.4/1.5 MB | 229/400 kB | 0.3/2.2 MB | 4.1/47 kBProgress (5): 1.4/2.7 MB | 1.4/1.5 MB | 229/400 kB | 0.3/2.2 MB | 8.2/47 kBProgress (5): 1.4/2.7 MB | 1.4/1.5 MB | 229/400 kB | 0.3/2.2 MB | 12/47 kB Progress (5): 1.4/2.7 MB | 1.4/1.5 MB | 229/400 kB | 0.3/2.2 MB | 16/47 kBProgress (5): 1.4/2.7 MB | 1.4/1.5 MB | 229/400 kB | 0.3/2.2 MB | 20/47 kBProgress (5): 1.4/2.7 MB | 1.4/1.5 MB | 233/400 kB | 0.3/2.2 MB | 20/47 kBProgress (5): 1.4/2.7 MB | 1.4/1.5 MB | 238/400 kB | 0.3/2.2 MB | 20/47 kBProgress (5): 1.4/2.7 MB | 1.4/1.5 MB | 242/400 kB | 0.3/2.2 MB | 20/47 kBProgress (5): 1.4/2.7 MB | 1.4/1.5 MB | 246/400 kB | 0.3/2.2 MB | 20/47 kBProgress (5): 1.4/2.7 MB | 1.4/1.5 MB | 250/400 kB | 0.3/2.2 MB | 20/47 kBProgress (5): 1.4/2.7 MB | 1.4/1.5 MB | 254/400 kB | 0.3/2.2 MB | 20/47 kBProgress (5): 1.4/2.7 MB | 1.4/1.5 MB | 258/400 kB | 0.3/2.2 MB | 20/47 kBProgress (5): 1.4/2.7 MB | 1.4/1.5 MB | 262/400 kB | 0.3/2.2 MB | 20/47 kBProgress (5): 1.4/2.7 MB | 1.4/1.5 MB | 266/400 kB | 0.3/2.2 MB | 20/47 kBProgress (5): 1.4/2.7 MB | 1.4/1.5 MB | 270/400 kB | 0.3/2.2 MB | 20/47 kBProgress (5): 1.4/2.7 MB | 1.4/1.5 MB | 274/400 kB | 0.3/2.2 MB | 20/47 kBProgress (5): 1.4/2.7 MB | 1.4/1.5 MB | 279/400 kB | 0.3/2.2 MB | 20/47 kBProgress (5): 1.4/2.7 MB | 1.4/1.5 MB | 283/400 kB | 0.3/2.2 MB | 20/47 kBProgress (5): 1.4/2.7 MB | 1.4/1.5 MB | 287/400 kB | 0.3/2.2 MB | 20/47 kBProgress (5): 1.4/2.7 MB | 1.4/1.5 MB | 287/400 kB | 0.3/2.2 MB | 20/47 kBProgress (5): 1.4/2.7 MB | 1.4/1.5 MB | 287/400 kB | 0.3/2.2 MB | 20/47 kBProgress (5): 1.4/2.7 MB | 1.4/1.5 MB | 287/400 kB | 0.3/2.2 MB | 20/47 kBProgress (5): 1.4/2.7 MB | 1.4/1.5 MB | 287/400 kB | 0.3/2.2 MB | 20/47 kBProgress (5): 1.4/2.7 MB | 1.4/1.5 MB | 287/400 kB | 0.3/2.2 MB | 20/47 kBProgress (5): 1.5/2.7 MB | 1.4/1.5 MB | 287/400 kB | 0.3/2.2 MB | 20/47 kBProgress (5): 1.5/2.7 MB | 1.4/1.5 MB | 287/400 kB | 0.3/2.2 MB | 20/47 kBProgress (5): 1.5/2.7 MB | 1.4/1.5 MB | 287/400 kB | 0.3/2.2 MB | 20/47 kBProgress (5): 1.5/2.7 MB | 1.4/1.5 MB | 287/400 kB | 0.3/2.2 MB | 20/47 kBProgress (5): 1.5/2.7 MB | 1.4/1.5 MB | 287/400 kB | 0.4/2.2 MB | 20/47 kBProgress (5): 1.5/2.7 MB | 1.4/1.5 MB | 287/400 kB | 0.4/2.2 MB | 20/47 kBProgress (5): 1.5/2.7 MB | 1.4/1.5 MB | 287/400 kB | 0.4/2.2 MB | 24/47 kBProgress (5): 1.5/2.7 MB | 1.4/1.5 MB | 287/400 kB | 0.4/2.2 MB | 28/47 kBProgress (5): 1.5/2.7 MB | 1.4/1.5 MB | 287/400 kB | 0.4/2.2 MB | 32/47 kBProgress (5): 1.5/2.7 MB | 1.4/1.5 MB | 287/400 kB | 0.4/2.2 MB | 36/47 kBProgress (5): 1.5/2.7 MB | 1.4/1.5 MB | 287/400 kB | 0.4/2.2 MB | 40/47 kBProgress (5): 1.5/2.7 MB | 1.4/1.5 MB | 287/400 kB | 0.4/2.2 MB | 45/47 kBProgress (5): 1.5/2.7 MB | 1.4/1.5 MB | 287/400 kB | 0.4/2.2 MB | 47 kB   Progress (5): 1.5/2.7 MB | 1.4/1.5 MB | 287/400 kB | 0.4/2.2 MB | 47 kBProgress (5): 1.5/2.7 MB | 1.4/1.5 MB | 287/400 kB | 0.4/2.2 MB | 47 kBProgress (5): 1.5/2.7 MB | 1.4/1.5 MB | 287/400 kB | 0.4/2.2 MB | 47 kBProgress (5): 1.5/2.7 MB | 1.4/1.5 MB | 287/400 kB | 0.4/2.2 MB | 47 kBProgress (5): 1.5/2.7 MB | 1.5/1.5 MB | 287/400 kB | 0.4/2.2 MB | 47 kBProgress (5): 1.5/2.7 MB | 1.5/1.5 MB | 287/400 kB | 0.4/2.2 MB | 47 kBProgress (5): 1.5/2.7 MB | 1.5/1.5 MB | 287/400 kB | 0.4/2.2 MB | 47 kBProgress (5): 1.5/2.7 MB | 1.5/1.5 MB | 287/400 kB | 0.4/2.2 MB | 47 kBProgress (5): 1.5/2.7 MB | 1.5/1.5 MB | 287/400 kB | 0.4/2.2 MB | 47 kBProgress (5): 1.5/2.7 MB | 1.5/1.5 MB | 287/400 kB | 0.4/2.2 MB | 47 kBProgress (5): 1.5/2.7 MB | 1.5/1.5 MB | 287/400 kB | 0.4/2.2 MB | 47 kB                                                                       Downloaded from central: https://repo.maven.apache.org/maven2/org/apache/maven/maven-plugin-api/3.6.3/maven-plugin-api-3.6.3.jar (47 kB at 84 kB/s)
Progress (4): 1.5/2.7 MB | 1.5/1.5 MB | 287/400 kB | 0.4/2.2 MBProgress (4): 1.5/2.7 MB | 1.5/1.5 MB | 287/400 kB | 0.4/2.2 MBProgress (4): 1.5/2.7 MB | 1.5/1.5 MB | 287/400 kB | 0.4/2.2 MBProgress (4): 1.5/2.7 MB | 1.5/1.5 MB | 287/400 kB | 0.4/2.2 MBProgress (4): 1.5/2.7 MB | 1.5/1.5 MB | 287/400 kB | 0.4/2.2 MBProgress (4): 1.5/2.7 MB | 1.5/1.5 MB | 291/400 kB | 0.4/2.2 MBProgress (4): 1.5/2.7 MB | 1.5/1.5 MB | 295/400 kB | 0.4/2.2 MBProgress (4): 1.5/2.7 MB | 1.5/1.5 MB | 299/400 kB | 0.4/2.2 MBProgress (4): 1.5/2.7 MB | 1.5/1.5 MB | 303/400 kB | 0.4/2.2 MBProgress (4): 1.5/2.7 MB | 1.5/1.5 MB | 307/400 kB | 0.4/2.2 MBProgress (4): 1.5/2.7 MB | 1.5/1.5 MB | 311/400 kB | 0.4/2.2 MBProgress (4): 1.5/2.7 MB | 1.5/1.5 MB | 315/400 kB | 0.4/2.2 MBProgress (4): 1.5/2.7 MB | 1.5/1.5 MB | 319/400 kB | 0.4/2.2 MBProgress (4): 1.5/2.7 MB | 1.5/1.5 MB | 324/400 kB | 0.4/2.2 MBProgress (4): 1.5/2.7 MB | 1.5/1.5 MB | 328/400 kB | 0.4/2.2 MBProgress (4): 1.5/2.7 MB | 1.5/1.5 MB | 332/400 kB | 0.4/2.2 MBProgress (4): 1.5/2.7 MB | 1.5/1.5 MB | 336/400 kB | 0.4/2.2 MBProgress (4): 1.5/2.7 MB | 1.5/1.5 MB | 340/400 kB | 0.4/2.2 MBProgress (4): 1.5/2.7 MB | 1.5/1.5 MB | 344/400 kB | 0.4/2.2 MBProgress (4): 1.5/2.7 MB | 1.5/1.5 MB | 348/400 kB | 0.4/2.2 MBProgress (4): 1.5/2.7 MB | 1.5/1.5 MB | 352/400 kB | 0.4/2.2 MBProgress (4): 1.5/2.7 MB | 1.5/1.5 MB | 356/400 kB | 0.4/2.2 MBProgress (4): 1.5/2.7 MB | 1.5/1.5 MB | 360/400 kB | 0.4/2.2 MBProgress (4): 1.5/2.7 MB | 1.5/1.5 MB | 365/400 kB | 0.4/2.2 MBProgress (4): 1.5/2.7 MB | 1.5/1.5 MB | 369/400 kB | 0.4/2.2 MBProgress (4): 1.5/2.7 MB | 1.5/1.5 MB | 373/400 kB | 0.4/2.2 MBProgress (4): 1.5/2.7 MB | 1.5/1.5 MB | 377/400 kB | 0.4/2.2 MBProgress (4): 1.5/2.7 MB | 1.5 MB | 377/400 kB | 0.4/2.2 MB    Progress (4): 1.5/2.7 MB | 1.5 MB | 377/400 kB | 0.4/2.2 MB                                                           Downloading from central: https://repo.maven.apache.org/maven2/org/eclipse/sisu/org.eclipse.sisu.plexus/0.3.4/org.eclipse.sisu.plexus-0.3.4.jar
Progress (4): 1.5/2.7 MB | 1.5 MB | 377/400 kB | 0.4/2.2 MBProgress (4): 1.5/2.7 MB | 1.5 MB | 377/400 kB | 0.4/2.2 MBProgress (4): 1.6/2.7 MB | 1.5 MB | 377/400 kB | 0.4/2.2 MBProgress (4): 1.6/2.7 MB | 1.5 MB | 377/400 kB | 0.4/2.2 MBProgress (5): 1.6/2.7 MB | 1.5 MB | 377/400 kB | 0.4/2.2 MB | 4.1/205 kBProgress (5): 1.6/2.7 MB | 1.5 MB | 377/400 kB | 0.4/2.2 MB | 8.2/205 kBProgress (5): 1.6/2.7 MB | 1.5 MB | 377/400 kB | 0.4/2.2 MB | 12/205 kB Progress (5): 1.6/2.7 MB | 1.5 MB | 377/400 kB | 0.4/2.2 MB | 16/205 kBProgress (5): 1.6/2.7 MB | 1.5 MB | 377/400 kB | 0.4/2.2 MB | 20/205 kBProgress (5): 1.6/2.7 MB | 1.5 MB | 377/400 kB | 0.4/2.2 MB | 25/205 kBProgress (5): 1.6/2.7 MB | 1.5 MB | 377/400 kB | 0.4/2.2 MB | 29/205 kBProgress (5): 1.6/2.7 MB | 1.5 MB | 377/400 kB | 0.4/2.2 MB | 33/205 kBProgress (5): 1.6/2.7 MB | 1.5 MB | 377/400 kB | 0.4/2.2 MB | 33/205 kBProgress (5): 1.6/2.7 MB | 1.5 MB | 377/400 kB | 0.4/2.2 MB | 33/205 kBProgress (5): 1.6/2.7 MB | 1.5 MB | 377/400 kB | 0.4/2.2 MB | 33/205 kBProgress (5): 1.6/2.7 MB | 1.5 MB | 377/400 kB | 0.4/2.2 MB | 33/205 kBProgress (5): 1.7/2.7 MB | 1.5 MB | 377/400 kB | 0.4/2.2 MB | 33/205 kBProgress (5): 1.7/2.7 MB | 1.5 MB | 377/400 kB | 0.4/2.2 MB | 33/205 kB                                                                       Downloaded from central: https://repo.maven.apache.org/maven2/net/java/dev/jna/jna/5.5.0/jna-5.5.0.jar (1.5 MB at 2.5 MB/s)
Downloading from central: https://repo.maven.apache.org/maven2/javax/enterprise/cdi-api/1.0/cdi-api-1.0.jar
Progress (4): 1.7/2.7 MB | 377/400 kB | 0.5/2.2 MB | 33/205 kBProgress (4): 1.7/2.7 MB | 377/400 kB | 0.5/2.2 MB | 33/205 kBProgress (4): 1.7/2.7 MB | 377/400 kB | 0.5/2.2 MB | 33/205 kBProgress (4): 1.7/2.7 MB | 377/400 kB | 0.5/2.2 MB | 33/205 kBProgress (4): 1.7/2.7 MB | 381/400 kB | 0.5/2.2 MB | 33/205 kBProgress (4): 1.7/2.7 MB | 385/400 kB | 0.5/2.2 MB | 33/205 kBProgress (4): 1.7/2.7 MB | 389/400 kB | 0.5/2.2 MB | 33/205 kBProgress (4): 1.7/2.7 MB | 393/400 kB | 0.5/2.2 MB | 33/205 kBProgress (4): 1.7/2.7 MB | 397/400 kB | 0.5/2.2 MB | 33/205 kBProgress (4): 1.7/2.7 MB | 400 kB | 0.5/2.2 MB | 33/205 kB    Progress (5): 1.7/2.7 MB | 400 kB | 0.5/2.2 MB | 33/205 kB | 4.1/45 kBProgress (5): 1.7/2.7 MB | 400 kB | 0.5/2.2 MB | 33/205 kB | 8.2/45 kBProgress (5): 1.7/2.7 MB | 400 kB | 0.5/2.2 MB | 33/205 kB | 12/45 kB Progress (5): 1.7/2.7 MB | 400 kB | 0.5/2.2 MB | 33/205 kB | 16/45 kBProgress (5): 1.7/2.7 MB | 400 kB | 0.5/2.2 MB | 33/205 kB | 20/45 kBProgress (5): 1.7/2.7 MB | 400 kB | 0.5/2.2 MB | 37/205 kB | 20/45 kBProgress (5): 1.7/2.7 MB | 400 kB | 0.5/2.2 MB | 41/205 kB | 20/45 kBProgress (5): 1.7/2.7 MB | 400 kB | 0.5/2.2 MB | 45/205 kB | 20/45 kBProgress (5): 1.7/2.7 MB | 400 kB | 0.5/2.2 MB | 49/205 kB | 20/45 kBProgress (5): 1.7/2.7 MB | 400 kB | 0.5/2.2 MB | 53/205 kB | 20/45 kBProgress (5): 1.7/2.7 MB | 400 kB | 0.5/2.2 MB | 57/205 kB | 20/45 kBProgress (5): 1.7/2.7 MB | 400 kB | 0.5/2.2 MB | 61/205 kB | 20/45 kBProgress (5): 1.7/2.7 MB | 400 kB | 0.5/2.2 MB | 66/205 kB | 20/45 kBProgress (5): 1.7/2.7 MB | 400 kB | 0.5/2.2 MB | 70/205 kB | 20/45 kB                                                                     Downloaded from central: https://repo.maven.apache.org/maven2/org/sonatype/sisu/sisu-guice/3.2.5/sisu-guice-3.2.5-no_aop.jar (400 kB at 658 kB/s)
Downloading from central: https://repo.maven.apache.org/maven2/javax/annotation/jsr250-api/1.0/jsr250-api-1.0.jar
Progress (4): 1.7/2.7 MB | 0.5/2.2 MB | 70/205 kB | 20/45 kBProgress (4): 1.7/2.7 MB | 0.5/2.2 MB | 70/205 kB | 20/45 kBProgress (4): 1.7/2.7 MB | 0.6/2.2 MB | 70/205 kB | 20/45 kBProgress (4): 1.7/2.7 MB | 0.6/2.2 MB | 74/205 kB | 20/45 kBProgress (4): 1.7/2.7 MB | 0.6/2.2 MB | 78/205 kB | 20/45 kBProgress (4): 1.7/2.7 MB | 0.6/2.2 MB | 82/205 kB | 20/45 kBProgress (4): 1.7/2.7 MB | 0.6/2.2 MB | 86/205 kB | 20/45 kBProgress (4): 1.7/2.7 MB | 0.6/2.2 MB | 86/205 kB | 25/45 kBProgress (4): 1.7/2.7 MB | 0.6/2.2 MB | 86/205 kB | 29/45 kBProgress (4): 1.7/2.7 MB | 0.6/2.2 MB | 86/205 kB | 33/45 kBProgress (4): 1.7/2.7 MB | 0.6/2.2 MB | 86/205 kB | 37/45 kBProgress (4): 1.7/2.7 MB | 0.6/2.2 MB | 86/205 kB | 41/45 kBProgress (4): 1.7/2.7 MB | 0.6/2.2 MB | 86/205 kB | 45 kB   Progress (5): 1.7/2.7 MB | 0.6/2.2 MB | 86/205 kB | 45 kB | 4.1/5.8 kBProgress (5): 1.7/2.7 MB | 0.6/2.2 MB | 86/205 kB | 45 kB | 5.8 kB    Progress (5): 1.7/2.7 MB | 0.6/2.2 MB | 90/205 kB | 45 kB | 5.8 kBProgress (5): 1.7/2.7 MB | 0.6/2.2 MB | 94/205 kB | 45 kB | 5.8 kBProgress (5): 1.7/2.7 MB | 0.6/2.2 MB | 98/205 kB | 45 kB | 5.8 kBProgress (5): 1.7/2.7 MB | 0.6/2.2 MB | 98/205 kB | 45 kB | 5.8 kBProgress (5): 1.7/2.7 MB | 0.6/2.2 MB | 98/205 kB | 45 kB | 5.8 kB                                                                  Downloaded from central: https://repo.maven.apache.org/maven2/javax/annotation/jsr250-api/1.0/jsr250-api-1.0.jar (5.8 kB at 9.4 kB/s)
Downloading from central: https://repo.maven.apache.org/maven2/org/eclipse/sisu/org.eclipse.sisu.inject/0.3.4/org.eclipse.sisu.inject-0.3.4.jar
Progress (4): 1.7/2.7 MB | 0.6/2.2 MB | 102/205 kB | 45 kBProgress (4): 1.7/2.7 MB | 0.6/2.2 MB | 106/205 kB | 45 kBProgress (4): 1.7/2.7 MB | 0.6/2.2 MB | 111/205 kB | 45 kBProgress (4): 1.7/2.7 MB | 0.6/2.2 MB | 115/205 kB | 45 kBProgress (4): 1.7/2.7 MB | 0.6/2.2 MB | 119/205 kB | 45 kB                                                          Downloaded from central: https://repo.maven.apache.org/maven2/javax/enterprise/cdi-api/1.0/cdi-api-1.0.jar (45 kB at 71 kB/s)
Progress (3): 1.7/2.7 MB | 0.6/2.2 MB | 119/205 kB                                                  Downloading from central: https://repo.maven.apache.org/maven2/org/codehaus/plexus/plexus-utils/3.2.1/plexus-utils-3.2.1.jar
Progress (3): 1.7/2.7 MB | 0.6/2.2 MB | 119/205 kBProgress (3): 1.7/2.7 MB | 0.6/2.2 MB | 119/205 kBProgress (3): 1.7/2.7 MB | 0.6/2.2 MB | 119/205 kBProgress (4): 1.7/2.7 MB | 0.6/2.2 MB | 119/205 kB | 4.1/379 kBProgress (4): 1.7/2.7 MB | 0.6/2.2 MB | 119/205 kB | 8.2/379 kBProgress (4): 1.7/2.7 MB | 0.6/2.2 MB | 119/205 kB | 12/379 kB Progress (4): 1.7/2.7 MB | 0.6/2.2 MB | 119/205 kB | 16/379 kBProgress (4): 1.7/2.7 MB | 0.6/2.2 MB | 119/205 kB | 20/379 kBProgress (4): 1.7/2.7 MB | 0.6/2.2 MB | 119/205 kB | 25/379 kBProgress (4): 1.7/2.7 MB | 0.6/2.2 MB | 119/205 kB | 29/379 kBProgress (4): 1.7/2.7 MB | 0.6/2.2 MB | 119/205 kB | 33/379 kBProgress (4): 1.7/2.7 MB | 0.6/2.2 MB | 119/205 kB | 37/379 kBProgress (4): 1.7/2.7 MB | 0.6/2.2 MB | 119/205 kB | 41/379 kBProgress (4): 1.7/2.7 MB | 0.6/2.2 MB | 119/205 kB | 45/379 kBProgress (5): 1.7/2.7 MB | 0.6/2.2 MB | 119/205 kB | 45/379 kB | 4.1/262 kBProgress (5): 1.7/2.7 MB | 0.6/2.2 MB | 119/205 kB | 45/379 kB | 8.2/262 kBProgress (5): 1.7/2.7 MB | 0.6/2.2 MB | 119/205 kB | 45/379 kB | 12/262 kB Progress (5): 1.7/2.7 MB | 0.6/2.2 MB | 119/205 kB | 45/379 kB | 16/262 kBProgress (5): 1.7/2.7 MB | 0.6/2.2 MB | 119/205 kB | 45/379 kB | 16/262 kBProgress (5): 1.7/2.7 MB | 0.6/2.2 MB | 119/205 kB | 45/379 kB | 16/262 kBProgress (5): 1.7/2.7 MB | 0.6/2.2 MB | 123/205 kB | 45/379 kB | 16/262 kBProgress (5): 1.7/2.7 MB | 0.6/2.2 MB | 127/205 kB | 45/379 kB | 16/262 kBProgress (5): 1.7/2.7 MB | 0.6/2.2 MB | 131/205 kB | 45/379 kB | 16/262 kBProgress (5): 1.7/2.7 MB | 0.6/2.2 MB | 135/205 kB | 45/379 kB | 16/262 kBProgress (5): 1.7/2.7 MB | 0.6/2.2 MB | 139/205 kB | 45/379 kB | 16/262 kBProgress (5): 1.7/2.7 MB | 0.6/2.2 MB | 143/205 kB | 45/379 kB | 16/262 kBProgress (5): 1.7/2.7 MB | 0.6/2.2 MB | 147/205 kB | 45/379 kB | 16/262 kBProgress (5): 1.7/2.7 MB | 0.6/2.2 MB | 152/205 kB | 45/379 kB | 16/262 kBProgress (5): 1.7/2.7 MB | 0.6/2.2 MB | 156/205 kB | 45/379 kB | 16/262 kBProgress (5): 1.7/2.7 MB | 0.6/2.2 MB | 160/205 kB | 45/379 kB | 16/262 kBProgress (5): 1.7/2.7 MB | 0.6/2.2 MB | 164/205 kB | 45/379 kB | 16/262 kBProgress (5): 1.8/2.7 MB | 0.6/2.2 MB | 164/205 kB | 45/379 kB | 16/262 kBProgress (5): 1.8/2.7 MB | 0.6/2.2 MB | 164/205 kB | 45/379 kB | 16/262 kBProgress (5): 1.8/2.7 MB | 0.6/2.2 MB | 164/205 kB | 45/379 kB | 16/262 kBProgress (5): 1.8/2.7 MB | 0.7/2.2 MB | 164/205 kB | 45/379 kB | 16/262 kBProgress (5): 1.8/2.7 MB | 0.7/2.2 MB | 164/205 kB | 45/379 kB | 16/262 kBProgress (5): 1.8/2.7 MB | 0.7/2.2 MB | 164/205 kB | 45/379 kB | 20/262 kBProgress (5): 1.8/2.7 MB | 0.7/2.2 MB | 164/205 kB | 45/379 kB | 25/262 kBProgress (5): 1.8/2.7 MB | 0.7/2.2 MB | 164/205 kB | 45/379 kB | 29/262 kBProgress (5): 1.8/2.7 MB | 0.7/2.2 MB | 164/205 kB | 45/379 kB | 33/262 kBProgress (5): 1.8/2.7 MB | 0.7/2.2 MB | 164/205 kB | 45/379 kB | 37/262 kBProgress (5): 1.8/2.7 MB | 0.7/2.2 MB | 164/205 kB | 49/379 kB | 37/262 kBProgress (5): 1.8/2.7 MB | 0.7/2.2 MB | 164/205 kB | 53/379 kB | 37/262 kBProgress (5): 1.8/2.7 MB | 0.7/2.2 MB | 164/205 kB | 57/379 kB | 37/262 kBProgress (5): 1.8/2.7 MB | 0.7/2.2 MB | 164/205 kB | 61/379 kB | 37/262 kBProgress (5): 1.8/2.7 MB | 0.7/2.2 MB | 164/205 kB | 66/379 kB | 37/262 kBProgress (5): 1.8/2.7 MB | 0.7/2.2 MB | 168/205 kB | 66/379 kB | 37/262 kBProgress (5): 1.8/2.7 MB | 0.7/2.2 MB | 172/205 kB | 66/379 kB | 37/262 kBProgress (5): 1.8/2.7 MB | 0.7/2.2 MB | 176/205 kB | 66/379 kB | 37/262 kBProgress (5): 1.8/2.7 MB | 0.7/2.2 MB | 180/205 kB | 66/379 kB | 37/262 kBProgress (5): 1.8/2.7 MB | 0.7/2.2 MB | 184/205 kB | 66/379 kB | 37/262 kBProgress (5): 1.8/2.7 MB | 0.7/2.2 MB | 188/205 kB | 66/379 kB | 37/262 kBProgress (5): 1.8/2.7 MB | 0.7/2.2 MB | 193/205 kB | 66/379 kB | 37/262 kBProgress (5): 1.8/2.7 MB | 0.7/2.2 MB | 197/205 kB | 66/379 kB | 37/262 kBProgress (5): 1.8/2.7 MB | 0.7/2.2 MB | 201/205 kB | 66/379 kB | 37/262 kBProgress (5): 1.8/2.7 MB | 0.7/2.2 MB | 205/205 kB | 66/379 kB | 37/262 kBProgress (5): 1.8/2.7 MB | 0.7/2.2 MB | 205 kB | 66/379 kB | 37/262 kB    Progress (5): 1.8/2.7 MB | 0.7/2.2 MB | 205 kB | 66/379 kB | 37/262 kBProgress (5): 1.8/2.7 MB | 0.7/2.2 MB | 205 kB | 66/379 kB | 37/262 kBProgress (5): 1.8/2.7 MB | 0.7/2.2 MB | 205 kB | 66/379 kB | 37/262 kBProgress (5): 1.8/2.7 MB | 0.7/2.2 MB | 205 kB | 66/379 kB | 41/262 kBProgress (5): 1.8/2.7 MB | 0.7/2.2 MB | 205 kB | 66/379 kB | 45/262 kBProgress (5): 1.8/2.7 MB | 0.7/2.2 MB | 205 kB | 66/379 kB | 49/262 kBProgress (5): 1.8/2.7 MB | 0.7/2.2 MB | 205 kB | 66/379 kB | 53/262 kBProgress (5): 1.8/2.7 MB | 0.7/2.2 MB | 205 kB | 66/379 kB | 57/262 kBProgress (5): 1.8/2.7 MB | 0.7/2.2 MB | 205 kB | 66/379 kB | 61/262 kBProgress (5): 1.8/2.7 MB | 0.7/2.2 MB | 205 kB | 66/379 kB | 66/262 kBProgress (5): 1.8/2.7 MB | 0.7/2.2 MB | 205 kB | 66/379 kB | 70/262 kBProgress (5): 1.8/2.7 MB | 0.7/2.2 MB | 205 kB | 70/379 kB | 70/262 kBProgress (5): 1.8/2.7 MB | 0.7/2.2 MB | 205 kB | 74/379 kB | 70/262 kBProgress (5): 1.8/2.7 MB | 0.7/2.2 MB | 205 kB | 78/379 kB | 70/262 kBProgress (5): 1.8/2.7 MB | 0.7/2.2 MB | 205 kB | 82/379 kB | 70/262 kBProgress (5): 1.8/2.7 MB | 0.7/2.2 MB | 205 kB | 86/379 kB | 70/262 kBProgress (5): 1.8/2.7 MB | 0.7/2.2 MB | 205 kB | 90/379 kB | 70/262 kBProgress (5): 1.8/2.7 MB | 0.7/2.2 MB | 205 kB | 94/379 kB | 70/262 kBProgress (5): 1.8/2.7 MB | 0.7/2.2 MB | 205 kB | 98/379 kB | 70/262 kBProgress (5): 1.8/2.7 MB | 0.7/2.2 MB | 205 kB | 102/379 kB | 70/262 kBProgress (5): 1.8/2.7 MB | 0.7/2.2 MB | 205 kB | 102/379 kB | 70/262 kBProgress (5): 1.8/2.7 MB | 0.7/2.2 MB | 205 kB | 102/379 kB | 70/262 kBProgress (5): 1.8/2.7 MB | 0.7/2.2 MB | 205 kB | 102/379 kB | 70/262 kBProgress (5): 1.9/2.7 MB | 0.7/2.2 MB | 205 kB | 102/379 kB | 70/262 kBProgress (5): 1.9/2.7 MB | 0.7/2.2 MB | 205 kB | 102/379 kB | 74/262 kBProgress (5): 1.9/2.7 MB | 0.7/2.2 MB | 205 kB | 102/379 kB | 78/262 kBProgress (5): 1.9/2.7 MB | 0.7/2.2 MB | 205 kB | 102/379 kB | 82/262 kBProgress (5): 1.9/2.7 MB | 0.7/2.2 MB | 205 kB | 102/379 kB | 82/262 kBProgress (5): 1.9/2.7 MB | 0.7/2.2 MB | 205 kB | 102/379 kB | 82/262 kBProgress (5): 1.9/2.7 MB | 0.7/2.2 MB | 205 kB | 102/379 kB | 82/262 kBProgress (5): 1.9/2.7 MB | 0.8/2.2 MB | 205 kB | 102/379 kB | 82/262 kBProgress (5): 1.9/2.7 MB | 0.8/2.2 MB | 205 kB | 102/379 kB | 86/262 kBProgress (5): 1.9/2.7 MB | 0.8/2.2 MB | 205 kB | 102/379 kB | 90/262 kBProgress (5): 1.9/2.7 MB | 0.8/2.2 MB | 205 kB | 102/379 kB | 94/262 kBProgress (5): 1.9/2.7 MB | 0.8/2.2 MB | 205 kB | 102/379 kB | 98/262 kBProgress (5): 1.9/2.7 MB | 0.8/2.2 MB | 205 kB | 102/379 kB | 102/262 kBProgress (5): 1.9/2.7 MB | 0.8/2.2 MB | 205 kB | 106/379 kB | 102/262 kBProgress (5): 1.9/2.7 MB | 0.8/2.2 MB | 205 kB | 111/379 kB | 102/262 kBProgress (5): 1.9/2.7 MB | 0.8/2.2 MB | 205 kB | 115/379 kB | 102/262 kBProgress (5): 1.9/2.7 MB | 0.8/2.2 MB | 205 kB | 119/379 kB | 102/262 kBProgress (5): 1.9/2.7 MB | 0.8/2.2 MB | 205 kB | 123/379 kB | 102/262 kBProgress (5): 1.9/2.7 MB | 0.8/2.2 MB | 205 kB | 127/379 kB | 102/262 kBProgress (5): 1.9/2.7 MB | 0.8/2.2 MB | 205 kB | 131/379 kB | 102/262 kBProgress (5): 1.9/2.7 MB | 0.8/2.2 MB | 205 kB | 135/379 kB | 102/262 kBProgress (5): 1.9/2.7 MB | 0.8/2.2 MB | 205 kB | 139/379 kB | 102/262 kBProgress (5): 1.9/2.7 MB | 0.8/2.2 MB | 205 kB | 143/379 kB | 102/262 kBProgress (5): 1.9/2.7 MB | 0.8/2.2 MB | 205 kB | 147/379 kB | 102/262 kBProgress (5): 1.9/2.7 MB | 0.8/2.2 MB | 205 kB | 152/379 kB | 102/262 kBProgress (5): 1.9/2.7 MB | 0.8/2.2 MB | 205 kB | 156/379 kB | 102/262 kBProgress (5): 1.9/2.7 MB | 0.8/2.2 MB | 205 kB | 160/379 kB | 102/262 kBProgress (5): 1.9/2.7 MB | 0.8/2.2 MB | 205 kB | 164/379 kB | 102/262 kBProgress (5): 1.9/2.7 MB | 0.8/2.2 MB | 205 kB | 164/379 kB | 102/262 kB                                                                        Downloaded from central: https://repo.maven.apache.org/maven2/org/eclipse/sisu/org.eclipse.sisu.plexus/0.3.4/org.eclipse.sisu.plexus-0.3.4.jar (205 kB at 298 kB/s)
Downloading from central: https://repo.maven.apache.org/maven2/org/codehaus/plexus/plexus-classworlds/2.6.0/plexus-classworlds-2.6.0.jar
Progress (4): 1.9/2.7 MB | 0.8/2.2 MB | 164/379 kB | 106/262 kBProgress (4): 1.9/2.7 MB | 0.8/2.2 MB | 164/379 kB | 111/262 kBProgress (4): 1.9/2.7 MB | 0.8/2.2 MB | 164/379 kB | 115/262 kBProgress (5): 1.9/2.7 MB | 0.8/2.2 MB | 164/379 kB | 115/262 kB | 4.1/53 kBProgress (5): 1.9/2.7 MB | 0.8/2.2 MB | 164/379 kB | 115/262 kB | 8.2/53 kBProgress (5): 1.9/2.7 MB | 0.8/2.2 MB | 164/379 kB | 115/262 kB | 12/53 kB Progress (5): 1.9/2.7 MB | 0.8/2.2 MB | 164/379 kB | 115/262 kB | 16/53 kBProgress (5): 1.9/2.7 MB | 0.8/2.2 MB | 164/379 kB | 115/262 kB | 16/53 kBProgress (5): 1.9/2.7 MB | 0.8/2.2 MB | 164/379 kB | 115/262 kB | 16/53 kBProgress (5): 1.9/2.7 MB | 0.8/2.2 MB | 164/379 kB | 115/262 kB | 16/53 kBProgress (5): 1.9/2.7 MB | 0.8/2.2 MB | 164/379 kB | 115/262 kB | 16/53 kBProgress (5): 1.9/2.7 MB | 0.8/2.2 MB | 164/379 kB | 119/262 kB | 16/53 kBProgress (5): 1.9/2.7 MB | 0.8/2.2 MB | 164/379 kB | 123/262 kB | 16/53 kBProgress (5): 1.9/2.7 MB | 0.8/2.2 MB | 164/379 kB | 127/262 kB | 16/53 kBProgress (5): 1.9/2.7 MB | 0.8/2.2 MB | 164/379 kB | 131/262 kB | 16/53 kBProgress (5): 1.9/2.7 MB | 0.8/2.2 MB | 164/379 kB | 135/262 kB | 16/53 kBProgress (5): 1.9/2.7 MB | 0.8/2.2 MB | 164/379 kB | 139/262 kB | 16/53 kBProgress (5): 1.9/2.7 MB | 0.8/2.2 MB | 164/379 kB | 143/262 kB | 16/53 kBProgress (5): 1.9/2.7 MB | 0.8/2.2 MB | 164/379 kB | 147/262 kB | 16/53 kBProgress (5): 1.9/2.7 MB | 0.8/2.2 MB | 164/379 kB | 152/262 kB | 16/53 kBProgress (5): 1.9/2.7 MB | 0.8/2.2 MB | 168/379 kB | 152/262 kB | 16/53 kBProgress (5): 1.9/2.7 MB | 0.8/2.2 MB | 172/379 kB | 152/262 kB | 16/53 kBProgress (5): 1.9/2.7 MB | 0.8/2.2 MB | 176/379 kB | 152/262 kB | 16/53 kBProgress (5): 1.9/2.7 MB | 0.8/2.2 MB | 180/379 kB | 152/262 kB | 16/53 kBProgress (5): 1.9/2.7 MB | 0.8/2.2 MB | 184/379 kB | 152/262 kB | 16/53 kBProgress (5): 1.9/2.7 MB | 0.8/2.2 MB | 184/379 kB | 152/262 kB | 20/53 kBProgress (5): 1.9/2.7 MB | 0.8/2.2 MB | 184/379 kB | 152/262 kB | 24/53 kBProgress (5): 1.9/2.7 MB | 0.8/2.2 MB | 184/379 kB | 152/262 kB | 28/53 kBProgress (5): 1.9/2.7 MB | 0.8/2.2 MB | 184/379 kB | 152/262 kB | 32/53 kBProgress (5): 1.9/2.7 MB | 0.8/2.2 MB | 184/379 kB | 152/262 kB | 32/53 kBProgress (5): 1.9/2.7 MB | 0.8/2.2 MB | 184/379 kB | 152/262 kB | 32/53 kBProgress (5): 1.9/2.7 MB | 0.8/2.2 MB | 184/379 kB | 152/262 kB | 32/53 kBProgress (5): 1.9/2.7 MB | 0.8/2.2 MB | 184/379 kB | 152/262 kB | 32/53 kBProgress (5): 1.9/2.7 MB | 0.8/2.2 MB | 188/379 kB | 152/262 kB | 32/53 kBProgress (5): 1.9/2.7 MB | 0.8/2.2 MB | 193/379 kB | 152/262 kB | 32/53 kBProgress (5): 1.9/2.7 MB | 0.8/2.2 MB | 197/379 kB | 152/262 kB | 32/53 kBProgress (5): 1.9/2.7 MB | 0.8/2.2 MB | 201/379 kB | 152/262 kB | 32/53 kBProgress (5): 1.9/2.7 MB | 0.8/2.2 MB | 201/379 kB | 152/262 kB | 36/53 kBProgress (5): 1.9/2.7 MB | 0.8/2.2 MB | 201/379 kB | 152/262 kB | 40/53 kBProgress (5): 1.9/2.7 MB | 0.8/2.2 MB | 201/379 kB | 152/262 kB | 45/53 kBProgress (5): 1.9/2.7 MB | 0.8/2.2 MB | 201/379 kB | 152/262 kB | 49/53 kBProgress (5): 1.9/2.7 MB | 0.8/2.2 MB | 201/379 kB | 152/262 kB | 53/53 kBProgress (5): 1.9/2.7 MB | 0.8/2.2 MB | 201/379 kB | 152/262 kB | 53 kB   Progress (5): 1.9/2.7 MB | 0.8/2.2 MB | 201/379 kB | 156/262 kB | 53 kBProgress (5): 1.9/2.7 MB | 0.8/2.2 MB | 201/379 kB | 160/262 kB | 53 kBProgress (5): 1.9/2.7 MB | 0.8/2.2 MB | 201/379 kB | 164/262 kB | 53 kBProgress (5): 1.9/2.7 MB | 0.8/2.2 MB | 201/379 kB | 168/262 kB | 53 kBProgress (5): 1.9/2.7 MB | 0.8/2.2 MB | 201/379 kB | 172/262 kB | 53 kBProgress (5): 1.9/2.7 MB | 0.8/2.2 MB | 201/379 kB | 172/262 kB | 53 kBProgress (5): 2.0/2.7 MB | 0.8/2.2 MB | 201/379 kB | 172/262 kB | 53 kBProgress (5): 2.0/2.7 MB | 0.8/2.2 MB | 201/379 kB | 172/262 kB | 53 kBProgress (5): 2.0/2.7 MB | 0.8/2.2 MB | 201/379 kB | 172/262 kB | 53 kBProgress (5): 2.0/2.7 MB | 0.8/2.2 MB | 205/379 kB | 172/262 kB | 53 kBProgress (5): 2.0/2.7 MB | 0.8/2.2 MB | 209/379 kB | 172/262 kB | 53 kBProgress (5): 2.0/2.7 MB | 0.8/2.2 MB | 213/379 kB | 172/262 kB | 53 kBProgress (5): 2.0/2.7 MB | 0.8/2.2 MB | 217/379 kB | 172/262 kB | 53 kBProgress (5): 2.0/2.7 MB | 0.8/2.2 MB | 221/379 kB | 172/262 kB | 53 kBProgress (5): 2.0/2.7 MB | 0.8/2.2 MB | 225/379 kB | 172/262 kB | 53 kBProgress (5): 2.0/2.7 MB | 0.8/2.2 MB | 229/379 kB | 172/262 kB | 53 kBProgress (5): 2.0/2.7 MB | 0.8/2.2 MB | 233/379 kB | 172/262 kB | 53 kBProgress (5): 2.0/2.7 MB | 0.8/2.2 MB | 233/379 kB | 176/262 kB | 53 kBProgress (5): 2.0/2.7 MB | 0.8/2.2 MB | 233/379 kB | 180/262 kB | 53 kBProgress (5): 2.0/2.7 MB | 0.8/2.2 MB | 233/379 kB | 184/262 kB | 53 kBProgress (5): 2.0/2.7 MB | 0.8/2.2 MB | 233/379 kB | 188/262 kB | 53 kBProgress (5): 2.0/2.7 MB | 0.8/2.2 MB | 233/379 kB | 193/262 kB | 53 kBProgress (5): 2.0/2.7 MB | 0.8/2.2 MB | 233/379 kB | 197/262 kB | 53 kBProgress (5): 2.0/2.7 MB | 0.8/2.2 MB | 233/379 kB | 201/262 kB | 53 kB                                                                       Downloaded from central: https://repo.maven.apache.org/maven2/org/codehaus/plexus/plexus-classworlds/2.6.0/plexus-classworlds-2.6.0.jar (53 kB at 73 kB/s)
Progress (4): 2.0/2.7 MB | 0.8/2.2 MB | 238/379 kB | 201/262 kBProgress (4): 2.0/2.7 MB | 0.8/2.2 MB | 242/379 kB | 201/262 kBProgress (4): 2.0/2.7 MB | 0.8/2.2 MB | 246/379 kB | 201/262 kBProgress (4): 2.0/2.7 MB | 0.8/2.2 MB | 246/379 kB | 201/262 kBProgress (4): 2.0/2.7 MB | 0.8/2.2 MB | 246/379 kB | 201/262 kBProgress (4): 2.0/2.7 MB | 0.9/2.2 MB | 246/379 kB | 201/262 kBProgress (4): 2.0/2.7 MB | 0.9/2.2 MB | 246/379 kB | 201/262 kBProgress (4): 2.0/2.7 MB | 0.9/2.2 MB | 246/379 kB | 201/262 kBProgress (4): 2.0/2.7 MB | 0.9/2.2 MB | 246/379 kB | 201/262 kBProgress (4): 2.0/2.7 MB | 0.9/2.2 MB | 246/379 kB | 205/262 kBProgress (4): 2.0/2.7 MB | 0.9/2.2 MB | 246/379 kB | 209/262 kBProgress (4): 2.0/2.7 MB | 0.9/2.2 MB | 246/379 kB | 213/262 kBProgress (4): 2.0/2.7 MB | 0.9/2.2 MB | 246/379 kB | 217/262 kBProgress (4): 2.0/2.7 MB | 0.9/2.2 MB | 246/379 kB | 221/262 kBProgress (4): 2.0/2.7 MB | 0.9/2.2 MB | 246/379 kB | 225/262 kBProgress (4): 2.0/2.7 MB | 0.9/2.2 MB | 250/379 kB | 225/262 kBProgress (4): 2.0/2.7 MB | 0.9/2.2 MB | 254/379 kB | 225/262 kBProgress (4): 2.0/2.7 MB | 0.9/2.2 MB | 258/379 kB | 225/262 kBProgress (4): 2.0/2.7 MB | 0.9/2.2 MB | 262/379 kB | 225/262 kBProgress (4): 2.0/2.7 MB | 0.9/2.2 MB | 266/379 kB | 225/262 kBProgress (4): 2.0/2.7 MB | 0.9/2.2 MB | 270/379 kB | 225/262 kBProgress (4): 2.0/2.7 MB | 0.9/2.2 MB | 274/379 kB | 225/262 kBProgress (4): 2.0/2.7 MB | 0.9/2.2 MB | 279/379 kB | 225/262 kBProgress (4): 2.0/2.7 MB | 0.9/2.2 MB | 283/379 kB | 225/262 kBProgress (4): 2.0/2.7 MB | 0.9/2.2 MB | 287/379 kB | 225/262 kBProgress (4): 2.0/2.7 MB | 0.9/2.2 MB | 291/379 kB | 225/262 kBProgress (4): 2.0/2.7 MB | 0.9/2.2 MB | 291/379 kB | 225/262 kBProgress (4): 2.1/2.7 MB | 0.9/2.2 MB | 291/379 kB | 225/262 kBProgress (4): 2.1/2.7 MB | 0.9/2.2 MB | 291/379 kB | 225/262 kBProgress (4): 2.1/2.7 MB | 0.9/2.2 MB | 291/379 kB | 225/262 kBProgress (4): 2.1/2.7 MB | 0.9/2.2 MB | 291/379 kB | 225/262 kBProgress (4): 2.1/2.7 MB | 0.9/2.2 MB | 291/379 kB | 229/262 kBProgress (4): 2.1/2.7 MB | 0.9/2.2 MB | 291/379 kB | 233/262 kBProgress (4): 2.1/2.7 MB | 0.9/2.2 MB | 291/379 kB | 238/262 kBProgress (4): 2.1/2.7 MB | 0.9/2.2 MB | 291/379 kB | 242/262 kBProgress (4): 2.1/2.7 MB | 0.9/2.2 MB | 291/379 kB | 246/262 kBProgress (4): 2.1/2.7 MB | 0.9/2.2 MB | 291/379 kB | 250/262 kBProgress (4): 2.1/2.7 MB | 0.9/2.2 MB | 291/379 kB | 254/262 kBProgress (4): 2.1/2.7 MB | 0.9/2.2 MB | 291/379 kB | 258/262 kBProgress (4): 2.1/2.7 MB | 0.9/2.2 MB | 291/379 kB | 262 kB    Progress (4): 2.1/2.7 MB | 0.9/2.2 MB | 295/379 kB | 262 kBProgress (4): 2.1/2.7 MB | 0.9/2.2 MB | 299/379 kB | 262 kBProgress (4): 2.1/2.7 MB | 0.9/2.2 MB | 303/379 kB | 262 kBProgress (4): 2.1/2.7 MB | 0.9/2.2 MB | 307/379 kB | 262 kBProgress (4): 2.1/2.7 MB | 0.9/2.2 MB | 311/379 kB | 262 kBProgress (4): 2.1/2.7 MB | 0.9/2.2 MB | 315/379 kB | 262 kBProgress (4): 2.1/2.7 MB | 0.9/2.2 MB | 319/379 kB | 262 kBProgress (4): 2.1/2.7 MB | 0.9/2.2 MB | 324/379 kB | 262 kBProgress (4): 2.1/2.7 MB | 0.9/2.2 MB | 328/379 kB | 262 kBProgress (4): 2.1/2.7 MB | 1.0/2.2 MB | 328/379 kB | 262 kBProgress (4): 2.1/2.7 MB | 1.0/2.2 MB | 328/379 kB | 262 kBProgress (4): 2.1/2.7 MB | 1.0/2.2 MB | 328/379 kB | 262 kBProgress (4): 2.1/2.7 MB | 1.0/2.2 MB | 328/379 kB | 262 kBProgress (4): 2.1/2.7 MB | 1.0/2.2 MB | 328/379 kB | 262 kBProgress (4): 2.1/2.7 MB | 1.0/2.2 MB | 328/379 kB | 262 kBProgress (4): 2.1/2.7 MB | 1.0/2.2 MB | 332/379 kB | 262 kBProgress (4): 2.1/2.7 MB | 1.0/2.2 MB | 336/379 kB | 262 kBProgress (4): 2.1/2.7 MB | 1.0/2.2 MB | 340/379 kB | 262 kBProgress (4): 2.1/2.7 MB | 1.0/2.2 MB | 344/379 kB | 262 kBProgress (4): 2.1/2.7 MB | 1.0/2.2 MB | 348/379 kB | 262 kBProgress (4): 2.1/2.7 MB | 1.0/2.2 MB | 352/379 kB | 262 kBProgress (4): 2.1/2.7 MB | 1.0/2.2 MB | 356/379 kB | 262 kB                                                           Downloaded from central: https://repo.maven.apache.org/maven2/org/codehaus/plexus/plexus-utils/3.2.1/plexus-utils-3.2.1.jar (262 kB at 346 kB/s)
Progress (3): 2.1/2.7 MB | 1.0/2.2 MB | 356/379 kBProgress (3): 2.2/2.7 MB | 1.0/2.2 MB | 356/379 kBProgress (3): 2.2/2.7 MB | 1.0/2.2 MB | 356/379 kBProgress (3): 2.2/2.7 MB | 1.0/2.2 MB | 356/379 kBProgress (3): 2.2/2.7 MB | 1.0/2.2 MB | 356/379 kBProgress (3): 2.2/2.7 MB | 1.0/2.2 MB | 356/379 kBProgress (3): 2.2/2.7 MB | 1.1/2.2 MB | 356/379 kBProgress (3): 2.2/2.7 MB | 1.1/2.2 MB | 360/379 kBProgress (3): 2.2/2.7 MB | 1.1/2.2 MB | 365/379 kBProgress (3): 2.2/2.7 MB | 1.1/2.2 MB | 369/379 kBProgress (3): 2.2/2.7 MB | 1.1/2.2 MB | 373/379 kBProgress (3): 2.2/2.7 MB | 1.1/2.2 MB | 377/379 kBProgress (3): 2.2/2.7 MB | 1.1/2.2 MB | 379 kB    Progress (3): 2.2/2.7 MB | 1.1/2.2 MB | 379 kBProgress (3): 2.2/2.7 MB | 1.1/2.2 MB | 379 kBProgress (3): 2.2/2.7 MB | 1.1/2.2 MB | 379 kBProgress (3): 2.2/2.7 MB | 1.1/2.2 MB | 379 kBProgress (3): 2.2/2.7 MB | 1.1/2.2 MB | 379 kBProgress (3): 2.2/2.7 MB | 1.1/2.2 MB | 379 kBProgress (3): 2.2/2.7 MB | 1.1/2.2 MB | 379 kB                                              Downloaded from central: https://repo.maven.apache.org/maven2/org/eclipse/sisu/org.eclipse.sisu.inject/0.3.4/org.eclipse.sisu.inject-0.3.4.jar (379 kB at 490 kB/s)
Progress (2): 2.3/2.7 MB | 1.1/2.2 MBProgress (2): 2.3/2.7 MB | 1.1/2.2 MBProgress (2): 2.3/2.7 MB | 1.1/2.2 MBProgress (2): 2.3/2.7 MB | 1.2/2.2 MBProgress (2): 2.3/2.7 MB | 1.2/2.2 MBProgress (2): 2.3/2.7 MB | 1.2/2.2 MBProgress (2): 2.3/2.7 MB | 1.2/2.2 MBProgress (2): 2.3/2.7 MB | 1.2/2.2 MBProgress (2): 2.3/2.7 MB | 1.2/2.2 MBProgress (2): 2.3/2.7 MB | 1.2/2.2 MBProgress (2): 2.4/2.7 MB | 1.2/2.2 MBProgress (2): 2.4/2.7 MB | 1.2/2.2 MBProgress (2): 2.4/2.7 MB | 1.2/2.2 MBProgress (2): 2.4/2.7 MB | 1.2/2.2 MBProgress (2): 2.4/2.7 MB | 1.2/2.2 MBProgress (2): 2.4/2.7 MB | 1.3/2.2 MBProgress (2): 2.4/2.7 MB | 1.3/2.2 MBProgress (2): 2.4/2.7 MB | 1.3/2.2 MBProgress (2): 2.4/2.7 MB | 1.3/2.2 MBProgress (2): 2.4/2.7 MB | 1.3/2.2 MBProgress (2): 2.4/2.7 MB | 1.3/2.2 MBProgress (2): 2.4/2.7 MB | 1.3/2.2 MBProgress (2): 2.5/2.7 MB | 1.3/2.2 MBProgress (2): 2.5/2.7 MB | 1.3/2.2 MBProgress (2): 2.5/2.7 MB | 1.3/2.2 MBProgress (2): 2.5/2.7 MB | 1.3/2.2 MBProgress (2): 2.5/2.7 MB | 1.3/2.2 MBProgress (2): 2.5/2.7 MB | 1.3/2.2 MBProgress (2): 2.5/2.7 MB | 1.4/2.2 MBProgress (2): 2.5/2.7 MB | 1.4/2.2 MBProgress (2): 2.5/2.7 MB | 1.4/2.2 MBProgress (2): 2.5/2.7 MB | 1.4/2.2 MBProgress (2): 2.5/2.7 MB | 1.4/2.2 MBProgress (2): 2.5/2.7 MB | 1.4/2.2 MBProgress (2): 2.5/2.7 MB | 1.4/2.2 MBProgress (2): 2.5/2.7 MB | 1.4/2.2 MBProgress (2): 2.5/2.7 MB | 1.4/2.2 MBProgress (2): 2.5/2.7 MB | 1.4/2.2 MBProgress (2): 2.5/2.7 MB | 1.4/2.2 MBProgress (2): 2.5/2.7 MB | 1.4/2.2 MBProgress (2): 2.5/2.7 MB | 1.5/2.2 MBProgress (2): 2.6/2.7 MB | 1.5/2.2 MBProgress (2): 2.6/2.7 MB | 1.5/2.2 MBProgress (2): 2.6/2.7 MB | 1.5/2.2 MBProgress (2): 2.6/2.7 MB | 1.5/2.2 MBProgress (2): 2.6/2.7 MB | 1.5/2.2 MBProgress (2): 2.6/2.7 MB | 1.5/2.2 MBProgress (2): 2.6/2.7 MB | 1.5/2.2 MBProgress (2): 2.6/2.7 MB | 1.5/2.2 MBProgress (2): 2.6/2.7 MB | 1.5/2.2 MBProgress (2): 2.6/2.7 MB | 1.5/2.2 MBProgress (2): 2.6/2.7 MB | 1.5/2.2 MBProgress (2): 2.6/2.7 MB | 1.6/2.2 MBProgress (2): 2.6/2.7 MB | 1.6/2.2 MBProgress (2): 2.7/2.7 MB | 1.6/2.2 MBProgress (2): 2.7/2.7 MB | 1.6/2.2 MBProgress (2): 2.7 MB | 1.6/2.2 MB    Progress (2): 2.7 MB | 1.6/2.2 MB                                 Downloaded from central: https://repo.maven.apache.org/maven2/net/java/dev/jna/jna-platform/5.5.0/jna-platform-5.5.0.jar (2.7 MB at 3.2 MB/s)
Progress (1): 1.6/2.2 MBProgress (1): 1.6/2.2 MBProgress (1): 1.6/2.2 MBProgress (1): 1.7/2.2 MBProgress (1): 1.7/2.2 MBProgress (1): 1.7/2.2 MBProgress (1): 1.7/2.2 MBProgress (1): 1.7/2.2 MBProgress (1): 1.7/2.2 MBProgress (1): 1.8/2.2 MBProgress (1): 1.8/2.2 MBProgress (1): 1.8/2.2 MBProgress (1): 1.8/2.2 MBProgress (1): 1.8/2.2 MBProgress (1): 1.8/2.2 MBProgress (1): 1.9/2.2 MBProgress (1): 1.9/2.2 MBProgress (1): 1.9/2.2 MBProgress (1): 1.9/2.2 MBProgress (1): 1.9/2.2 MBProgress (1): 1.9/2.2 MBProgress (1): 2.0/2.2 MBProgress (1): 2.0/2.2 MBProgress (1): 2.0/2.2 MBProgress (1): 2.0/2.2 MBProgress (1): 2.0/2.2 MBProgress (1): 2.0/2.2 MBProgress (1): 2.1/2.2 MBProgress (1): 2.1/2.2 MBProgress (1): 2.1/2.2 MBProgress (1): 2.1/2.2 MBProgress (1): 2.1/2.2 MBProgress (1): 2.1/2.2 MBProgress (1): 2.1/2.2 MBProgress (1): 2.2/2.2 MBProgress (1): 2.2/2.2 MBProgress (1): 2.2/2.2 MBProgress (1): 2.2/2.2 MBProgress (1): 2.2 MB                        Downloaded from central: https://repo.maven.apache.org/maven2/com/google/guava/guava/16.0.1/guava-16.0.1.jar (2.2 MB at 2.5 MB/s)
[INFO] Replacing main artifact with repackaged archive
[INFO] ------------------------------------------------------------------------
[INFO] BUILD SUCCESS
[INFO] ------------------------------------------------------------------------
[INFO] Total time:  47.273 s
[INFO] Finished at: 2022-11-21T04:57:26Z
[INFO] ------------------------------------------------------------------------
Finished: SUCCESS
